{"D:\\progects\\startups\\sorokchat\\cryptography\\src\\browser\\delivering\\ecdh.service.ts": {"path":"D:\\progects\\startups\\sorokchat\\cryptography\\src\\browser\\delivering\\ecdh.service.ts","statementMap":{"0":{"start":{"line":8,"column":13},"end":{"line":8,"column":null}},"1":{"start":{"line":1,"column":25},"end":{"line":1,"column":null}},"2":{"start":{"line":9,"column":34},"end":{"line":9,"column":41}},"3":{"start":{"line":11,"column":31},"end":{"line":11,"column":55}},"4":{"start":{"line":14,"column":15},"end":{"line":14,"column":null}},"5":{"start":{"line":16,"column":4},"end":{"line":24,"column":null}},"6":{"start":{"line":17,"column":19},"end":{"line":17,"column":null}},"7":{"start":{"line":18,"column":24},"end":{"line":18,"column":null}},"8":{"start":{"line":19,"column":25},"end":{"line":19,"column":null}},"9":{"start":{"line":20,"column":25},"end":{"line":20,"column":null}},"10":{"start":{"line":21,"column":6},"end":{"line":21,"column":null}},"11":{"start":{"line":23,"column":6},"end":{"line":23,"column":null}},"12":{"start":{"line":25,"column":4},"end":{"line":28,"column":null}},"13":{"start":{"line":35,"column":4},"end":{"line":37,"column":null}},"14":{"start":{"line":36,"column":6},"end":{"line":36,"column":null}},"15":{"start":{"line":38,"column":4},"end":{"line":40,"column":null}},"16":{"start":{"line":39,"column":6},"end":{"line":39,"column":null}},"17":{"start":{"line":41,"column":15},"end":{"line":41,"column":null}},"18":{"start":{"line":42,"column":20},"end":{"line":42,"column":null}},"19":{"start":{"line":43,"column":21},"end":{"line":43,"column":null}},"20":{"start":{"line":44,"column":19},"end":{"line":44,"column":null}},"21":{"start":{"line":45,"column":4},"end":{"line":45,"column":null}}},"fnMap":{"0":{"name":"(anonymous_1)","decl":{"start":{"line":11,"column":2},"end":{"line":11,"column":14}},"loc":{"start":{"line":11,"column":57},"end":{"line":11,"column":null}}},"1":{"name":"(anonymous_2)","decl":{"start":{"line":13,"column":2},"end":{"line":13,"column":15}},"loc":{"start":{"line":13,"column":68},"end":{"line":29,"column":null}}},"2":{"name":"(anonymous_3)","decl":{"start":{"line":31,"column":2},"end":{"line":31,"column":15}},"loc":{"start":{"line":34,"column":21},"end":{"line":46,"column":null}}}},"branchMap":{"0":{"loc":{"start":{"line":16,"column":4},"end":{"line":24,"column":null}},"type":"if","locations":[{"start":{"line":16,"column":4},"end":{"line":24,"column":null}},{"start":{"line":22,"column":11},"end":{"line":24,"column":null}}]},"1":{"loc":{"start":{"line":35,"column":4},"end":{"line":37,"column":null}},"type":"if","locations":[{"start":{"line":35,"column":4},"end":{"line":37,"column":null}},{"start":{},"end":{}}]},"2":{"loc":{"start":{"line":38,"column":4},"end":{"line":40,"column":null}},"type":"if","locations":[{"start":{"line":38,"column":4},"end":{"line":40,"column":null}},{"start":{},"end":{}}]}},"s":{"0":16,"1":1,"2":1,"3":16,"4":19,"5":19,"6":9,"7":9,"8":9,"9":9,"10":9,"11":10,"12":19,"13":9,"14":2,"15":7,"16":1,"17":6,"18":6,"19":6,"20":6,"21":6},"f":{"0":16,"1":19,"2":9},"b":{"0":[9,10],"1":[2,7],"2":[1,6]}}
,"D:\\progects\\startups\\sorokchat\\cryptography\\src\\browser\\encryption\\symmetric\\aes.service.ts": {"path":"D:\\progects\\startups\\sorokchat\\cryptography\\src\\browser\\encryption\\symmetric\\aes.service.ts","statementMap":{"0":{"start":{"line":3,"column":13},"end":{"line":3,"column":null}},"1":{"start":{"line":4,"column":39},"end":{"line":4,"column":46}},"2":{"start":{"line":5,"column":33},"end":{"line":5,"column":43}},"3":{"start":{"line":6,"column":39},"end":{"line":6,"column":42}},"4":{"start":{"line":7,"column":46},"end":{"line":7,"column":56}},"5":{"start":{"line":14,"column":22},"end":{"line":14,"column":null}},"6":{"start":{"line":15,"column":21},"end":{"line":15,"column":null}},"7":{"start":{"line":16,"column":22},"end":{"line":21,"column":null}},"8":{"start":{"line":23,"column":20},"end":{"line":23,"column":null}},"9":{"start":{"line":24,"column":17},"end":{"line":24,"column":null}},"10":{"start":{"line":25,"column":22},"end":{"line":28,"column":null}},"11":{"start":{"line":30,"column":4},"end":{"line":30,"column":null}},"12":{"start":{"line":38,"column":23},"end":{"line":38,"column":null}},"13":{"start":{"line":39,"column":21},"end":{"line":39,"column":null}},"14":{"start":{"line":40,"column":17},"end":{"line":40,"column":null}},"15":{"start":{"line":41,"column":22},"end":{"line":41,"column":null}},"16":{"start":{"line":42,"column":22},"end":{"line":47,"column":null}},"17":{"start":{"line":49,"column":22},"end":{"line":52,"column":null}},"18":{"start":{"line":55,"column":20},"end":{"line":55,"column":null}},"19":{"start":{"line":56,"column":4},"end":{"line":56,"column":null}},"20":{"start":{"line":63,"column":20},"end":{"line":63,"column":null}},"21":{"start":{"line":64,"column":27},"end":{"line":64,"column":null}},"22":{"start":{"line":66,"column":22},"end":{"line":71,"column":null}},"23":{"start":{"line":74,"column":24},"end":{"line":82,"column":null}},"24":{"start":{"line":84,"column":4},"end":{"line":84,"column":null}},"25":{"start":{"line":88,"column":4},"end":{"line":90,"column":null}},"26":{"start":{"line":89,"column":18},"end":{"line":89,"column":null}},"27":{"start":{"line":94,"column":20},"end":{"line":94,"column":null}},"28":{"start":{"line":95,"column":18},"end":{"line":95,"column":null}},"29":{"start":{"line":96,"column":4},"end":{"line":98,"column":null}},"30":{"start":{"line":96,"column":17},"end":{"line":96,"column":20}},"31":{"start":{"line":97,"column":6},"end":{"line":97,"column":null}},"32":{"start":{"line":99,"column":4},"end":{"line":99,"column":null}}},"fnMap":{"0":{"name":"(anonymous_1)","decl":{"start":{"line":9,"column":2},"end":{"line":9,"column":15}},"loc":{"start":{"line":13,"column":21},"end":{"line":31,"column":null}}},"1":{"name":"(anonymous_2)","decl":{"start":{"line":33,"column":2},"end":{"line":33,"column":15}},"loc":{"start":{"line":37,"column":21},"end":{"line":57,"column":null}}},"2":{"name":"(anonymous_3)","decl":{"start":{"line":59,"column":2},"end":{"line":59,"column":16}},"loc":{"start":{"line":62,"column":25},"end":{"line":85,"column":null}}},"3":{"name":"(anonymous_4)","decl":{"start":{"line":87,"column":10},"end":{"line":87,"column":22}},"loc":{"start":{"line":87,"column":50},"end":{"line":91,"column":null}}},"4":{"name":"(anonymous_5)","decl":{"start":{"line":89,"column":11},"end":{"line":89,"column":12}},"loc":{"start":{"line":89,"column":18},"end":{"line":89,"column":null}}},"5":{"name":"(anonymous_6)","decl":{"start":{"line":93,"column":10},"end":{"line":93,"column":22}},"loc":{"start":{"line":93,"column":47},"end":{"line":100,"column":null}}}},"branchMap":{},"s":{"0":3,"1":1,"2":1,"3":1,"4":1,"5":2,"6":1,"7":1,"8":1,"9":1,"10":1,"11":1,"12":1,"13":1,"14":1,"15":1,"16":1,"17":1,"18":1,"19":1,"20":3,"21":3,"22":3,"23":3,"24":2,"25":1,"26":16,"27":6,"28":6,"29":6,"30":6,"31":58,"32":6},"f":{"0":2,"1":1,"2":3,"3":1,"4":16,"5":6},"b":{}}
,"D:\\progects\\startups\\sorokchat\\cryptography\\src\\browser\\hashing\\index.ts": {"path":"D:\\progects\\startups\\sorokchat\\cryptography\\src\\browser\\hashing\\index.ts","statementMap":{"0":{"start":{"line":1,"column":9},"end":{"line":1,"column":30}},"1":{"start":{"line":1,"column":30},"end":{"line":1,"column":null}}},"fnMap":{},"branchMap":{},"s":{"0":16,"1":1},"f":{},"b":{}}
,"D:\\progects\\startups\\sorokchat\\cryptography\\src\\browser\\hashing\\sha256.service.ts": {"path":"D:\\progects\\startups\\sorokchat\\cryptography\\src\\browser\\hashing\\sha256.service.ts","statementMap":{"0":{"start":{"line":3,"column":13},"end":{"line":3,"column":null}},"1":{"start":{"line":5,"column":20},"end":{"line":5,"column":null}},"2":{"start":{"line":6,"column":17},"end":{"line":6,"column":null}},"3":{"start":{"line":7,"column":23},"end":{"line":7,"column":null}},"4":{"start":{"line":8,"column":22},"end":{"line":8,"column":null}},"5":{"start":{"line":9,"column":4},"end":{"line":11,"column":null}},"6":{"start":{"line":10,"column":18},"end":{"line":10,"column":null}}},"fnMap":{"0":{"name":"(anonymous_1)","decl":{"start":{"line":4,"column":2},"end":{"line":4,"column":15}},"loc":{"start":{"line":4,"column":56},"end":{"line":12,"column":null}}},"1":{"name":"(anonymous_2)","decl":{"start":{"line":10,"column":11},"end":{"line":10,"column":12}},"loc":{"start":{"line":10,"column":18},"end":{"line":10,"column":null}}}},"branchMap":{},"s":{"0":17,"1":10,"2":10,"3":10,"4":10,"5":10,"6":320},"f":{"0":10,"1":320},"b":{}}
,"D:\\progects\\startups\\sorokchat\\cryptography\\src\\browser\\keys\\derivation\\hkdf.service.ts": {"path":"D:\\progects\\startups\\sorokchat\\cryptography\\src\\browser\\keys\\derivation\\hkdf.service.ts","statementMap":{"0":{"start":{"line":6,"column":13},"end":{"line":6,"column":null}},"1":{"start":{"line":7,"column":41},"end":{"line":7,"column":51}},"2":{"start":{"line":10,"column":68},"end":{"line":10,"column":null}},"3":{"start":{"line":11,"column":4},"end":{"line":11,"column":null}},"4":{"start":{"line":11,"column":22},"end":{"line":11,"column":null}},"5":{"start":{"line":12,"column":20},"end":{"line":12,"column":null}},"6":{"start":{"line":13,"column":23},"end":{"line":13,"column":null}},"7":{"start":{"line":14,"column":21},"end":{"line":14,"column":null}},"8":{"start":{"line":15,"column":21},"end":{"line":15,"column":null}},"9":{"start":{"line":16,"column":44},"end":{"line":20,"column":null}},"10":{"start":{"line":21,"column":20},"end":{"line":21,"column":null}},"11":{"start":{"line":22,"column":16},"end":{"line":27,"column":null}},"12":{"start":{"line":29,"column":17},"end":{"line":37,"column":null}},"13":{"start":{"line":40,"column":18},"end":{"line":40,"column":null}},"14":{"start":{"line":41,"column":4},"end":{"line":43,"column":null}},"15":{"start":{"line":42,"column":18},"end":{"line":42,"column":null}}},"fnMap":{"0":{"name":"(anonymous_1)","decl":{"start":{"line":9,"column":2},"end":{"line":9,"column":15}},"loc":{"start":{"line":9,"column":79},"end":{"line":44,"column":null}}},"1":{"name":"(anonymous_2)","decl":{"start":{"line":42,"column":11},"end":{"line":42,"column":12}},"loc":{"start":{"line":42,"column":18},"end":{"line":42,"column":null}}}},"branchMap":{"0":{"loc":{"start":{"line":10,"column":40},"end":{"line":10,"column":63}},"type":"default-arg","locations":[{"start":{"line":10,"column":47},"end":{"line":10,"column":63}}]},"1":{"loc":{"start":{"line":11,"column":4},"end":{"line":11,"column":null}},"type":"if","locations":[{"start":{"line":11,"column":4},"end":{"line":11,"column":null}},{"start":{},"end":{}}]},"2":{"loc":{"start":{"line":14,"column":21},"end":{"line":14,"column":null}},"type":"cond-expr","locations":[{"start":{"line":14,"column":28},"end":{"line":14,"column":51}},{"start":{"line":14,"column":51},"end":{"line":14,"column":null}}]},"3":{"loc":{"start":{"line":15,"column":21},"end":{"line":15,"column":null}},"type":"cond-expr","locations":[{"start":{"line":15,"column":28},"end":{"line":15,"column":51}},{"start":{"line":15,"column":51},"end":{"line":15,"column":null}}]},"4":{"loc":{"start":{"line":21,"column":20},"end":{"line":21,"column":null}},"type":"binary-expr","locations":[{"start":{"line":21,"column":20},"end":{"line":21,"column":47}},{"start":{"line":21,"column":51},"end":{"line":21,"column":null}}]}},"s":{"0":8,"1":8,"2":12,"3":12,"4":1,"5":11,"6":11,"7":11,"8":11,"9":11,"10":11,"11":11,"12":11,"13":11,"14":11,"15":336},"f":{"0":12,"1":336},"b":{"0":[12],"1":[1,11],"2":[10,1],"3":[10,1],"4":[11,11]}}
,"D:\\progects\\startups\\sorokchat\\cryptography\\src\\browser\\keys\\generation\\symmetric\\aes-key-generation.service.ts": {"path":"D:\\progects\\startups\\sorokchat\\cryptography\\src\\browser\\keys\\generation\\symmetric\\aes-key-generation.service.ts","statementMap":{"0":{"start":{"line":3,"column":13},"end":{"line":3,"column":null}},"1":{"start":{"line":4,"column":31},"end":{"line":4,"column":49}},"2":{"start":{"line":7,"column":18},"end":{"line":7,"column":null}},"3":{"start":{"line":8,"column":4},"end":{"line":8,"column":null}},"4":{"start":{"line":9,"column":4},"end":{"line":11,"column":null}},"5":{"start":{"line":10,"column":23},"end":{"line":10,"column":null}}},"fnMap":{"0":{"name":"(anonymous_1)","decl":{"start":{"line":4,"column":2},"end":{"line":4,"column":14}},"loc":{"start":{"line":4,"column":51},"end":{"line":4,"column":null}}},"1":{"name":"(anonymous_2)","decl":{"start":{"line":6,"column":2},"end":{"line":6,"column":15}},"loc":{"start":{"line":6,"column":59},"end":{"line":12,"column":null}}},"2":{"name":"(anonymous_3)","decl":{"start":{"line":10,"column":11},"end":{"line":10,"column":12}},"loc":{"start":{"line":10,"column":23},"end":{"line":10,"column":null}}}},"branchMap":{},"s":{"0":1,"1":1,"2":1,"3":1,"4":1,"5":32},"f":{"0":1,"1":1,"2":32},"b":{}}
,"D:\\progects\\startups\\sorokchat\\cryptography\\src\\browser\\signing\\hmac.service.ts": {"path":"D:\\progects\\startups\\sorokchat\\cryptography\\src\\browser\\signing\\hmac.service.ts","statementMap":{"0":{"start":{"line":3,"column":13},"end":{"line":3,"column":null}},"1":{"start":{"line":7,"column":44},"end":{"line":14,"column":null}},"2":{"start":{"line":15,"column":4},"end":{"line":15,"column":null}},"3":{"start":{"line":19,"column":20},"end":{"line":19,"column":null}},"4":{"start":{"line":20,"column":20},"end":{"line":20,"column":null}},"5":{"start":{"line":21,"column":4},"end":{"line":26,"column":null}},"6":{"start":{"line":31,"column":22},"end":{"line":31,"column":null}},"7":{"start":{"line":32,"column":20},"end":{"line":32,"column":null}},"8":{"start":{"line":33,"column":17},"end":{"line":33,"column":null}},"9":{"start":{"line":34,"column":22},"end":{"line":37,"column":null}},"10":{"start":{"line":39,"column":4},"end":{"line":39,"column":null}},"11":{"start":{"line":47,"column":4},"end":{"line":55,"column":null}},"12":{"start":{"line":48,"column":23},"end":{"line":48,"column":null}},"13":{"start":{"line":49,"column":24},"end":{"line":49,"column":null}},"14":{"start":{"line":50,"column":24},"end":{"line":50,"column":null}},"15":{"start":{"line":51,"column":6},"end":{"line":51,"column":null}},"16":{"start":{"line":51,"column":49},"end":{"line":51,"column":null}},"17":{"start":{"line":52,"column":6},"end":{"line":52,"column":null}},"18":{"start":{"line":54,"column":6},"end":{"line":54,"column":null}},"19":{"start":{"line":59,"column":4},"end":{"line":61,"column":null}},"20":{"start":{"line":60,"column":18},"end":{"line":60,"column":null}},"21":{"start":{"line":65,"column":4},"end":{"line":67,"column":null}},"22":{"start":{"line":66,"column":6},"end":{"line":66,"column":null}},"23":{"start":{"line":68,"column":18},"end":{"line":68,"column":null}},"24":{"start":{"line":69,"column":4},"end":{"line":71,"column":null}},"25":{"start":{"line":69,"column":17},"end":{"line":69,"column":20}},"26":{"start":{"line":70,"column":6},"end":{"line":70,"column":null}},"27":{"start":{"line":72,"column":4},"end":{"line":72,"column":null}},"28":{"start":{"line":76,"column":4},"end":{"line":76,"column":null}},"29":{"start":{"line":76,"column":31},"end":{"line":76,"column":null}},"30":{"start":{"line":77,"column":17},"end":{"line":77,"column":null}},"31":{"start":{"line":78,"column":4},"end":{"line":80,"column":null}},"32":{"start":{"line":78,"column":17},"end":{"line":78,"column":20}},"33":{"start":{"line":79,"column":6},"end":{"line":79,"column":null}},"34":{"start":{"line":81,"column":4},"end":{"line":81,"column":null}}},"fnMap":{"0":{"name":"(anonymous_1)","decl":{"start":{"line":6,"column":2},"end":{"line":6,"column":14}},"loc":{"start":{"line":6,"column":45},"end":{"line":16,"column":null}}},"1":{"name":"(anonymous_2)","decl":{"start":{"line":18,"column":2},"end":{"line":18,"column":16}},"loc":{"start":{"line":18,"column":59},"end":{"line":28,"column":null}}},"2":{"name":"(anonymous_3)","decl":{"start":{"line":30,"column":2},"end":{"line":30,"column":15}},"loc":{"start":{"line":30,"column":67},"end":{"line":40,"column":null}}},"3":{"name":"(anonymous_4)","decl":{"start":{"line":42,"column":2},"end":{"line":42,"column":15}},"loc":{"start":{"line":46,"column":22},"end":{"line":56,"column":null}}},"4":{"name":"(anonymous_5)","decl":{"start":{"line":58,"column":10},"end":{"line":58,"column":22}},"loc":{"start":{"line":58,"column":50},"end":{"line":62,"column":null}}},"5":{"name":"(anonymous_6)","decl":{"start":{"line":60,"column":11},"end":{"line":60,"column":12}},"loc":{"start":{"line":60,"column":18},"end":{"line":60,"column":null}}},"6":{"name":"(anonymous_7)","decl":{"start":{"line":64,"column":10},"end":{"line":64,"column":22}},"loc":{"start":{"line":64,"column":47},"end":{"line":73,"column":null}}},"7":{"name":"(anonymous_8)","decl":{"start":{"line":75,"column":10},"end":{"line":75,"column":26}},"loc":{"start":{"line":75,"column":65},"end":{"line":82,"column":null}}}},"branchMap":{"0":{"loc":{"start":{"line":6,"column":14},"end":{"line":6,"column":43}},"type":"default-arg","locations":[{"start":{"line":6,"column":34},"end":{"line":6,"column":43}}]},"1":{"loc":{"start":{"line":15,"column":21},"end":{"line":15,"column":null}},"type":"binary-expr","locations":[{"start":{"line":15,"column":21},"end":{"line":15,"column":53}},{"start":{"line":15,"column":57},"end":{"line":15,"column":null}}]},"2":{"loc":{"start":{"line":51,"column":6},"end":{"line":51,"column":null}},"type":"if","locations":[{"start":{"line":51,"column":6},"end":{"line":51,"column":null}},{"start":{},"end":{}}]},"3":{"loc":{"start":{"line":65,"column":4},"end":{"line":67,"column":null}},"type":"if","locations":[{"start":{"line":65,"column":4},"end":{"line":67,"column":null}},{"start":{},"end":{}}]},"4":{"loc":{"start":{"line":76,"column":4},"end":{"line":76,"column":null}},"type":"if","locations":[{"start":{"line":76,"column":4},"end":{"line":76,"column":null}},{"start":{},"end":{}}]}},"s":{"0":3,"1":3,"2":3,"3":3,"4":3,"5":3,"6":3,"7":3,"8":3,"9":3,"10":3,"11":2,"12":2,"13":2,"14":2,"15":2,"16":1,"17":1,"18":0,"19":3,"20":96,"21":4,"22":0,"23":4,"24":4,"25":4,"26":98,"27":4,"28":1,"29":0,"30":1,"31":1,"32":1,"33":32,"34":1},"f":{"0":3,"1":3,"2":3,"3":2,"4":3,"5":96,"6":4,"7":1},"b":{"0":[3],"1":[3,0],"2":[1,1],"3":[0,4],"4":[0,1]}}
,"D:\\progects\\startups\\sorokchat\\cryptography\\src\\common\\index.ts": {"path":"D:\\progects\\startups\\sorokchat\\cryptography\\src\\common\\index.ts","statementMap":{"0":{"start":{"line":15,"column":2},"end":{"line":15,"column":null}},"1":{"start":{"line":9,"column":2},"end":{"line":9,"column":null}},"2":{"start":{"line":4,"column":2},"end":{"line":4,"column":null}},"3":{"start":{"line":22,"column":2},"end":{"line":22,"column":null}},"4":{"start":{"line":23,"column":2},"end":{"line":23,"column":null}},"5":{"start":{"line":11,"column":31},"end":{"line":11,"column":53}},"6":{"start":{"line":17,"column":31},"end":{"line":17,"column":54}},"7":{"start":{"line":5,"column":7},"end":{"line":5,"column":null}},"8":{"start":{"line":10,"column":7},"end":{"line":10,"column":null}},"9":{"start":{"line":11,"column":53},"end":{"line":11,"column":null}},"10":{"start":{"line":16,"column":7},"end":{"line":16,"column":null}},"11":{"start":{"line":17,"column":54},"end":{"line":17,"column":null}},"12":{"start":{"line":24,"column":7},"end":{"line":24,"column":null}}},"fnMap":{},"branchMap":{},"s":{"0":0,"1":2,"2":2,"3":2,"4":2,"5":2,"6":2,"7":12,"8":12,"9":12,"10":12,"11":12,"12":12},"f":{},"b":{}}
,"D:\\progects\\startups\\sorokchat\\cryptography\\src\\common\\delivering\\index.ts": {"path":"D:\\progects\\startups\\sorokchat\\cryptography\\src\\common\\delivering\\index.ts","statementMap":{"0":{"start":{"line":3,"column":9},"end":{"line":3,"column":29}},"1":{"start":{"line":3,"column":29},"end":{"line":3,"column":null}}},"fnMap":{},"branchMap":{},"s":{"0":2,"1":12},"f":{},"b":{}}
,"D:\\progects\\startups\\sorokchat\\cryptography\\src\\common\\delivering\\tests.ts": {"path":"D:\\progects\\startups\\sorokchat\\cryptography\\src\\common\\delivering\\tests.ts","statementMap":{"0":{"start":{"line":4,"column":16},"end":{"line":4,"column":null}},"1":{"start":{"line":1,"column":49},"end":{"line":1,"column":null}},"2":{"start":{"line":8,"column":2},"end":{"line":131,"column":null}},"3":{"start":{"line":10,"column":25},"end":{"line":10,"column":null}},"4":{"start":{"line":11,"column":34},"end":{"line":11,"column":null}},"5":{"start":{"line":12,"column":33},"end":{"line":12,"column":null}},"6":{"start":{"line":13,"column":33},"end":{"line":13,"column":null}},"7":{"start":{"line":15,"column":4},"end":{"line":17,"column":null}},"8":{"start":{"line":16,"column":6},"end":{"line":16,"column":null}},"9":{"start":{"line":19,"column":4},"end":{"line":60,"column":null}},"10":{"start":{"line":20,"column":6},"end":{"line":25,"column":null}},"11":{"start":{"line":21,"column":22},"end":{"line":21,"column":null}},"12":{"start":{"line":22,"column":22},"end":{"line":22,"column":null}},"13":{"start":{"line":23,"column":8},"end":{"line":23,"column":null}},"14":{"start":{"line":24,"column":8},"end":{"line":24,"column":null}},"15":{"start":{"line":27,"column":6},"end":{"line":32,"column":null}},"16":{"start":{"line":28,"column":22},"end":{"line":28,"column":null}},"17":{"start":{"line":29,"column":22},"end":{"line":29,"column":null}},"18":{"start":{"line":30,"column":8},"end":{"line":30,"column":null}},"19":{"start":{"line":31,"column":8},"end":{"line":31,"column":null}},"20":{"start":{"line":34,"column":6},"end":{"line":49,"column":null}},"21":{"start":{"line":35,"column":22},"end":{"line":35,"column":null}},"22":{"start":{"line":36,"column":22},"end":{"line":36,"column":null}},"23":{"start":{"line":37,"column":22},"end":{"line":37,"column":null}},"24":{"start":{"line":38,"column":22},"end":{"line":38,"column":null}},"25":{"start":{"line":39,"column":24},"end":{"line":41,"column":null}},"26":{"start":{"line":43,"column":24},"end":{"line":45,"column":null}},"27":{"start":{"line":47,"column":8},"end":{"line":47,"column":null}},"28":{"start":{"line":48,"column":8},"end":{"line":48,"column":null}},"29":{"start":{"line":50,"column":6},"end":{"line":59,"column":null}},"30":{"start":{"line":51,"column":21},"end":{"line":51,"column":null}},"31":{"start":{"line":52,"column":22},"end":{"line":52,"column":null}},"32":{"start":{"line":53,"column":22},"end":{"line":53,"column":null}},"33":{"start":{"line":54,"column":22},"end":{"line":54,"column":null}},"34":{"start":{"line":55,"column":8},"end":{"line":55,"column":null}},"35":{"start":{"line":56,"column":8},"end":{"line":56,"column":null}},"36":{"start":{"line":57,"column":8},"end":{"line":57,"column":null}},"37":{"start":{"line":58,"column":8},"end":{"line":58,"column":null}},"38":{"start":{"line":62,"column":4},"end":{"line":130,"column":null}},"39":{"start":{"line":65,"column":6},"end":{"line":67,"column":null}},"40":{"start":{"line":66,"column":8},"end":{"line":66,"column":null}},"41":{"start":{"line":69,"column":6},"end":{"line":73,"column":null}},"42":{"start":{"line":70,"column":21},"end":{"line":70,"column":null}},"43":{"start":{"line":71,"column":8},"end":{"line":71,"column":null}},"44":{"start":{"line":72,"column":8},"end":{"line":72,"column":null}},"45":{"start":{"line":75,"column":6},"end":{"line":80,"column":null}},"46":{"start":{"line":76,"column":22},"end":{"line":76,"column":null}},"47":{"start":{"line":77,"column":22},"end":{"line":77,"column":null}},"48":{"start":{"line":78,"column":8},"end":{"line":78,"column":null}},"49":{"start":{"line":79,"column":8},"end":{"line":79,"column":null}},"50":{"start":{"line":82,"column":6},"end":{"line":95,"column":null}},"51":{"start":{"line":83,"column":22},"end":{"line":83,"column":null}},"52":{"start":{"line":84,"column":22},"end":{"line":84,"column":null}},"53":{"start":{"line":85,"column":24},"end":{"line":87,"column":null}},"54":{"start":{"line":89,"column":24},"end":{"line":91,"column":null}},"55":{"start":{"line":93,"column":8},"end":{"line":93,"column":null}},"56":{"start":{"line":94,"column":8},"end":{"line":94,"column":null}},"57":{"start":{"line":97,"column":6},"end":{"line":110,"column":null}},"58":{"start":{"line":98,"column":23},"end":{"line":98,"column":null}},"59":{"start":{"line":99,"column":23},"end":{"line":99,"column":null}},"60":{"start":{"line":100,"column":22},"end":{"line":100,"column":null}},"61":{"start":{"line":101,"column":24},"end":{"line":103,"column":null}},"62":{"start":{"line":105,"column":24},"end":{"line":107,"column":null}},"63":{"start":{"line":109,"column":8},"end":{"line":109,"column":null}},"64":{"start":{"line":112,"column":6},"end":{"line":121,"column":null}},"65":{"start":{"line":113,"column":21},"end":{"line":113,"column":null}},"66":{"start":{"line":114,"column":22},"end":{"line":114,"column":null}},"67":{"start":{"line":115,"column":8},"end":{"line":117,"column":null}},"68":{"start":{"line":118,"column":8},"end":{"line":120,"column":null}},"69":{"start":{"line":123,"column":6},"end":{"line":129,"column":null}},"70":{"start":{"line":124,"column":21},"end":{"line":124,"column":null}},"71":{"start":{"line":125,"column":22},"end":{"line":125,"column":null}},"72":{"start":{"line":126,"column":8},"end":{"line":128,"column":null}}},"fnMap":{"0":{"name":"runEcdhTests","decl":{"start":{"line":4,"column":16},"end":{"line":4,"column":null}},"loc":{"start":{"line":6,"column":35},"end":{"line":132,"column":null}}},"1":{"name":"(anonymous_2)","decl":{"start":{"line":8,"column":34},"end":{"line":8,"column":null}},"loc":{"start":{"line":8,"column":34},"end":{"line":131,"column":null}}},"2":{"name":"(anonymous_3)","decl":{"start":{"line":15,"column":15},"end":{"line":15,"column":null}},"loc":{"start":{"line":15,"column":15},"end":{"line":17,"column":null}}},"3":{"name":"(anonymous_4)","decl":{"start":{"line":19,"column":27},"end":{"line":19,"column":null}},"loc":{"start":{"line":19,"column":27},"end":{"line":60,"column":null}}},"4":{"name":"(anonymous_5)","decl":{"start":{"line":20,"column":61},"end":{"line":20,"column":null}},"loc":{"start":{"line":20,"column":61},"end":{"line":25,"column":null}}},"5":{"name":"(anonymous_6)","decl":{"start":{"line":27,"column":52},"end":{"line":27,"column":null}},"loc":{"start":{"line":27,"column":52},"end":{"line":32,"column":null}}},"6":{"name":"(anonymous_7)","decl":{"start":{"line":34,"column":74},"end":{"line":34,"column":null}},"loc":{"start":{"line":34,"column":74},"end":{"line":49,"column":null}}},"7":{"name":"(anonymous_8)","decl":{"start":{"line":50,"column":57},"end":{"line":50,"column":null}},"loc":{"start":{"line":50,"column":57},"end":{"line":59,"column":null}}},"8":{"name":"(anonymous_9)","decl":{"start":{"line":62,"column":29},"end":{"line":62,"column":null}},"loc":{"start":{"line":62,"column":29},"end":{"line":130,"column":null}}},"9":{"name":"(anonymous_10)","decl":{"start":{"line":65,"column":17},"end":{"line":65,"column":null}},"loc":{"start":{"line":65,"column":17},"end":{"line":67,"column":null}}},"10":{"name":"(anonymous_11)","decl":{"start":{"line":69,"column":66},"end":{"line":69,"column":null}},"loc":{"start":{"line":69,"column":66},"end":{"line":73,"column":null}}},"11":{"name":"(anonymous_12)","decl":{"start":{"line":75,"column":67},"end":{"line":75,"column":null}},"loc":{"start":{"line":75,"column":67},"end":{"line":80,"column":null}}},"12":{"name":"(anonymous_13)","decl":{"start":{"line":82,"column":67},"end":{"line":82,"column":null}},"loc":{"start":{"line":82,"column":67},"end":{"line":95,"column":null}}},"13":{"name":"(anonymous_14)","decl":{"start":{"line":97,"column":76},"end":{"line":97,"column":null}},"loc":{"start":{"line":97,"column":76},"end":{"line":110,"column":null}}},"14":{"name":"(anonymous_15)","decl":{"start":{"line":112,"column":72},"end":{"line":112,"column":null}},"loc":{"start":{"line":112,"column":72},"end":{"line":121,"column":null}}},"15":{"name":"(anonymous_16)","decl":{"start":{"line":123,"column":71},"end":{"line":123,"column":null}},"loc":{"start":{"line":123,"column":71},"end":{"line":129,"column":null}}}},"branchMap":{},"s":{"0":2,"1":12,"2":2,"3":2,"4":2,"5":2,"6":2,"7":2,"8":20,"9":2,"10":2,"11":2,"12":2,"13":2,"14":2,"15":2,"16":2,"17":2,"18":2,"19":2,"20":2,"21":2,"22":2,"23":2,"24":2,"25":2,"26":2,"27":2,"28":2,"29":2,"30":2,"31":2,"32":2,"33":2,"34":2,"35":2,"36":2,"37":2,"38":2,"39":2,"40":12,"41":2,"42":2,"43":2,"44":2,"45":2,"46":2,"47":2,"48":2,"49":2,"50":2,"51":2,"52":2,"53":2,"54":2,"55":2,"56":2,"57":2,"58":2,"59":2,"60":2,"61":2,"62":2,"63":2,"64":2,"65":2,"66":2,"67":2,"68":2,"69":2,"70":2,"71":2,"72":2},"f":{"0":2,"1":2,"2":20,"3":2,"4":2,"5":2,"6":2,"7":2,"8":2,"9":12,"10":2,"11":2,"12":2,"13":2,"14":2,"15":2},"b":{}}
,"D:\\progects\\startups\\sorokchat\\cryptography\\src\\common\\encryption\\index.ts": {"path":"D:\\progects\\startups\\sorokchat\\cryptography\\src\\common\\encryption\\index.ts","statementMap":{"0":{"start":{"line":2,"column":9},"end":{"line":2,"column":35}},"1":{"start":{"line":3,"column":9},"end":{"line":3,"column":28}},"2":{"start":{"line":2,"column":35},"end":{"line":2,"column":null}},"3":{"start":{"line":3,"column":28},"end":{"line":3,"column":null}}},"fnMap":{},"branchMap":{},"s":{"0":0,"1":2,"2":12,"3":12},"f":{},"b":{}}
,"D:\\progects\\startups\\sorokchat\\cryptography\\src\\common\\encryption\\tests.ts": {"path":"D:\\progects\\startups\\sorokchat\\cryptography\\src\\common\\encryption\\tests.ts","statementMap":{"0":{"start":{"line":5,"column":16},"end":{"line":5,"column":null}},"1":{"start":{"line":1,"column":55},"end":{"line":1,"column":null}},"2":{"start":{"line":3,"column":23},"end":{"line":3,"column":null}},"3":{"start":{"line":9,"column":2},"end":{"line":52,"column":null}},"4":{"start":{"line":11,"column":30},"end":{"line":11,"column":null}},"5":{"start":{"line":12,"column":29},"end":{"line":12,"column":null}},"6":{"start":{"line":13,"column":30},"end":{"line":13,"column":null}},"7":{"start":{"line":14,"column":40},"end":{"line":17,"column":null}},"8":{"start":{"line":19,"column":4},"end":{"line":22,"column":null}},"9":{"start":{"line":20,"column":6},"end":{"line":20,"column":null}},"10":{"start":{"line":21,"column":6},"end":{"line":21,"column":null}},"11":{"start":{"line":24,"column":4},"end":{"line":27,"column":null}},"12":{"start":{"line":25,"column":21},"end":{"line":25,"column":null}},"13":{"start":{"line":26,"column":6},"end":{"line":26,"column":null}},"14":{"start":{"line":29,"column":4},"end":{"line":32,"column":null}},"15":{"start":{"line":30,"column":21},"end":{"line":30,"column":null}},"16":{"start":{"line":31,"column":6},"end":{"line":31,"column":null}},"17":{"start":{"line":34,"column":4},"end":{"line":51,"column":null}},"18":{"start":{"line":35,"column":31},"end":{"line":35,"column":null}},"19":{"start":{"line":36,"column":31},"end":{"line":36,"column":null}},"20":{"start":{"line":37,"column":24},"end":{"line":37,"column":null}},"21":{"start":{"line":38,"column":6},"end":{"line":43,"column":null}},"22":{"start":{"line":42,"column":12},"end":{"line":42,"column":null}},"23":{"start":{"line":45,"column":6},"end":{"line":50,"column":null}}},"fnMap":{"0":{"name":"runAesTests","decl":{"start":{"line":5,"column":16},"end":{"line":5,"column":null}},"loc":{"start":{"line":7,"column":34},"end":{"line":53,"column":null}}},"1":{"name":"(anonymous_3)","decl":{"start":{"line":9,"column":55},"end":{"line":9,"column":null}},"loc":{"start":{"line":9,"column":55},"end":{"line":52,"column":null}}},"2":{"name":"(anonymous_4)","decl":{"start":{"line":19,"column":15},"end":{"line":19,"column":null}},"loc":{"start":{"line":19,"column":15},"end":{"line":22,"column":null}}},"3":{"name":"(anonymous_5)","decl":{"start":{"line":24,"column":57},"end":{"line":24,"column":null}},"loc":{"start":{"line":24,"column":57},"end":{"line":27,"column":null}}},"4":{"name":"(anonymous_6)","decl":{"start":{"line":29,"column":57},"end":{"line":29,"column":null}},"loc":{"start":{"line":29,"column":57},"end":{"line":32,"column":null}}},"5":{"name":"(anonymous_7)","decl":{"start":{"line":34,"column":57},"end":{"line":34,"column":null}},"loc":{"start":{"line":34,"column":57},"end":{"line":51,"column":null}}},"6":{"name":"(anonymous_8)","decl":{"start":{"line":41,"column":10},"end":{"line":41,"column":11}},"loc":{"start":{"line":41,"column":63},"end":{"line":43,"column":null}}}},"branchMap":{},"s":{"0":2,"1":12,"2":12,"3":2,"4":2,"5":2,"6":2,"7":2,"8":2,"9":6,"10":6,"11":2,"12":2,"13":2,"14":2,"15":2,"16":2,"17":2,"18":2,"19":2,"20":2,"21":2,"22":1,"23":2},"f":{"0":2,"1":2,"2":6,"3":2,"4":2,"5":2,"6":1},"b":{}}
,"D:\\progects\\startups\\sorokchat\\cryptography\\src\\common\\hashing\\index.ts": {"path":"D:\\progects\\startups\\sorokchat\\cryptography\\src\\common\\hashing\\index.ts","statementMap":{"0":{"start":{"line":2,"column":9},"end":{"line":2,"column":31}},"1":{"start":{"line":2,"column":31},"end":{"line":2,"column":null}}},"fnMap":{},"branchMap":{},"s":{"0":2,"1":12},"f":{},"b":{}}
,"D:\\progects\\startups\\sorokchat\\cryptography\\src\\common\\hashing\\tests.ts": {"path":"D:\\progects\\startups\\sorokchat\\cryptography\\src\\common\\hashing\\tests.ts","statementMap":{"0":{"start":{"line":4,"column":16},"end":{"line":4,"column":null}},"1":{"start":{"line":2,"column":49},"end":{"line":2,"column":null}},"2":{"start":{"line":8,"column":2},"end":{"line":20,"column":null}},"3":{"start":{"line":10,"column":4},"end":{"line":12,"column":null}},"4":{"start":{"line":11,"column":6},"end":{"line":11,"column":null}},"5":{"start":{"line":13,"column":4},"end":{"line":19,"column":null}},"6":{"start":{"line":14,"column":28},"end":{"line":14,"column":null}},"7":{"start":{"line":16,"column":8},"end":{"line":16,"column":null}},"8":{"start":{"line":17,"column":29},"end":{"line":17,"column":null}},"9":{"start":{"line":18,"column":6},"end":{"line":18,"column":null}}},"fnMap":{"0":{"name":"runSha256Tests","decl":{"start":{"line":4,"column":16},"end":{"line":4,"column":null}},"loc":{"start":{"line":6,"column":32},"end":{"line":21,"column":null}}},"1":{"name":"(anonymous_2)","decl":{"start":{"line":8,"column":36},"end":{"line":8,"column":null}},"loc":{"start":{"line":8,"column":36},"end":{"line":20,"column":null}}},"2":{"name":"(anonymous_3)","decl":{"start":{"line":10,"column":15},"end":{"line":10,"column":null}},"loc":{"start":{"line":10,"column":15},"end":{"line":12,"column":null}}},"3":{"name":"(anonymous_4)","decl":{"start":{"line":13,"column":44},"end":{"line":13,"column":null}},"loc":{"start":{"line":13,"column":44},"end":{"line":19,"column":null}}}},"branchMap":{},"s":{"0":2,"1":12,"2":2,"3":2,"4":2,"5":2,"6":2,"7":2,"8":2,"9":2},"f":{"0":2,"1":2,"2":2,"3":2},"b":{}}
,"D:\\progects\\startups\\sorokchat\\cryptography\\src\\common\\keys\\index.ts": {"path":"D:\\progects\\startups\\sorokchat\\cryptography\\src\\common\\keys\\index.ts","statementMap":{"0":{"start":{"line":5,"column":2},"end":{"line":5,"column":null}},"1":{"start":{"line":1,"column":30},"end":{"line":1,"column":59}},"2":{"start":{"line":1,"column":59},"end":{"line":1,"column":null}},"3":{"start":{"line":6,"column":7},"end":{"line":6,"column":null}}},"fnMap":{},"branchMap":{},"s":{"0":2,"1":2,"2":12,"3":12},"f":{},"b":{}}
,"D:\\progects\\startups\\sorokchat\\cryptography\\src\\common\\keys\\derivation\\index.ts": {"path":"D:\\progects\\startups\\sorokchat\\cryptography\\src\\common\\keys\\derivation\\index.ts","statementMap":{"0":{"start":{"line":3,"column":9},"end":{"line":3,"column":29}},"1":{"start":{"line":3,"column":29},"end":{"line":3,"column":null}}},"fnMap":{},"branchMap":{},"s":{"0":2,"1":12},"f":{},"b":{}}
,"D:\\progects\\startups\\sorokchat\\cryptography\\src\\common\\keys\\derivation\\tests.ts": {"path":"D:\\progects\\startups\\sorokchat\\cryptography\\src\\common\\keys\\derivation\\tests.ts","statementMap":{"0":{"start":{"line":7,"column":16},"end":{"line":7,"column":null}},"1":{"start":{"line":1,"column":49},"end":{"line":1,"column":null}},"2":{"start":{"line":11,"column":2},"end":{"line":124,"column":null}},"3":{"start":{"line":14,"column":4},"end":{"line":16,"column":null}},"4":{"start":{"line":15,"column":6},"end":{"line":15,"column":null}},"5":{"start":{"line":18,"column":4},"end":{"line":29,"column":null}},"6":{"start":{"line":19,"column":29},"end":{"line":19,"column":null}},"7":{"start":{"line":20,"column":50},"end":{"line":25,"column":null}},"8":{"start":{"line":26,"column":21},"end":{"line":26,"column":null}},"9":{"start":{"line":27,"column":6},"end":{"line":27,"column":null}},"10":{"start":{"line":28,"column":6},"end":{"line":28,"column":null}},"11":{"start":{"line":31,"column":4},"end":{"line":40,"column":null}},"12":{"start":{"line":32,"column":50},"end":{"line":37,"column":null}},"13":{"start":{"line":38,"column":21},"end":{"line":38,"column":null}},"14":{"start":{"line":39,"column":6},"end":{"line":39,"column":null}},"15":{"start":{"line":42,"column":4},"end":{"line":50,"column":null}},"16":{"start":{"line":43,"column":50},"end":{"line":48,"column":null}},"17":{"start":{"line":49,"column":6},"end":{"line":49,"column":null}},"18":{"start":{"line":52,"column":4},"end":{"line":62,"column":null}},"19":{"start":{"line":53,"column":50},"end":{"line":58,"column":null}},"20":{"start":{"line":59,"column":20},"end":{"line":59,"column":null}},"21":{"start":{"line":60,"column":21},"end":{"line":60,"column":null}},"22":{"start":{"line":61,"column":6},"end":{"line":61,"column":null}},"23":{"start":{"line":64,"column":4},"end":{"line":79,"column":null}},"24":{"start":{"line":65,"column":54},"end":{"line":69,"column":null}},"25":{"start":{"line":70,"column":20},"end":{"line":73,"column":null}},"26":{"start":{"line":74,"column":21},"end":{"line":77,"column":null}},"27":{"start":{"line":78,"column":6},"end":{"line":78,"column":null}},"28":{"start":{"line":81,"column":4},"end":{"line":96,"column":null}},"29":{"start":{"line":82,"column":54},"end":{"line":86,"column":null}},"30":{"start":{"line":87,"column":20},"end":{"line":90,"column":null}},"31":{"start":{"line":91,"column":21},"end":{"line":94,"column":null}},"32":{"start":{"line":95,"column":6},"end":{"line":95,"column":null}},"33":{"start":{"line":98,"column":4},"end":{"line":113,"column":null}},"34":{"start":{"line":99,"column":70},"end":{"line":103,"column":null}},"35":{"start":{"line":104,"column":20},"end":{"line":107,"column":null}},"36":{"start":{"line":108,"column":21},"end":{"line":111,"column":null}},"37":{"start":{"line":112,"column":6},"end":{"line":112,"column":null}},"38":{"start":{"line":115,"column":4},"end":{"line":123,"column":null}},"39":{"start":{"line":116,"column":50},"end":{"line":119,"column":null}},"40":{"start":{"line":120,"column":21},"end":{"line":120,"column":null}},"41":{"start":{"line":121,"column":6},"end":{"line":121,"column":null}},"42":{"start":{"line":122,"column":6},"end":{"line":122,"column":null}}},"fnMap":{"0":{"name":"runHkdfTests","decl":{"start":{"line":7,"column":16},"end":{"line":7,"column":null}},"loc":{"start":{"line":9,"column":39},"end":{"line":125,"column":null}}},"1":{"name":"(anonymous_2)","decl":{"start":{"line":11,"column":40},"end":{"line":11,"column":null}},"loc":{"start":{"line":11,"column":40},"end":{"line":124,"column":null}}},"2":{"name":"(anonymous_3)","decl":{"start":{"line":14,"column":15},"end":{"line":14,"column":null}},"loc":{"start":{"line":14,"column":15},"end":{"line":16,"column":null}}},"3":{"name":"(anonymous_4)","decl":{"start":{"line":18,"column":54},"end":{"line":18,"column":null}},"loc":{"start":{"line":18,"column":54},"end":{"line":29,"column":null}}},"4":{"name":"(anonymous_5)","decl":{"start":{"line":31,"column":58},"end":{"line":31,"column":null}},"loc":{"start":{"line":31,"column":58},"end":{"line":40,"column":null}}},"5":{"name":"(anonymous_6)","decl":{"start":{"line":42,"column":50},"end":{"line":42,"column":null}},"loc":{"start":{"line":42,"column":50},"end":{"line":50,"column":null}}},"6":{"name":"(anonymous_7)","decl":{"start":{"line":52,"column":55},"end":{"line":52,"column":null}},"loc":{"start":{"line":52,"column":55},"end":{"line":62,"column":null}}},"7":{"name":"(anonymous_8)","decl":{"start":{"line":64,"column":60},"end":{"line":64,"column":null}},"loc":{"start":{"line":64,"column":60},"end":{"line":79,"column":null}}},"8":{"name":"(anonymous_9)","decl":{"start":{"line":81,"column":60},"end":{"line":81,"column":null}},"loc":{"start":{"line":81,"column":60},"end":{"line":96,"column":null}}},"9":{"name":"(anonymous_10)","decl":{"start":{"line":98,"column":62},"end":{"line":98,"column":null}},"loc":{"start":{"line":98,"column":62},"end":{"line":113,"column":null}}},"10":{"name":"(anonymous_11)","decl":{"start":{"line":115,"column":75},"end":{"line":115,"column":null}},"loc":{"start":{"line":115,"column":75},"end":{"line":123,"column":null}}}},"branchMap":{},"s":{"0":2,"1":12,"2":2,"3":2,"4":16,"5":2,"6":2,"7":2,"8":2,"9":2,"10":2,"11":2,"12":2,"13":2,"14":2,"15":2,"16":2,"17":2,"18":2,"19":2,"20":2,"21":2,"22":2,"23":2,"24":2,"25":2,"26":2,"27":2,"28":2,"29":2,"30":2,"31":2,"32":2,"33":2,"34":2,"35":2,"36":2,"37":2,"38":2,"39":2,"40":2,"41":2,"42":2},"f":{"0":2,"1":2,"2":16,"3":2,"4":2,"5":2,"6":2,"7":2,"8":2,"9":2,"10":2},"b":{}}
,"D:\\progects\\startups\\sorokchat\\cryptography\\src\\common\\keys\\generation\\index.ts": {"path":"D:\\progects\\startups\\sorokchat\\cryptography\\src\\common\\keys\\generation\\index.ts","statementMap":{"0":{"start":{"line":1,"column":30},"end":{"line":1,"column":59}},"1":{"start":{"line":1,"column":59},"end":{"line":1,"column":null}}},"fnMap":{},"branchMap":{},"s":{"0":2,"1":12},"f":{},"b":{}}
,"D:\\progects\\startups\\sorokchat\\cryptography\\src\\common\\keys\\generation\\symmetric\\index.ts": {"path":"D:\\progects\\startups\\sorokchat\\cryptography\\src\\common\\keys\\generation\\symmetric\\index.ts","statementMap":{"0":{"start":{"line":2,"column":9},"end":{"line":2,"column":38}},"1":{"start":{"line":2,"column":38},"end":{"line":2,"column":null}}},"fnMap":{},"branchMap":{},"s":{"0":2,"1":12},"f":{},"b":{}}
,"D:\\progects\\startups\\sorokchat\\cryptography\\src\\common\\keys\\generation\\symmetric\\tests.ts": {"path":"D:\\progects\\startups\\sorokchat\\cryptography\\src\\common\\keys\\generation\\symmetric\\tests.ts","statementMap":{"0":{"start":{"line":4,"column":16},"end":{"line":4,"column":null}},"1":{"start":{"line":2,"column":37},"end":{"line":2,"column":null}},"2":{"start":{"line":8,"column":2},"end":{"line":19,"column":null}},"3":{"start":{"line":9,"column":4},"end":{"line":18,"column":null}},"4":{"start":{"line":10,"column":6},"end":{"line":17,"column":null}},"5":{"start":{"line":11,"column":35},"end":{"line":11,"column":null}},"6":{"start":{"line":12,"column":24},"end":{"line":12,"column":null}},"7":{"start":{"line":13,"column":23},"end":{"line":13,"column":null}},"8":{"start":{"line":14,"column":8},"end":{"line":14,"column":null}},"9":{"start":{"line":15,"column":23},"end":{"line":15,"column":null}},"10":{"start":{"line":16,"column":8},"end":{"line":16,"column":null}}},"fnMap":{"0":{"name":"runKeyGenerationTests","decl":{"start":{"line":4,"column":16},"end":{"line":4,"column":null}},"loc":{"start":{"line":6,"column":49},"end":{"line":20,"column":null}}},"1":{"name":"(anonymous_2)","decl":{"start":{"line":8,"column":59},"end":{"line":8,"column":null}},"loc":{"start":{"line":8,"column":59},"end":{"line":19,"column":null}}},"2":{"name":"(anonymous_3)","decl":{"start":{"line":9,"column":43},"end":{"line":9,"column":null}},"loc":{"start":{"line":9,"column":43},"end":{"line":18,"column":null}}},"3":{"name":"(anonymous_4)","decl":{"start":{"line":10,"column":88},"end":{"line":10,"column":null}},"loc":{"start":{"line":10,"column":88},"end":{"line":17,"column":null}}}},"branchMap":{},"s":{"0":2,"1":12,"2":2,"3":2,"4":2,"5":2,"6":2,"7":2,"8":2,"9":2,"10":2},"f":{"0":2,"1":2,"2":2,"3":2},"b":{}}
,"D:\\progects\\startups\\sorokchat\\cryptography\\src\\common\\signing\\index.ts": {"path":"D:\\progects\\startups\\sorokchat\\cryptography\\src\\common\\signing\\index.ts","statementMap":{"0":{"start":{"line":2,"column":9},"end":{"line":2,"column":32}},"1":{"start":{"line":2,"column":32},"end":{"line":2,"column":null}}},"fnMap":{},"branchMap":{},"s":{"0":2,"1":12},"f":{},"b":{}}
,"D:\\progects\\startups\\sorokchat\\cryptography\\src\\common\\signing\\tests.ts": {"path":"D:\\progects\\startups\\sorokchat\\cryptography\\src\\common\\signing\\tests.ts","statementMap":{"0":{"start":{"line":3,"column":16},"end":{"line":3,"column":32}},"1":{"start":{"line":1,"column":49},"end":{"line":1,"column":null}},"2":{"start":{"line":4,"column":2},"end":{"line":27,"column":null}},"3":{"start":{"line":6,"column":30},"end":{"line":6,"column":null}},"4":{"start":{"line":7,"column":29},"end":{"line":7,"column":null}},"5":{"start":{"line":8,"column":30},"end":{"line":8,"column":96}},"6":{"start":{"line":9,"column":4},"end":{"line":11,"column":null}},"7":{"start":{"line":10,"column":6},"end":{"line":10,"column":null}},"8":{"start":{"line":13,"column":4},"end":{"line":16,"column":null}},"9":{"start":{"line":14,"column":21},"end":{"line":14,"column":null}},"10":{"start":{"line":15,"column":6},"end":{"line":15,"column":null}},"11":{"start":{"line":18,"column":4},"end":{"line":21,"column":null}},"12":{"start":{"line":19,"column":23},"end":{"line":19,"column":null}},"13":{"start":{"line":20,"column":6},"end":{"line":20,"column":null}},"14":{"start":{"line":23,"column":4},"end":{"line":26,"column":null}},"15":{"start":{"line":24,"column":23},"end":{"line":24,"column":null}},"16":{"start":{"line":25,"column":6},"end":{"line":25,"column":null}}},"fnMap":{"0":{"name":"runSigningTests","decl":{"start":{"line":3,"column":16},"end":{"line":3,"column":32}},"loc":{"start":{"line":3,"column":83},"end":{"line":28,"column":null}}},"1":{"name":"(anonymous_2)","decl":{"start":{"line":4,"column":42},"end":{"line":4,"column":null}},"loc":{"start":{"line":4,"column":42},"end":{"line":27,"column":null}}},"2":{"name":"(anonymous_3)","decl":{"start":{"line":9,"column":15},"end":{"line":9,"column":null}},"loc":{"start":{"line":9,"column":15},"end":{"line":11,"column":null}}},"3":{"name":"(anonymous_4)","decl":{"start":{"line":13,"column":32},"end":{"line":13,"column":null}},"loc":{"start":{"line":13,"column":32},"end":{"line":16,"column":null}}},"4":{"name":"(anonymous_5)","decl":{"start":{"line":18,"column":36},"end":{"line":18,"column":null}},"loc":{"start":{"line":18,"column":36},"end":{"line":21,"column":null}}},"5":{"name":"(anonymous_6)","decl":{"start":{"line":23,"column":35},"end":{"line":23,"column":null}},"loc":{"start":{"line":23,"column":35},"end":{"line":26,"column":null}}}},"branchMap":{},"s":{"0":2,"1":12,"2":2,"3":2,"4":2,"5":2,"6":2,"7":6,"8":2,"9":2,"10":2,"11":2,"12":2,"13":2,"14":2,"15":2,"16":2},"f":{"0":2,"1":2,"2":6,"3":2,"4":2,"5":2},"b":{}}
,"D:\\progects\\startups\\sorokchat\\cryptography\\src\\common\\tree\\index.ts": {"path":"D:\\progects\\startups\\sorokchat\\cryptography\\src\\common\\tree\\index.ts","statementMap":{"0":{"start":{"line":4,"column":2},"end":{"line":4,"column":null}},"1":{"start":{"line":5,"column":7},"end":{"line":5,"column":null}}},"fnMap":{},"branchMap":{},"s":{"0":0,"1":12},"f":{},"b":{}}
,"D:\\progects\\startups\\sorokchat\\cryptography\\src\\common\\tree\\binary\\index.ts": {"path":"D:\\progects\\startups\\sorokchat\\cryptography\\src\\common\\tree\\binary\\index.ts","statementMap":{"0":{"start":{"line":3,"column":9},"end":{"line":3,"column":39}},"1":{"start":{"line":3,"column":39},"end":{"line":3,"column":null}}},"fnMap":{},"branchMap":{},"s":{"0":0,"1":12},"f":{},"b":{}}
,"D:\\progects\\startups\\sorokchat\\cryptography\\src\\common\\tree\\binary\\left-balanced-binary-tree.ts": {"path":"D:\\progects\\startups\\sorokchat\\cryptography\\src\\common\\tree\\binary\\left-balanced-binary-tree.ts","statementMap":{"0":{"start":{"line":10,"column":13},"end":{"line":10,"column":null}},"1":{"start":{"line":11,"column":33},"end":{"line":11,"column":38}},"2":{"start":{"line":12,"column":47},"end":{"line":12,"column":57}},"3":{"start":{"line":13,"column":27},"end":{"line":13,"column":29}},"4":{"start":{"line":16,"column":4},"end":{"line":16,"column":null}},"5":{"start":{"line":20,"column":4},"end":{"line":20,"column":null}},"6":{"start":{"line":20,"column":20},"end":{"line":20,"column":null}},"7":{"start":{"line":21,"column":4},"end":{"line":21,"column":null}},"8":{"start":{"line":25,"column":4},"end":{"line":25,"column":null}},"9":{"start":{"line":26,"column":4},"end":{"line":26,"column":null}},"10":{"start":{"line":27,"column":4},"end":{"line":27,"column":null}},"11":{"start":{"line":28,"column":21},"end":{"line":28,"column":null}},"12":{"start":{"line":29,"column":4},"end":{"line":29,"column":null}},"13":{"start":{"line":29,"column":76},"end":{"line":29,"column":null}},"14":{"start":{"line":30,"column":4},"end":{"line":30,"column":null}},"15":{"start":{"line":34,"column":4},"end":{"line":34,"column":null}},"16":{"start":{"line":38,"column":4},"end":{"line":38,"column":null}},"17":{"start":{"line":42,"column":28},"end":{"line":42,"column":30}},"18":{"start":{"line":43,"column":34},"end":{"line":43,"column":null}},"19":{"start":{"line":44,"column":4},"end":{"line":47,"column":null}},"20":{"start":{"line":45,"column":6},"end":{"line":45,"column":null}},"21":{"start":{"line":46,"column":6},"end":{"line":46,"column":null}},"22":{"start":{"line":48,"column":4},"end":{"line":48,"column":null}},"23":{"start":{"line":55,"column":22},"end":{"line":55,"column":null}},"24":{"start":{"line":56,"column":23},"end":{"line":56,"column":null}},"25":{"start":{"line":57,"column":21},"end":{"line":57,"column":null}},"26":{"start":{"line":58,"column":4},"end":{"line":60,"column":null}},"27":{"start":{"line":59,"column":6},"end":{"line":59,"column":null}},"28":{"start":{"line":59,"column":30},"end":{"line":59,"column":null}},"29":{"start":{"line":61,"column":4},"end":{"line":61,"column":null}},"30":{"start":{"line":65,"column":4},"end":{"line":65,"column":null}},"31":{"start":{"line":72,"column":4},"end":{"line":72,"column":null}},"32":{"start":{"line":76,"column":4},"end":{"line":76,"column":null}},"33":{"start":{"line":80,"column":4},"end":{"line":80,"column":null}},"34":{"start":{"line":84,"column":4},"end":{"line":84,"column":null}},"35":{"start":{"line":88,"column":4},"end":{"line":88,"column":null}},"36":{"start":{"line":89,"column":4},"end":{"line":89,"column":null}},"37":{"start":{"line":90,"column":4},"end":{"line":90,"column":null}},"38":{"start":{"line":91,"column":30},"end":{"line":95,"column":null}},"39":{"start":{"line":96,"column":4},"end":{"line":96,"column":null}},"40":{"start":{"line":97,"column":4},"end":{"line":97,"column":null}},"41":{"start":{"line":101,"column":17},"end":{"line":101,"column":null}},"42":{"start":{"line":102,"column":4},"end":{"line":102,"column":null}},"43":{"start":{"line":102,"column":15},"end":{"line":102,"column":null}},"44":{"start":{"line":104,"column":4},"end":{"line":108,"column":null}},"45":{"start":{"line":105,"column":6},"end":{"line":106,"column":null}},"46":{"start":{"line":110,"column":19},"end":{"line":110,"column":30}},"47":{"start":{"line":111,"column":4},"end":{"line":122,"column":null}},"48":{"start":{"line":112,"column":6},"end":{"line":116,"column":null}},"49":{"start":{"line":113,"column":8},"end":{"line":113,"column":null}},"50":{"start":{"line":114,"column":13},"end":{"line":116,"column":null}},"51":{"start":{"line":115,"column":8},"end":{"line":115,"column":null}},"52":{"start":{"line":117,"column":6},"end":{"line":119,"column":null}},"53":{"start":{"line":118,"column":8},"end":{"line":118,"column":null}},"54":{"start":{"line":121,"column":6},"end":{"line":121,"column":null}},"55":{"start":{"line":124,"column":4},"end":{"line":124,"column":null}},"56":{"start":{"line":128,"column":17},"end":{"line":128,"column":null}},"57":{"start":{"line":129,"column":4},"end":{"line":129,"column":null}},"58":{"start":{"line":129,"column":15},"end":{"line":129,"column":null}},"59":{"start":{"line":130,"column":4},"end":{"line":130,"column":null}},"60":{"start":{"line":134,"column":4},"end":{"line":134,"column":null}},"61":{"start":{"line":138,"column":4},"end":{"line":143,"column":null}},"62":{"start":{"line":139,"column":31},"end":{"line":139,"column":null}},"63":{"start":{"line":140,"column":6},"end":{"line":140,"column":null}},"64":{"start":{"line":141,"column":6},"end":{"line":141,"column":null}},"65":{"start":{"line":142,"column":6},"end":{"line":142,"column":null}},"66":{"start":{"line":145,"column":29},"end":{"line":145,"column":null}},"67":{"start":{"line":146,"column":4},"end":{"line":174,"column":null}},"68":{"start":{"line":147,"column":19},"end":{"line":147,"column":null}},"69":{"start":{"line":148,"column":6},"end":{"line":159,"column":null}},"70":{"start":{"line":149,"column":33},"end":{"line":154,"column":null}},"71":{"start":{"line":155,"column":8},"end":{"line":155,"column":null}},"72":{"start":{"line":156,"column":8},"end":{"line":156,"column":null}},"73":{"start":{"line":157,"column":8},"end":{"line":157,"column":null}},"74":{"start":{"line":158,"column":8},"end":{"line":158,"column":null}},"75":{"start":{"line":160,"column":6},"end":{"line":171,"column":null}},"76":{"start":{"line":161,"column":33},"end":{"line":166,"column":null}},"77":{"start":{"line":167,"column":8},"end":{"line":167,"column":null}},"78":{"start":{"line":168,"column":8},"end":{"line":168,"column":null}},"79":{"start":{"line":169,"column":8},"end":{"line":169,"column":null}},"80":{"start":{"line":170,"column":8},"end":{"line":170,"column":null}},"81":{"start":{"line":172,"column":6},"end":{"line":172,"column":null}},"82":{"start":{"line":173,"column":6},"end":{"line":173,"column":null}},"83":{"start":{"line":175,"column":4},"end":{"line":175,"column":null}},"84":{"start":{"line":179,"column":4},"end":{"line":179,"column":null}},"85":{"start":{"line":183,"column":4},"end":{"line":183,"column":null}},"86":{"start":{"line":187,"column":4},"end":{"line":187,"column":null}},"87":{"start":{"line":191,"column":35},"end":{"line":191,"column":null}},"88":{"start":{"line":192,"column":4},"end":{"line":192,"column":null}},"89":{"start":{"line":192,"column":20},"end":{"line":192,"column":null}},"90":{"start":{"line":193,"column":22},"end":{"line":193,"column":24}},"91":{"start":{"line":194,"column":4},"end":{"line":196,"column":null}},"92":{"start":{"line":195,"column":6},"end":{"line":195,"column":null}},"93":{"start":{"line":197,"column":4},"end":{"line":199,"column":null}},"94":{"start":{"line":198,"column":6},"end":{"line":198,"column":null}},"95":{"start":{"line":200,"column":4},"end":{"line":200,"column":null}},"96":{"start":{"line":204,"column":24},"end":{"line":204,"column":26}},"97":{"start":{"line":205,"column":4},"end":{"line":205,"column":null}},"98":{"start":{"line":205,"column":30},"end":{"line":205,"column":null}},"99":{"start":{"line":206,"column":4},"end":{"line":206,"column":null}},"100":{"start":{"line":210,"column":29},"end":{"line":210,"column":31}},"101":{"start":{"line":211,"column":18},"end":{"line":211,"column":27}},"102":{"start":{"line":212,"column":4},"end":{"line":220,"column":null}},"103":{"start":{"line":213,"column":6},"end":{"line":216,"column":null}},"104":{"start":{"line":214,"column":8},"end":{"line":214,"column":null}},"105":{"start":{"line":215,"column":8},"end":{"line":215,"column":null}},"106":{"start":{"line":217,"column":6},"end":{"line":217,"column":null}},"107":{"start":{"line":218,"column":6},"end":{"line":218,"column":null}},"108":{"start":{"line":219,"column":6},"end":{"line":219,"column":null}},"109":{"start":{"line":226,"column":4},"end":{"line":226,"column":null}},"110":{"start":{"line":226,"column":15},"end":{"line":226,"column":null}},"111":{"start":{"line":227,"column":4},"end":{"line":227,"column":null}},"112":{"start":{"line":227,"column":30},"end":{"line":227,"column":null}},"113":{"start":{"line":228,"column":17},"end":{"line":228,"column":null}},"114":{"start":{"line":229,"column":4},"end":{"line":229,"column":null}},"115":{"start":{"line":236,"column":4},"end":{"line":236,"column":null}},"116":{"start":{"line":236,"column":15},"end":{"line":236,"column":null}},"117":{"start":{"line":237,"column":4},"end":{"line":237,"column":null}},"118":{"start":{"line":238,"column":4},"end":{"line":238,"column":null}},"119":{"start":{"line":239,"column":4},"end":{"line":239,"column":null}},"120":{"start":{"line":246,"column":4},"end":{"line":246,"column":null}},"121":{"start":{"line":246,"column":15},"end":{"line":246,"column":null}},"122":{"start":{"line":247,"column":4},"end":{"line":247,"column":null}},"123":{"start":{"line":248,"column":4},"end":{"line":248,"column":null}},"124":{"start":{"line":249,"column":4},"end":{"line":249,"column":null}},"125":{"start":{"line":256,"column":4},"end":{"line":256,"column":null}},"126":{"start":{"line":256,"column":15},"end":{"line":256,"column":null}},"127":{"start":{"line":257,"column":4},"end":{"line":257,"column":null}},"128":{"start":{"line":258,"column":4},"end":{"line":258,"column":null}},"129":{"start":{"line":259,"column":4},"end":{"line":259,"column":null}},"130":{"start":{"line":263,"column":4},"end":{"line":263,"column":null}},"131":{"start":{"line":263,"column":15},"end":{"line":263,"column":null}},"132":{"start":{"line":264,"column":4},"end":{"line":268,"column":null}},"133":{"start":{"line":274,"column":4},"end":{"line":274,"column":null}},"134":{"start":{"line":274,"column":15},"end":{"line":274,"column":null}},"135":{"start":{"line":275,"column":23},"end":{"line":275,"column":null}},"136":{"start":{"line":276,"column":24},"end":{"line":276,"column":null}},"137":{"start":{"line":277,"column":4},"end":{"line":277,"column":null}},"138":{"start":{"line":277,"column":48},"end":{"line":277,"column":null}},"139":{"start":{"line":278,"column":4},"end":{"line":280,"column":null}},"140":{"start":{"line":285,"column":4},"end":{"line":285,"column":null}},"141":{"start":{"line":285,"column":15},"end":{"line":285,"column":null}},"142":{"start":{"line":286,"column":4},"end":{"line":292,"column":null}},"143":{"start":{"line":299,"column":4},"end":{"line":299,"column":null}},"144":{"start":{"line":299,"column":15},"end":{"line":299,"column":null}},"145":{"start":{"line":300,"column":26},"end":{"line":305,"column":null}},"146":{"start":{"line":306,"column":4},"end":{"line":306,"column":null}},"147":{"start":{"line":307,"column":4},"end":{"line":307,"column":null}},"148":{"start":{"line":308,"column":4},"end":{"line":308,"column":null}},"149":{"start":{"line":308,"column":19},"end":{"line":308,"column":null}},"150":{"start":{"line":309,"column":4},"end":{"line":309,"column":null}},"151":{"start":{"line":309,"column":20},"end":{"line":309,"column":null}},"152":{"start":{"line":310,"column":4},"end":{"line":310,"column":null}},"153":{"start":{"line":311,"column":4},"end":{"line":311,"column":null}}},"fnMap":{"0":{"name":"(anonymous_1)","decl":{"start":{"line":15,"column":9},"end":{"line":15,"column":35}},"loc":{"start":{"line":15,"column":35},"end":{"line":17,"column":null}}},"1":{"name":"(anonymous_2)","decl":{"start":{"line":19,"column":9},"end":{"line":19,"column":29}},"loc":{"start":{"line":19,"column":29},"end":{"line":22,"column":null}}},"2":{"name":"(anonymous_3)","decl":{"start":{"line":24,"column":9},"end":{"line":24,"column":21}},"loc":{"start":{"line":24,"column":41},"end":{"line":31,"column":null}}},"3":{"name":"(anonymous_4)","decl":{"start":{"line":33,"column":9},"end":{"line":33,"column":17}},"loc":{"start":{"line":33,"column":45},"end":{"line":35,"column":null}}},"4":{"name":"(anonymous_5)","decl":{"start":{"line":37,"column":9},"end":{"line":37,"column":14}},"loc":{"start":{"line":37,"column":63},"end":{"line":39,"column":null}}},"5":{"name":"(anonymous_6)","decl":{"start":{"line":41,"column":9},"end":{"line":41,"column":23}},"loc":{"start":{"line":41,"column":49},"end":{"line":49,"column":null}}},"6":{"name":"(anonymous_7)","decl":{"start":{"line":51,"column":9},"end":{"line":51,"column":null}},"loc":{"start":{"line":54,"column":20},"end":{"line":62,"column":null}}},"7":{"name":"(anonymous_8)","decl":{"start":{"line":64,"column":9},"end":{"line":64,"column":19}},"loc":{"start":{"line":64,"column":50},"end":{"line":66,"column":null}}},"8":{"name":"(anonymous_9)","decl":{"start":{"line":68,"column":9},"end":{"line":68,"column":21}},"loc":{"start":{"line":71,"column":4},"end":{"line":73,"column":null}}},"9":{"name":"(anonymous_10)","decl":{"start":{"line":75,"column":9},"end":{"line":75,"column":17}},"loc":{"start":{"line":75,"column":52},"end":{"line":77,"column":null}}},"10":{"name":"(anonymous_11)","decl":{"start":{"line":79,"column":9},"end":{"line":79,"column":18}},"loc":{"start":{"line":79,"column":53},"end":{"line":81,"column":null}}},"11":{"name":"(anonymous_12)","decl":{"start":{"line":83,"column":9},"end":{"line":83,"column":19}},"loc":{"start":{"line":83,"column":54},"end":{"line":85,"column":null}}},"12":{"name":"(anonymous_13)","decl":{"start":{"line":87,"column":9},"end":{"line":87,"column":17}},"loc":{"start":{"line":87,"column":32},"end":{"line":98,"column":null}}},"13":{"name":"(anonymous_14)","decl":{"start":{"line":100,"column":9},"end":{"line":100,"column":20}},"loc":{"start":{"line":100,"column":38},"end":{"line":125,"column":null}}},"14":{"name":"(anonymous_15)","decl":{"start":{"line":127,"column":9},"end":{"line":127,"column":20}},"loc":{"start":{"line":127,"column":50},"end":{"line":131,"column":null}}},"15":{"name":"(anonymous_16)","decl":{"start":{"line":133,"column":9},"end":{"line":133,"column":24}},"loc":{"start":{"line":133,"column":24},"end":{"line":135,"column":null}}},"16":{"name":"(anonymous_17)","decl":{"start":{"line":137,"column":9},"end":{"line":137,"column":17}},"loc":{"start":{"line":137,"column":32},"end":{"line":176,"column":null}}},"17":{"name":"(anonymous_18)","decl":{"start":{"line":178,"column":9},"end":{"line":178,"column":26}},"loc":{"start":{"line":178,"column":26},"end":{"line":180,"column":null}}},"18":{"name":"(anonymous_19)","decl":{"start":{"line":182,"column":9},"end":{"line":182,"column":31}},"loc":{"start":{"line":182,"column":31},"end":{"line":184,"column":null}}},"19":{"name":"(anonymous_20)","decl":{"start":{"line":186,"column":9},"end":{"line":186,"column":28}},"loc":{"start":{"line":186,"column":28},"end":{"line":188,"column":null}}},"20":{"name":"(anonymous_21)","decl":{"start":{"line":190,"column":9},"end":{"line":190,"column":32}},"loc":{"start":{"line":190,"column":32},"end":{"line":201,"column":null}}},"21":{"name":"(anonymous_22)","decl":{"start":{"line":194,"column":17},"end":{"line":194,"column":18}},"loc":{"start":{"line":194,"column":18},"end":{"line":196,"column":null}}},"22":{"name":"(anonymous_23)","decl":{"start":{"line":203,"column":9},"end":{"line":203,"column":24}},"loc":{"start":{"line":203,"column":24},"end":{"line":207,"column":null}}},"23":{"name":"(anonymous_24)","decl":{"start":{"line":205,"column":17},"end":{"line":205,"column":18}},"loc":{"start":{"line":205,"column":30},"end":{"line":205,"column":null}}},"24":{"name":"(anonymous_25)","decl":{"start":{"line":209,"column":2},"end":{"line":209,"column":3}},"loc":{"start":{"line":209,"column":36},"end":{"line":221,"column":null}}},"25":{"name":"(anonymous_26)","decl":{"start":{"line":222,"column":10},"end":{"line":222,"column":null}},"loc":{"start":{"line":225,"column":20},"end":{"line":230,"column":null}}},"26":{"name":"(anonymous_27)","decl":{"start":{"line":232,"column":10},"end":{"line":232,"column":null}},"loc":{"start":{"line":235,"column":10},"end":{"line":240,"column":null}}},"27":{"name":"(anonymous_28)","decl":{"start":{"line":242,"column":10},"end":{"line":242,"column":null}},"loc":{"start":{"line":245,"column":10},"end":{"line":250,"column":null}}},"28":{"name":"(anonymous_29)","decl":{"start":{"line":252,"column":10},"end":{"line":252,"column":null}},"loc":{"start":{"line":255,"column":10},"end":{"line":260,"column":null}}},"29":{"name":"(anonymous_30)","decl":{"start":{"line":262,"column":10},"end":{"line":262,"column":26}},"loc":{"start":{"line":262,"column":68},"end":{"line":271,"column":null}}},"30":{"name":"(anonymous_31)","decl":{"start":{"line":273,"column":10},"end":{"line":273,"column":30}},"loc":{"start":{"line":273,"column":73},"end":{"line":282,"column":null}}},"31":{"name":"(anonymous_32)","decl":{"start":{"line":284,"column":10},"end":{"line":284,"column":24}},"loc":{"start":{"line":284,"column":77},"end":{"line":293,"column":null}}},"32":{"name":"(anonymous_33)","decl":{"start":{"line":295,"column":10},"end":{"line":295,"column":null}},"loc":{"start":{"line":298,"column":20},"end":{"line":312,"column":null}}}},"branchMap":{"0":{"loc":{"start":{"line":20,"column":4},"end":{"line":20,"column":null}},"type":"if","locations":[{"start":{"line":20,"column":4},"end":{"line":20,"column":null}},{"start":{},"end":{}}]},"1":{"loc":{"start":{"line":29,"column":4},"end":{"line":29,"column":null}},"type":"if","locations":[{"start":{"line":29,"column":4},"end":{"line":29,"column":null}},{"start":{},"end":{}}]},"2":{"loc":{"start":{"line":29,"column":8},"end":{"line":29,"column":76}},"type":"binary-expr","locations":[{"start":{"line":29,"column":8},"end":{"line":29,"column":21}},{"start":{"line":29,"column":21},"end":{"line":29,"column":53}},{"start":{"line":29,"column":53},"end":{"line":29,"column":76}}]},"3":{"loc":{"start":{"line":30,"column":16},"end":{"line":30,"column":null}},"type":"binary-expr","locations":[{"start":{"line":30,"column":16},"end":{"line":30,"column":44}},{"start":{"line":30,"column":44},"end":{"line":30,"column":null}}]},"4":{"loc":{"start":{"line":34,"column":11},"end":{"line":34,"column":null}},"type":"binary-expr","locations":[{"start":{"line":34,"column":11},"end":{"line":34,"column":31}},{"start":{"line":34,"column":31},"end":{"line":34,"column":null}}]},"5":{"loc":{"start":{"line":46,"column":16},"end":{"line":46,"column":null}},"type":"binary-expr","locations":[{"start":{"line":46,"column":16},"end":{"line":46,"column":30}},{"start":{"line":46,"column":34},"end":{"line":46,"column":null}}]},"6":{"loc":{"start":{"line":59,"column":6},"end":{"line":59,"column":null}},"type":"if","locations":[{"start":{"line":59,"column":6},"end":{"line":59,"column":null}},{"start":{},"end":{}}]},"7":{"loc":{"start":{"line":65,"column":11},"end":{"line":65,"column":null}},"type":"binary-expr","locations":[{"start":{"line":65,"column":11},"end":{"line":65,"column":22}},{"start":{"line":65,"column":26},"end":{"line":65,"column":null}}]},"8":{"loc":{"start":{"line":102,"column":4},"end":{"line":102,"column":null}},"type":"if","locations":[{"start":{"line":102,"column":4},"end":{"line":102,"column":null}},{"start":{},"end":{}}]},"9":{"loc":{"start":{"line":104,"column":4},"end":{"line":108,"column":null}},"type":"if","locations":[{"start":{"line":104,"column":4},"end":{"line":108,"column":null}},{"start":{},"end":{}}]},"10":{"loc":{"start":{"line":111,"column":4},"end":{"line":122,"column":null}},"type":"if","locations":[{"start":{"line":111,"column":4},"end":{"line":122,"column":null}},{"start":{"line":120,"column":11},"end":{"line":122,"column":null}}]},"11":{"loc":{"start":{"line":112,"column":6},"end":{"line":116,"column":null}},"type":"if","locations":[{"start":{"line":112,"column":6},"end":{"line":116,"column":null}},{"start":{"line":114,"column":13},"end":{"line":116,"column":null}}]},"12":{"loc":{"start":{"line":114,"column":13},"end":{"line":116,"column":null}},"type":"if","locations":[{"start":{"line":114,"column":13},"end":{"line":116,"column":null}},{"start":{},"end":{}}]},"13":{"loc":{"start":{"line":117,"column":6},"end":{"line":119,"column":null}},"type":"if","locations":[{"start":{"line":117,"column":6},"end":{"line":119,"column":null}},{"start":{},"end":{}}]},"14":{"loc":{"start":{"line":117,"column":10},"end":{"line":117,"column":39}},"type":"binary-expr","locations":[{"start":{"line":117,"column":10},"end":{"line":117,"column":22}},{"start":{"line":117,"column":26},"end":{"line":117,"column":39}}]},"15":{"loc":{"start":{"line":129,"column":4},"end":{"line":129,"column":null}},"type":"if","locations":[{"start":{"line":129,"column":4},"end":{"line":129,"column":null}},{"start":{},"end":{}}]},"16":{"loc":{"start":{"line":138,"column":4},"end":{"line":143,"column":null}},"type":"if","locations":[{"start":{"line":138,"column":4},"end":{"line":143,"column":null}},{"start":{},"end":{}}]},"17":{"loc":{"start":{"line":148,"column":6},"end":{"line":159,"column":null}},"type":"if","locations":[{"start":{"line":148,"column":6},"end":{"line":159,"column":null}},{"start":{},"end":{}}]},"18":{"loc":{"start":{"line":160,"column":6},"end":{"line":171,"column":null}},"type":"if","locations":[{"start":{"line":160,"column":6},"end":{"line":171,"column":null}},{"start":{},"end":{}}]},"19":{"loc":{"start":{"line":192,"column":4},"end":{"line":192,"column":null}},"type":"if","locations":[{"start":{"line":192,"column":4},"end":{"line":192,"column":null}},{"start":{},"end":{}}]},"20":{"loc":{"start":{"line":212,"column":11},"end":{"line":212,"column":40}},"type":"binary-expr","locations":[{"start":{"line":212,"column":11},"end":{"line":212,"column":31}},{"start":{"line":212,"column":31},"end":{"line":212,"column":40}}]},"21":{"loc":{"start":{"line":215,"column":18},"end":{"line":215,"column":null}},"type":"binary-expr","locations":[{"start":{"line":215,"column":18},"end":{"line":215,"column":30}},{"start":{"line":215,"column":34},"end":{"line":215,"column":null}}]},"22":{"loc":{"start":{"line":219,"column":16},"end":{"line":219,"column":null}},"type":"binary-expr","locations":[{"start":{"line":219,"column":16},"end":{"line":219,"column":29}},{"start":{"line":219,"column":33},"end":{"line":219,"column":null}}]},"23":{"loc":{"start":{"line":226,"column":4},"end":{"line":226,"column":null}},"type":"if","locations":[{"start":{"line":226,"column":4},"end":{"line":226,"column":null}},{"start":{},"end":{}}]},"24":{"loc":{"start":{"line":227,"column":4},"end":{"line":227,"column":null}},"type":"if","locations":[{"start":{"line":227,"column":4},"end":{"line":227,"column":null}},{"start":{},"end":{}}]},"25":{"loc":{"start":{"line":229,"column":11},"end":{"line":229,"column":null}},"type":"binary-expr","locations":[{"start":{"line":229,"column":11},"end":{"line":229,"column":19}},{"start":{"line":229,"column":19},"end":{"line":229,"column":null}}]},"26":{"loc":{"start":{"line":236,"column":4},"end":{"line":236,"column":null}},"type":"if","locations":[{"start":{"line":236,"column":4},"end":{"line":236,"column":null}},{"start":{},"end":{}}]},"27":{"loc":{"start":{"line":246,"column":4},"end":{"line":246,"column":null}},"type":"if","locations":[{"start":{"line":246,"column":4},"end":{"line":246,"column":null}},{"start":{},"end":{}}]},"28":{"loc":{"start":{"line":256,"column":4},"end":{"line":256,"column":null}},"type":"if","locations":[{"start":{"line":256,"column":4},"end":{"line":256,"column":null}},{"start":{},"end":{}}]},"29":{"loc":{"start":{"line":263,"column":4},"end":{"line":263,"column":null}},"type":"if","locations":[{"start":{"line":263,"column":4},"end":{"line":263,"column":null}},{"start":{},"end":{}}]},"30":{"loc":{"start":{"line":274,"column":4},"end":{"line":274,"column":null}},"type":"if","locations":[{"start":{"line":274,"column":4},"end":{"line":274,"column":null}},{"start":{},"end":{}}]},"31":{"loc":{"start":{"line":277,"column":4},"end":{"line":277,"column":null}},"type":"if","locations":[{"start":{"line":277,"column":4},"end":{"line":277,"column":null}},{"start":{},"end":{}}]},"32":{"loc":{"start":{"line":279,"column":6},"end":{"line":280,"column":null}},"type":"binary-expr","locations":[{"start":{"line":279,"column":6},"end":{"line":279,"column":null}},{"start":{"line":280,"column":6},"end":{"line":280,"column":null}}]},"33":{"loc":{"start":{"line":285,"column":4},"end":{"line":285,"column":null}},"type":"if","locations":[{"start":{"line":285,"column":4},"end":{"line":285,"column":null}},{"start":{},"end":{}}]},"34":{"loc":{"start":{"line":299,"column":4},"end":{"line":299,"column":null}},"type":"if","locations":[{"start":{"line":299,"column":4},"end":{"line":299,"column":null}},{"start":{},"end":{}}]},"35":{"loc":{"start":{"line":306,"column":16},"end":{"line":306,"column":null}},"type":"binary-expr","locations":[{"start":{"line":306,"column":16},"end":{"line":306,"column":51}},{"start":{"line":306,"column":51},"end":{"line":306,"column":null}}]},"36":{"loc":{"start":{"line":307,"column":17},"end":{"line":307,"column":null}},"type":"binary-expr","locations":[{"start":{"line":307,"column":17},"end":{"line":307,"column":53}},{"start":{"line":307,"column":53},"end":{"line":307,"column":null}}]},"37":{"loc":{"start":{"line":308,"column":4},"end":{"line":308,"column":null}},"type":"if","locations":[{"start":{"line":308,"column":4},"end":{"line":308,"column":null}},{"start":{},"end":{}}]},"38":{"loc":{"start":{"line":309,"column":4},"end":{"line":309,"column":null}},"type":"if","locations":[{"start":{"line":309,"column":4},"end":{"line":309,"column":null}},{"start":{},"end":{}}]}},"s":{"0":51,"1":52,"2":52,"3":52,"4":16,"5":8,"6":1,"7":7,"8":8,"9":8,"10":8,"11":8,"12":6,"13":1,"14":5,"15":3,"16":14,"17":3,"18":3,"19":3,"20":9,"21":9,"22":3,"23":1,"24":1,"25":1,"26":1,"27":2,"28":1,"29":0,"30":2,"31":1,"32":21,"33":1,"34":1,"35":4,"36":4,"37":4,"38":4,"39":4,"40":4,"41":9,"42":9,"43":1,"44":8,"45":1,"46":7,"47":7,"48":6,"49":3,"50":3,"51":3,"52":6,"53":3,"54":1,"55":7,"56":2,"57":2,"58":1,"59":1,"60":44,"61":257,"62":29,"63":29,"64":29,"65":29,"66":228,"67":228,"68":2816,"69":2816,"70":118,"71":118,"72":118,"73":118,"74":118,"75":2698,"76":110,"77":110,"78":110,"79":110,"80":110,"81":2588,"82":2588,"83":0,"84":11,"85":128,"86":4,"87":1,"88":1,"89":0,"90":1,"91":1,"92":4,"93":1,"94":4,"95":1,"96":15,"97":15,"98":92,"99":15,"100":2,"101":2,"102":2,"103":10,"104":10,"105":10,"106":10,"107":10,"108":10,"109":72,"110":23,"111":49,"112":13,"113":36,"114":36,"115":267,"116":144,"117":123,"118":123,"119":123,"120":15,"121":8,"122":7,"123":7,"124":7,"125":15,"126":8,"127":7,"128":7,"129":7,"130":53511,"131":32072,"132":21439,"133":10750,"134":5439,"135":5311,"136":5311,"137":5311,"138":0,"139":5311,"140":91,"141":49,"142":42,"143":77,"144":41,"145":36,"146":36,"147":36,"148":36,"149":16,"150":36,"151":15,"152":36,"153":36},"f":{"0":16,"1":8,"2":8,"3":3,"4":14,"5":3,"6":1,"7":2,"8":1,"9":21,"10":1,"11":1,"12":4,"13":9,"14":2,"15":44,"16":257,"17":11,"18":128,"19":4,"20":1,"21":4,"22":15,"23":92,"24":2,"25":72,"26":267,"27":15,"28":15,"29":53511,"30":10750,"31":91,"32":77},"b":{"0":[1,7],"1":[1,5],"2":[6,6,6],"3":[5,0],"4":[3,2],"5":[9,3],"6":[1,1],"7":[2,1],"8":[1,8],"9":[1,7],"10":[6,1],"11":[3,3],"12":[3,0],"13":[3,3],"14":[6,3],"15":[1,1],"16":[29,228],"17":[118,2698],"18":[110,2588],"19":[0,1],"20":[12,7],"21":[10,6],"22":[10,6],"23":[23,49],"24":[13,36],"25":[36,22],"26":[144,123],"27":[8,7],"28":[8,7],"29":[32072,21439],"30":[5439,5311],"31":[0,5311],"32":[5311,5311],"33":[49,42],"34":[41,36],"35":[36,20],"36":[36,21],"37":[16,20],"38":[15,21]}}
,"D:\\progects\\startups\\sorokchat\\cryptography\\src\\node\\delivering\\ecdh.service.ts": {"path":"D:\\progects\\startups\\sorokchat\\cryptography\\src\\node\\delivering\\ecdh.service.ts","statementMap":{"0":{"start":{"line":8,"column":13},"end":{"line":8,"column":null}},"1":{"start":{"line":1,"column":19},"end":{"line":1,"column":null}},"2":{"start":{"line":9,"column":42},"end":{"line":9,"column":55}},"3":{"start":{"line":11,"column":31},"end":{"line":11,"column":55}},"4":{"start":{"line":14,"column":17},"end":{"line":14,"column":null}},"5":{"start":{"line":15,"column":4},"end":{"line":25,"column":null}},"6":{"start":{"line":16,"column":19},"end":{"line":16,"column":null}},"7":{"start":{"line":17,"column":21},"end":{"line":18,"column":null}},"8":{"start":{"line":20,"column":31},"end":{"line":20,"column":null}},"9":{"start":{"line":21,"column":28},"end":{"line":21,"column":null}},"10":{"start":{"line":22,"column":6},"end":{"line":22,"column":null}},"11":{"start":{"line":24,"column":6},"end":{"line":24,"column":null}},"12":{"start":{"line":26,"column":22},"end":{"line":26,"column":null}},"13":{"start":{"line":27,"column":23},"end":{"line":27,"column":null}},"14":{"start":{"line":28,"column":4},"end":{"line":31,"column":null}},"15":{"start":{"line":38,"column":4},"end":{"line":40,"column":null}},"16":{"start":{"line":39,"column":6},"end":{"line":39,"column":null}},"17":{"start":{"line":41,"column":4},"end":{"line":43,"column":null}},"18":{"start":{"line":42,"column":6},"end":{"line":42,"column":null}},"19":{"start":{"line":44,"column":17},"end":{"line":44,"column":null}},"20":{"start":{"line":45,"column":22},"end":{"line":45,"column":null}},"21":{"start":{"line":46,"column":4},"end":{"line":46,"column":null}},"22":{"start":{"line":47,"column":4},"end":{"line":47,"column":null}}},"fnMap":{"0":{"name":"(anonymous_2)","decl":{"start":{"line":11,"column":2},"end":{"line":11,"column":14}},"loc":{"start":{"line":11,"column":57},"end":{"line":11,"column":null}}},"1":{"name":"(anonymous_3)","decl":{"start":{"line":13,"column":2},"end":{"line":13,"column":15}},"loc":{"start":{"line":13,"column":68},"end":{"line":32,"column":null}}},"2":{"name":"(anonymous_4)","decl":{"start":{"line":34,"column":2},"end":{"line":34,"column":15}},"loc":{"start":{"line":37,"column":21},"end":{"line":48,"column":null}}}},"branchMap":{"0":{"loc":{"start":{"line":15,"column":4},"end":{"line":25,"column":null}},"type":"if","locations":[{"start":{"line":15,"column":4},"end":{"line":25,"column":null}},{"start":{"line":23,"column":11},"end":{"line":25,"column":null}}]},"1":{"loc":{"start":{"line":38,"column":4},"end":{"line":40,"column":null}},"type":"if","locations":[{"start":{"line":38,"column":4},"end":{"line":40,"column":null}},{"start":{},"end":{}}]},"2":{"loc":{"start":{"line":41,"column":4},"end":{"line":43,"column":null}},"type":"if","locations":[{"start":{"line":41,"column":4},"end":{"line":43,"column":null}},{"start":{},"end":{}}]}},"s":{"0":16,"1":1,"2":1,"3":16,"4":19,"5":19,"6":9,"7":9,"8":9,"9":9,"10":9,"11":10,"12":19,"13":19,"14":19,"15":9,"16":2,"17":7,"18":1,"19":6,"20":6,"21":6,"22":6},"f":{"0":16,"1":19,"2":9},"b":{"0":[9,10],"1":[2,7],"2":[1,6]}}
,"D:\\progects\\startups\\sorokchat\\cryptography\\src\\node\\encryption\\symmetric\\aes.service.ts": {"path":"D:\\progects\\startups\\sorokchat\\cryptography\\src\\node\\encryption\\symmetric\\aes.service.ts","statementMap":{"0":{"start":{"line":4,"column":13},"end":{"line":4,"column":null}},"1":{"start":{"line":2,"column":19},"end":{"line":2,"column":null}},"2":{"start":{"line":5,"column":46},"end":{"line":5,"column":60}},"3":{"start":{"line":6,"column":47},"end":{"line":6,"column":54}},"4":{"start":{"line":7,"column":47},"end":{"line":7,"column":50}},"5":{"start":{"line":8,"column":43},"end":{"line":8,"column":52}},"6":{"start":{"line":15,"column":23},"end":{"line":15,"column":null}},"7":{"start":{"line":16,"column":21},"end":{"line":16,"column":null}},"8":{"start":{"line":17,"column":21},"end":{"line":17,"column":null}},"9":{"start":{"line":18,"column":19},"end":{"line":21,"column":null}},"10":{"start":{"line":23,"column":20},"end":{"line":23,"column":null}},"11":{"start":{"line":24,"column":4},"end":{"line":24,"column":null}},"12":{"start":{"line":25,"column":4},"end":{"line":25,"column":null}},"13":{"start":{"line":32,"column":23},"end":{"line":32,"column":null}},"14":{"start":{"line":33,"column":21},"end":{"line":33,"column":null}},"15":{"start":{"line":34,"column":22},"end":{"line":34,"column":null}},"16":{"start":{"line":35,"column":21},"end":{"line":38,"column":null}},"17":{"start":{"line":40,"column":20},"end":{"line":40,"column":null}},"18":{"start":{"line":41,"column":4},"end":{"line":41,"column":null}},"19":{"start":{"line":42,"column":4},"end":{"line":42,"column":null}},"20":{"start":{"line":46,"column":4},"end":{"line":58,"column":null}},"21":{"start":{"line":47,"column":6},"end":{"line":56,"column":null}},"22":{"start":{"line":54,"column":10},"end":{"line":55,"column":null}},"23":{"start":{"line":54,"column":19},"end":{"line":54,"column":null}},"24":{"start":{"line":55,"column":15},"end":{"line":55,"column":null}}},"fnMap":{"0":{"name":"(anonymous_2)","decl":{"start":{"line":10,"column":2},"end":{"line":10,"column":15}},"loc":{"start":{"line":14,"column":21},"end":{"line":26,"column":null}}},"1":{"name":"(anonymous_3)","decl":{"start":{"line":27,"column":2},"end":{"line":27,"column":15}},"loc":{"start":{"line":31,"column":21},"end":{"line":43,"column":null}}},"2":{"name":"(anonymous_4)","decl":{"start":{"line":45,"column":10},"end":{"line":45,"column":20}},"loc":{"start":{"line":45,"column":69},"end":{"line":59,"column":null}}},"3":{"name":"(anonymous_5)","decl":{"start":{"line":46,"column":23},"end":{"line":46,"column":24}},"loc":{"start":{"line":46,"column":33},"end":{"line":58,"column":null}}},"4":{"name":"(anonymous_6)","decl":{"start":{"line":53,"column":8},"end":{"line":53,"column":9}},"loc":{"start":{"line":53,"column":14},"end":{"line":56,"column":null}}}},"branchMap":{"0":{"loc":{"start":{"line":54,"column":10},"end":{"line":55,"column":null}},"type":"if","locations":[{"start":{"line":54,"column":10},"end":{"line":55,"column":null}},{"start":{"line":55,"column":15},"end":{"line":55,"column":null}}]}},"s":{"0":3,"1":1,"2":1,"3":1,"4":1,"5":1,"6":2,"7":2,"8":2,"9":1,"10":1,"11":1,"12":1,"13":1,"14":1,"15":1,"16":1,"17":1,"18":1,"19":1,"20":3,"21":3,"22":3,"23":1,"24":2},"f":{"0":2,"1":1,"2":3,"3":3,"4":3},"b":{"0":[1,2]}}
,"D:\\progects\\startups\\sorokchat\\cryptography\\src\\node\\hashing\\index.ts": {"path":"D:\\progects\\startups\\sorokchat\\cryptography\\src\\node\\hashing\\index.ts","statementMap":{"0":{"start":{"line":1,"column":9},"end":{"line":1,"column":30}},"1":{"start":{"line":1,"column":30},"end":{"line":1,"column":null}}},"fnMap":{},"branchMap":{},"s":{"0":16,"1":1},"f":{},"b":{}}
,"D:\\progects\\startups\\sorokchat\\cryptography\\src\\node\\hashing\\sha256.service.ts": {"path":"D:\\progects\\startups\\sorokchat\\cryptography\\src\\node\\hashing\\sha256.service.ts","statementMap":{"0":{"start":{"line":4,"column":13},"end":{"line":4,"column":null}},"1":{"start":{"line":2,"column":19},"end":{"line":2,"column":null}},"2":{"start":{"line":6,"column":4},"end":{"line":6,"column":null}}},"fnMap":{"0":{"name":"(anonymous_2)","decl":{"start":{"line":5,"column":2},"end":{"line":5,"column":15}},"loc":{"start":{"line":5,"column":56},"end":{"line":7,"column":null}}}},"branchMap":{},"s":{"0":17,"1":2,"2":10},"f":{"0":10},"b":{}}
,"D:\\progects\\startups\\sorokchat\\cryptography\\src\\node\\keys\\derivation\\hkdf.service.ts": {"path":"D:\\progects\\startups\\sorokchat\\cryptography\\src\\node\\keys\\derivation\\hkdf.service.ts","statementMap":{"0":{"start":{"line":7,"column":13},"end":{"line":7,"column":null}},"1":{"start":{"line":5,"column":19},"end":{"line":5,"column":null}},"2":{"start":{"line":8,"column":41},"end":{"line":8,"column":50}},"3":{"start":{"line":11,"column":68},"end":{"line":11,"column":null}},"4":{"start":{"line":12,"column":25},"end":{"line":12,"column":null}},"5":{"start":{"line":13,"column":23},"end":{"line":13,"column":null}},"6":{"start":{"line":14,"column":23},"end":{"line":14,"column":null}},"7":{"start":{"line":15,"column":25},"end":{"line":20,"column":null}},"8":{"start":{"line":22,"column":4},"end":{"line":22,"column":null}}},"fnMap":{"0":{"name":"(anonymous_2)","decl":{"start":{"line":10,"column":2},"end":{"line":10,"column":15}},"loc":{"start":{"line":10,"column":79},"end":{"line":23,"column":null}}}},"branchMap":{"0":{"loc":{"start":{"line":11,"column":40},"end":{"line":11,"column":63}},"type":"default-arg","locations":[{"start":{"line":11,"column":47},"end":{"line":11,"column":63}}]},"1":{"loc":{"start":{"line":13,"column":23},"end":{"line":13,"column":null}},"type":"cond-expr","locations":[{"start":{"line":13,"column":44},"end":{"line":13,"column":64}},{"start":{"line":13,"column":64},"end":{"line":13,"column":null}}]},"2":{"loc":{"start":{"line":14,"column":23},"end":{"line":14,"column":null}},"type":"cond-expr","locations":[{"start":{"line":14,"column":44},"end":{"line":14,"column":64}},{"start":{"line":14,"column":64},"end":{"line":14,"column":null}}]}},"s":{"0":8,"1":1,"2":8,"3":12,"4":12,"5":12,"6":12,"7":12,"8":11},"f":{"0":12},"b":{"0":[12],"1":[11,1],"2":[11,1]}}
,"D:\\progects\\startups\\sorokchat\\cryptography\\src\\node\\keys\\generation\\symmetric\\aes-random-key-generation.service.ts": {"path":"D:\\progects\\startups\\sorokchat\\cryptography\\src\\node\\keys\\generation\\symmetric\\aes-random-key-generation.service.ts","statementMap":{"0":{"start":{"line":4,"column":13},"end":{"line":4,"column":null}},"1":{"start":{"line":2,"column":19},"end":{"line":2,"column":null}},"2":{"start":{"line":5,"column":31},"end":{"line":5,"column":49}},"3":{"start":{"line":8,"column":4},"end":{"line":8,"column":null}}},"fnMap":{"0":{"name":"(anonymous_2)","decl":{"start":{"line":5,"column":2},"end":{"line":5,"column":14}},"loc":{"start":{"line":5,"column":51},"end":{"line":5,"column":null}}},"1":{"name":"(anonymous_3)","decl":{"start":{"line":7,"column":2},"end":{"line":7,"column":15}},"loc":{"start":{"line":7,"column":59},"end":{"line":9,"column":null}}}},"branchMap":{},"s":{"0":1,"1":1,"2":1,"3":1},"f":{"0":1,"1":1},"b":{}}
,"D:\\progects\\startups\\sorokchat\\cryptography\\src\\node\\signing\\hmac.service.ts": {"path":"D:\\progects\\startups\\sorokchat\\cryptography\\src\\node\\signing\\hmac.service.ts","statementMap":{"0":{"start":{"line":4,"column":13},"end":{"line":4,"column":null}},"1":{"start":{"line":2,"column":44},"end":{"line":2,"column":null}},"2":{"start":{"line":8,"column":4},"end":{"line":8,"column":null}},"3":{"start":{"line":12,"column":4},"end":{"line":14,"column":null}},"4":{"start":{"line":22,"column":4},"end":{"line":30,"column":null}},"5":{"start":{"line":23,"column":23},"end":{"line":23,"column":null}},"6":{"start":{"line":24,"column":6},"end":{"line":26,"column":null}},"7":{"start":{"line":29,"column":6},"end":{"line":29,"column":null}}},"fnMap":{"0":{"name":"(anonymous_1)","decl":{"start":{"line":7,"column":2},"end":{"line":7,"column":14}},"loc":{"start":{"line":7,"column":44},"end":{"line":9,"column":null}}},"1":{"name":"(anonymous_2)","decl":{"start":{"line":11,"column":2},"end":{"line":11,"column":15}},"loc":{"start":{"line":11,"column":67},"end":{"line":15,"column":null}}},"2":{"name":"(anonymous_3)","decl":{"start":{"line":17,"column":2},"end":{"line":17,"column":15}},"loc":{"start":{"line":21,"column":22},"end":{"line":31,"column":null}}}},"branchMap":{"0":{"loc":{"start":{"line":7,"column":14},"end":{"line":7,"column":42}},"type":"default-arg","locations":[{"start":{"line":7,"column":34},"end":{"line":7,"column":42}}]}},"s":{"0":3,"1":1,"2":3,"3":3,"4":2,"5":2,"6":2,"7":1},"f":{"0":3,"1":3,"2":2},"b":{"0":[3]}}
}
