{"D:\\progects\\startups\\sorokchat\\cryptography\\src\\browser\\delivering\\ecdh.service.ts": {"path":"D:\\progects\\startups\\sorokchat\\cryptography\\src\\browser\\delivering\\ecdh.service.ts","statementMap":{"0":{"start":{"line":4,"column":13},"end":{"line":4,"column":null}},"1":{"start":{"line":1,"column":25},"end":{"line":1,"column":null}},"2":{"start":{"line":5,"column":34},"end":{"line":5,"column":41}},"3":{"start":{"line":8,"column":15},"end":{"line":8,"column":null}},"4":{"start":{"line":9,"column":20},"end":{"line":9,"column":null}},"5":{"start":{"line":10,"column":4},"end":{"line":13,"column":null}},"6":{"start":{"line":20,"column":4},"end":{"line":22,"column":null}},"7":{"start":{"line":21,"column":6},"end":{"line":21,"column":null}},"8":{"start":{"line":23,"column":4},"end":{"line":25,"column":null}},"9":{"start":{"line":24,"column":6},"end":{"line":24,"column":null}},"10":{"start":{"line":26,"column":15},"end":{"line":26,"column":null}},"11":{"start":{"line":27,"column":20},"end":{"line":27,"column":null}},"12":{"start":{"line":28,"column":21},"end":{"line":28,"column":null}},"13":{"start":{"line":29,"column":19},"end":{"line":29,"column":null}},"14":{"start":{"line":30,"column":4},"end":{"line":30,"column":null}}},"fnMap":{"0":{"name":"(anonymous_1)","decl":{"start":{"line":7,"column":2},"end":{"line":7,"column":15}},"loc":{"start":{"line":7,"column":55},"end":{"line":14,"column":null}}},"1":{"name":"(anonymous_2)","decl":{"start":{"line":16,"column":2},"end":{"line":16,"column":15}},"loc":{"start":{"line":19,"column":21},"end":{"line":31,"column":null}}}},"branchMap":{"0":{"loc":{"start":{"line":20,"column":4},"end":{"line":22,"column":null}},"type":"if","locations":[{"start":{"line":20,"column":4},"end":{"line":22,"column":null}},{"start":{},"end":{}}]},"1":{"loc":{"start":{"line":23,"column":4},"end":{"line":25,"column":null}},"type":"if","locations":[{"start":{"line":23,"column":4},"end":{"line":25,"column":null}},{"start":{},"end":{}}]}},"s":{"0":5,"1":1,"2":1,"3":8,"4":8,"5":8,"6":7,"7":2,"8":5,"9":1,"10":4,"11":4,"12":4,"13":4,"14":4},"f":{"0":8,"1":7},"b":{"0":[2,5],"1":[1,4]}}
,"D:\\progects\\startups\\sorokchat\\cryptography\\src\\browser\\encryption\\symmetric\\aes.service.ts": {"path":"D:\\progects\\startups\\sorokchat\\cryptography\\src\\browser\\encryption\\symmetric\\aes.service.ts","statementMap":{"0":{"start":{"line":3,"column":13},"end":{"line":3,"column":null}},"1":{"start":{"line":4,"column":39},"end":{"line":4,"column":46}},"2":{"start":{"line":5,"column":33},"end":{"line":5,"column":43}},"3":{"start":{"line":6,"column":39},"end":{"line":6,"column":42}},"4":{"start":{"line":9,"column":17},"end":{"line":9,"column":null}},"5":{"start":{"line":10,"column":22},"end":{"line":10,"column":null}},"6":{"start":{"line":11,"column":15},"end":{"line":11,"column":null}},"7":{"start":{"line":12,"column":22},"end":{"line":17,"column":null}},"8":{"start":{"line":19,"column":20},"end":{"line":19,"column":null}},"9":{"start":{"line":20,"column":17},"end":{"line":20,"column":null}},"10":{"start":{"line":21,"column":22},"end":{"line":24,"column":null}},"11":{"start":{"line":26,"column":20},"end":{"line":26,"column":null}},"12":{"start":{"line":27,"column":18},"end":{"line":27,"column":null}},"13":{"start":{"line":28,"column":25},"end":{"line":28,"column":null}},"14":{"start":{"line":29,"column":4},"end":{"line":29,"column":null}},"15":{"start":{"line":33,"column":18},"end":{"line":33,"column":null}},"16":{"start":{"line":34,"column":4},"end":{"line":36,"column":null}},"17":{"start":{"line":35,"column":6},"end":{"line":35,"column":null}},"18":{"start":{"line":38,"column":43},"end":{"line":38,"column":null}},"19":{"start":{"line":39,"column":17},"end":{"line":39,"column":null}},"20":{"start":{"line":40,"column":15},"end":{"line":40,"column":null}},"21":{"start":{"line":41,"column":17},"end":{"line":41,"column":null}},"22":{"start":{"line":42,"column":22},"end":{"line":42,"column":null}},"23":{"start":{"line":43,"column":22},"end":{"line":48,"column":null}},"24":{"start":{"line":50,"column":22},"end":{"line":53,"column":null}},"25":{"start":{"line":56,"column":20},"end":{"line":56,"column":null}},"26":{"start":{"line":57,"column":4},"end":{"line":57,"column":null}},"27":{"start":{"line":64,"column":20},"end":{"line":64,"column":null}},"28":{"start":{"line":65,"column":27},"end":{"line":65,"column":null}},"29":{"start":{"line":67,"column":22},"end":{"line":72,"column":null}},"30":{"start":{"line":75,"column":24},"end":{"line":83,"column":null}},"31":{"start":{"line":85,"column":4},"end":{"line":85,"column":null}},"32":{"start":{"line":89,"column":4},"end":{"line":91,"column":null}},"33":{"start":{"line":90,"column":18},"end":{"line":90,"column":null}},"34":{"start":{"line":95,"column":4},"end":{"line":97,"column":null}},"35":{"start":{"line":96,"column":6},"end":{"line":96,"column":null}},"36":{"start":{"line":98,"column":4},"end":{"line":100,"column":null}},"37":{"start":{"line":99,"column":6},"end":{"line":99,"column":null}},"38":{"start":{"line":101,"column":18},"end":{"line":101,"column":null}},"39":{"start":{"line":102,"column":4},"end":{"line":104,"column":null}},"40":{"start":{"line":102,"column":17},"end":{"line":102,"column":20}},"41":{"start":{"line":103,"column":6},"end":{"line":103,"column":null}},"42":{"start":{"line":105,"column":4},"end":{"line":105,"column":null}}},"fnMap":{"0":{"name":"(anonymous_1)","decl":{"start":{"line":8,"column":2},"end":{"line":8,"column":15}},"loc":{"start":{"line":8,"column":72},"end":{"line":30,"column":null}}},"1":{"name":"(anonymous_2)","decl":{"start":{"line":32,"column":2},"end":{"line":32,"column":15}},"loc":{"start":{"line":32,"column":72},"end":{"line":58,"column":null}}},"2":{"name":"(anonymous_3)","decl":{"start":{"line":60,"column":2},"end":{"line":60,"column":16}},"loc":{"start":{"line":63,"column":25},"end":{"line":86,"column":null}}},"3":{"name":"(anonymous_4)","decl":{"start":{"line":88,"column":10},"end":{"line":88,"column":22}},"loc":{"start":{"line":88,"column":50},"end":{"line":92,"column":null}}},"4":{"name":"(anonymous_5)","decl":{"start":{"line":90,"column":11},"end":{"line":90,"column":12}},"loc":{"start":{"line":90,"column":18},"end":{"line":90,"column":null}}},"5":{"name":"(anonymous_6)","decl":{"start":{"line":94,"column":10},"end":{"line":94,"column":22}},"loc":{"start":{"line":94,"column":47},"end":{"line":106,"column":null}}}},"branchMap":{"0":{"loc":{"start":{"line":34,"column":4},"end":{"line":36,"column":null}},"type":"if","locations":[{"start":{"line":34,"column":4},"end":{"line":36,"column":null}},{"start":{},"end":{}}]},"1":{"loc":{"start":{"line":95,"column":4},"end":{"line":97,"column":null}},"type":"if","locations":[{"start":{"line":95,"column":4},"end":{"line":97,"column":null}},{"start":{},"end":{}}]},"2":{"loc":{"start":{"line":98,"column":4},"end":{"line":100,"column":null}},"type":"if","locations":[{"start":{"line":98,"column":4},"end":{"line":100,"column":null}},{"start":{},"end":{}}]}},"s":{"0":2,"1":1,"2":1,"3":1,"4":2,"5":2,"6":2,"7":2,"8":2,"9":2,"10":2,"11":2,"12":2,"13":2,"14":2,"15":1,"16":1,"17":0,"18":1,"19":1,"20":1,"21":1,"22":1,"23":1,"24":1,"25":1,"26":1,"27":3,"28":3,"29":3,"30":3,"31":3,"32":6,"33":112,"34":3,"35":0,"36":3,"37":0,"38":3,"39":3,"40":3,"41":56,"42":3},"f":{"0":2,"1":1,"2":3,"3":6,"4":112,"5":3},"b":{"0":[0,1],"1":[0,3],"2":[0,3]}}
,"D:\\progects\\startups\\sorokchat\\cryptography\\src\\browser\\hashing\\sha256.service.ts": {"path":"D:\\progects\\startups\\sorokchat\\cryptography\\src\\browser\\hashing\\sha256.service.ts","statementMap":{"0":{"start":{"line":3,"column":13},"end":{"line":3,"column":null}},"1":{"start":{"line":5,"column":20},"end":{"line":5,"column":null}},"2":{"start":{"line":6,"column":17},"end":{"line":6,"column":null}},"3":{"start":{"line":7,"column":23},"end":{"line":7,"column":null}},"4":{"start":{"line":8,"column":22},"end":{"line":8,"column":null}},"5":{"start":{"line":9,"column":4},"end":{"line":11,"column":null}},"6":{"start":{"line":10,"column":18},"end":{"line":10,"column":null}}},"fnMap":{"0":{"name":"(anonymous_1)","decl":{"start":{"line":4,"column":2},"end":{"line":4,"column":15}},"loc":{"start":{"line":4,"column":56},"end":{"line":12,"column":null}}},"1":{"name":"(anonymous_2)","decl":{"start":{"line":10,"column":11},"end":{"line":10,"column":12}},"loc":{"start":{"line":10,"column":18},"end":{"line":10,"column":null}}}},"branchMap":{},"s":{"0":1,"1":1,"2":1,"3":1,"4":1,"5":1,"6":32},"f":{"0":1,"1":32},"b":{}}
,"D:\\progects\\startups\\sorokchat\\cryptography\\src\\browser\\keys\\derivation\\hkdf.service.ts": {"path":"D:\\progects\\startups\\sorokchat\\cryptography\\src\\browser\\keys\\derivation\\hkdf.service.ts","statementMap":{"0":{"start":{"line":6,"column":13},"end":{"line":6,"column":null}},"1":{"start":{"line":7,"column":41},"end":{"line":7,"column":51}},"2":{"start":{"line":10,"column":68},"end":{"line":10,"column":null}},"3":{"start":{"line":11,"column":4},"end":{"line":11,"column":null}},"4":{"start":{"line":11,"column":22},"end":{"line":11,"column":null}},"5":{"start":{"line":12,"column":20},"end":{"line":12,"column":null}},"6":{"start":{"line":13,"column":23},"end":{"line":13,"column":null}},"7":{"start":{"line":14,"column":21},"end":{"line":14,"column":null}},"8":{"start":{"line":15,"column":21},"end":{"line":15,"column":null}},"9":{"start":{"line":16,"column":44},"end":{"line":20,"column":null}},"10":{"start":{"line":21,"column":20},"end":{"line":21,"column":null}},"11":{"start":{"line":22,"column":16},"end":{"line":27,"column":null}},"12":{"start":{"line":29,"column":17},"end":{"line":37,"column":null}},"13":{"start":{"line":40,"column":18},"end":{"line":40,"column":null}},"14":{"start":{"line":41,"column":4},"end":{"line":43,"column":null}},"15":{"start":{"line":42,"column":18},"end":{"line":42,"column":null}}},"fnMap":{"0":{"name":"(anonymous_1)","decl":{"start":{"line":9,"column":2},"end":{"line":9,"column":15}},"loc":{"start":{"line":9,"column":79},"end":{"line":44,"column":null}}},"1":{"name":"(anonymous_2)","decl":{"start":{"line":42,"column":11},"end":{"line":42,"column":12}},"loc":{"start":{"line":42,"column":18},"end":{"line":42,"column":null}}}},"branchMap":{"0":{"loc":{"start":{"line":10,"column":40},"end":{"line":10,"column":63}},"type":"default-arg","locations":[{"start":{"line":10,"column":47},"end":{"line":10,"column":63}}]},"1":{"loc":{"start":{"line":11,"column":4},"end":{"line":11,"column":null}},"type":"if","locations":[{"start":{"line":11,"column":4},"end":{"line":11,"column":null}},{"start":{},"end":{}}]},"2":{"loc":{"start":{"line":14,"column":21},"end":{"line":14,"column":null}},"type":"cond-expr","locations":[{"start":{"line":14,"column":28},"end":{"line":14,"column":51}},{"start":{"line":14,"column":51},"end":{"line":14,"column":null}}]},"3":{"loc":{"start":{"line":15,"column":21},"end":{"line":15,"column":null}},"type":"cond-expr","locations":[{"start":{"line":15,"column":28},"end":{"line":15,"column":51}},{"start":{"line":15,"column":51},"end":{"line":15,"column":null}}]},"4":{"loc":{"start":{"line":21,"column":20},"end":{"line":21,"column":null}},"type":"binary-expr","locations":[{"start":{"line":21,"column":20},"end":{"line":21,"column":47}},{"start":{"line":21,"column":51},"end":{"line":21,"column":null}}]}},"s":{"0":8,"1":8,"2":12,"3":12,"4":1,"5":11,"6":11,"7":11,"8":11,"9":11,"10":11,"11":11,"12":11,"13":11,"14":11,"15":336},"f":{"0":12,"1":336},"b":{"0":[12],"1":[1,11],"2":[10,1],"3":[10,1],"4":[11,11]}}
,"D:\\progects\\startups\\sorokchat\\cryptography\\src\\browser\\keys\\generation\\symmetric\\aes-key-generation.service.ts": {"path":"D:\\progects\\startups\\sorokchat\\cryptography\\src\\browser\\keys\\generation\\symmetric\\aes-key-generation.service.ts","statementMap":{"0":{"start":{"line":3,"column":13},"end":{"line":3,"column":null}},"1":{"start":{"line":4,"column":31},"end":{"line":4,"column":49}},"2":{"start":{"line":7,"column":18},"end":{"line":7,"column":null}},"3":{"start":{"line":8,"column":4},"end":{"line":8,"column":null}},"4":{"start":{"line":9,"column":20},"end":{"line":9,"column":null}},"5":{"start":{"line":10,"column":4},"end":{"line":10,"column":null}}},"fnMap":{"0":{"name":"(anonymous_1)","decl":{"start":{"line":4,"column":2},"end":{"line":4,"column":14}},"loc":{"start":{"line":4,"column":51},"end":{"line":4,"column":null}}},"1":{"name":"(anonymous_2)","decl":{"start":{"line":6,"column":2},"end":{"line":6,"column":15}},"loc":{"start":{"line":6,"column":59},"end":{"line":11,"column":null}}}},"branchMap":{},"s":{"0":1,"1":1,"2":1,"3":1,"4":1,"5":1},"f":{"0":1,"1":1},"b":{}}
,"D:\\progects\\startups\\sorokchat\\cryptography\\src\\common\\index.ts": {"path":"D:\\progects\\startups\\sorokchat\\cryptography\\src\\common\\index.ts","statementMap":{"0":{"start":{"line":11,"column":2},"end":{"line":11,"column":null}},"1":{"start":{"line":4,"column":2},"end":{"line":4,"column":null}},"2":{"start":{"line":18,"column":2},"end":{"line":18,"column":null}},"3":{"start":{"line":6,"column":33},"end":{"line":6,"column":59}},"4":{"start":{"line":7,"column":31},"end":{"line":7,"column":54}},"5":{"start":{"line":19,"column":2},"end":{"line":19,"column":null}},"6":{"start":{"line":5,"column":7},"end":{"line":5,"column":null}},"7":{"start":{"line":6,"column":59},"end":{"line":6,"column":null}},"8":{"start":{"line":7,"column":54},"end":{"line":7,"column":null}},"9":{"start":{"line":12,"column":7},"end":{"line":12,"column":null}},"10":{"start":{"line":20,"column":7},"end":{"line":20,"column":null}}},"fnMap":{},"branchMap":{},"s":{"0":0,"1":2,"2":2,"3":2,"4":2,"5":2,"6":10,"7":10,"8":10,"9":10,"10":10},"f":{},"b":{}}
,"D:\\progects\\startups\\sorokchat\\cryptography\\src\\common\\delivering\\index.ts": {"path":"D:\\progects\\startups\\sorokchat\\cryptography\\src\\common\\delivering\\index.ts","statementMap":{"0":{"start":{"line":3,"column":9},"end":{"line":3,"column":35}},"1":{"start":{"line":3,"column":35},"end":{"line":3,"column":null}}},"fnMap":{},"branchMap":{},"s":{"0":2,"1":10},"f":{},"b":{}}
,"D:\\progects\\startups\\sorokchat\\cryptography\\src\\common\\delivering\\tests.ts": {"path":"D:\\progects\\startups\\sorokchat\\cryptography\\src\\common\\delivering\\tests.ts","statementMap":{"0":{"start":{"line":4,"column":16},"end":{"line":4,"column":null}},"1":{"start":{"line":1,"column":49},"end":{"line":1,"column":null}},"2":{"start":{"line":8,"column":2},"end":{"line":74,"column":null}},"3":{"start":{"line":11,"column":4},"end":{"line":13,"column":null}},"4":{"start":{"line":12,"column":6},"end":{"line":12,"column":null}},"5":{"start":{"line":15,"column":4},"end":{"line":21,"column":null}},"6":{"start":{"line":16,"column":19},"end":{"line":16,"column":null}},"7":{"start":{"line":17,"column":6},"end":{"line":17,"column":null}},"8":{"start":{"line":18,"column":6},"end":{"line":18,"column":null}},"9":{"start":{"line":19,"column":6},"end":{"line":19,"column":null}},"10":{"start":{"line":20,"column":6},"end":{"line":20,"column":null}},"11":{"start":{"line":23,"column":4},"end":{"line":36,"column":null}},"12":{"start":{"line":24,"column":20},"end":{"line":24,"column":null}},"13":{"start":{"line":25,"column":20},"end":{"line":25,"column":null}},"14":{"start":{"line":26,"column":22},"end":{"line":28,"column":null}},"15":{"start":{"line":30,"column":22},"end":{"line":32,"column":null}},"16":{"start":{"line":34,"column":6},"end":{"line":34,"column":null}},"17":{"start":{"line":35,"column":6},"end":{"line":35,"column":null}},"18":{"start":{"line":38,"column":4},"end":{"line":51,"column":null}},"19":{"start":{"line":39,"column":21},"end":{"line":39,"column":null}},"20":{"start":{"line":40,"column":21},"end":{"line":40,"column":null}},"21":{"start":{"line":41,"column":20},"end":{"line":41,"column":null}},"22":{"start":{"line":42,"column":22},"end":{"line":44,"column":null}},"23":{"start":{"line":46,"column":22},"end":{"line":48,"column":null}},"24":{"start":{"line":50,"column":6},"end":{"line":50,"column":null}},"25":{"start":{"line":53,"column":4},"end":{"line":64,"column":null}},"26":{"start":{"line":54,"column":19},"end":{"line":54,"column":null}},"27":{"start":{"line":55,"column":28},"end":{"line":55,"column":null}},"28":{"start":{"line":56,"column":29},"end":{"line":56,"column":null}},"29":{"start":{"line":57,"column":6},"end":{"line":59,"column":null}},"30":{"start":{"line":60,"column":30},"end":{"line":60,"column":null}},"31":{"start":{"line":61,"column":6},"end":{"line":63,"column":null}},"32":{"start":{"line":66,"column":4},"end":{"line":73,"column":null}},"33":{"start":{"line":67,"column":19},"end":{"line":67,"column":null}},"34":{"start":{"line":68,"column":28},"end":{"line":68,"column":null}},"35":{"start":{"line":69,"column":28},"end":{"line":69,"column":null}},"36":{"start":{"line":70,"column":6},"end":{"line":72,"column":null}}},"fnMap":{"0":{"name":"runDeliveringTests","decl":{"start":{"line":4,"column":16},"end":{"line":4,"column":null}},"loc":{"start":{"line":6,"column":35},"end":{"line":75,"column":null}}},"1":{"name":"(anonymous_2)","decl":{"start":{"line":8,"column":34},"end":{"line":8,"column":null}},"loc":{"start":{"line":8,"column":34},"end":{"line":74,"column":null}}},"2":{"name":"(anonymous_3)","decl":{"start":{"line":11,"column":15},"end":{"line":11,"column":null}},"loc":{"start":{"line":11,"column":15},"end":{"line":13,"column":null}}},"3":{"name":"(anonymous_4)","decl":{"start":{"line":15,"column":75},"end":{"line":15,"column":null}},"loc":{"start":{"line":15,"column":75},"end":{"line":21,"column":null}}},"4":{"name":"(anonymous_5)","decl":{"start":{"line":23,"column":65},"end":{"line":23,"column":null}},"loc":{"start":{"line":23,"column":65},"end":{"line":36,"column":null}}},"5":{"name":"(anonymous_6)","decl":{"start":{"line":38,"column":82},"end":{"line":38,"column":null}},"loc":{"start":{"line":38,"column":82},"end":{"line":51,"column":null}}},"6":{"name":"(anonymous_7)","decl":{"start":{"line":53,"column":69},"end":{"line":53,"column":null}},"loc":{"start":{"line":53,"column":69},"end":{"line":64,"column":null}}},"7":{"name":"(anonymous_8)","decl":{"start":{"line":66,"column":68},"end":{"line":66,"column":null}},"loc":{"start":{"line":66,"column":68},"end":{"line":73,"column":null}}}},"branchMap":{},"s":{"0":2,"1":10,"2":2,"3":2,"4":10,"5":2,"6":2,"7":2,"8":2,"9":2,"10":2,"11":2,"12":2,"13":2,"14":2,"15":2,"16":2,"17":2,"18":2,"19":2,"20":2,"21":2,"22":2,"23":2,"24":2,"25":2,"26":2,"27":2,"28":2,"29":2,"30":2,"31":2,"32":2,"33":2,"34":2,"35":2,"36":2},"f":{"0":2,"1":2,"2":10,"3":2,"4":2,"5":2,"6":2,"7":2},"b":{}}
,"D:\\progects\\startups\\sorokchat\\cryptography\\src\\common\\encryption\\index.ts": {"path":"D:\\progects\\startups\\sorokchat\\cryptography\\src\\common\\encryption\\index.ts","statementMap":{"0":{"start":{"line":2,"column":9},"end":{"line":2,"column":35}},"1":{"start":{"line":2,"column":35},"end":{"line":2,"column":null}}},"fnMap":{},"branchMap":{},"s":{"0":2,"1":10},"f":{},"b":{}}
,"D:\\progects\\startups\\sorokchat\\cryptography\\src\\common\\encryption\\tests.ts": {"path":"D:\\progects\\startups\\sorokchat\\cryptography\\src\\common\\encryption\\tests.ts","statementMap":{"0":{"start":{"line":4,"column":16},"end":{"line":4,"column":null}},"1":{"start":{"line":1,"column":49},"end":{"line":1,"column":null}},"2":{"start":{"line":8,"column":2},"end":{"line":29,"column":null}},"3":{"start":{"line":10,"column":30},"end":{"line":10,"column":null}},"4":{"start":{"line":11,"column":29},"end":{"line":11,"column":null}},"5":{"start":{"line":13,"column":4},"end":{"line":15,"column":null}},"6":{"start":{"line":14,"column":6},"end":{"line":14,"column":null}},"7":{"start":{"line":17,"column":4},"end":{"line":21,"column":null}},"8":{"start":{"line":18,"column":24},"end":{"line":18,"column":null}},"9":{"start":{"line":20,"column":6},"end":{"line":20,"column":null}},"10":{"start":{"line":23,"column":4},"end":{"line":28,"column":null}},"11":{"start":{"line":25,"column":24},"end":{"line":25,"column":null}},"12":{"start":{"line":26,"column":24},"end":{"line":26,"column":null}},"13":{"start":{"line":27,"column":6},"end":{"line":27,"column":null}}},"fnMap":{"0":{"name":"runEncryptionTests","decl":{"start":{"line":4,"column":16},"end":{"line":4,"column":null}},"loc":{"start":{"line":6,"column":34},"end":{"line":30,"column":null}}},"1":{"name":"(anonymous_2)","decl":{"start":{"line":8,"column":55},"end":{"line":8,"column":null}},"loc":{"start":{"line":8,"column":55},"end":{"line":29,"column":null}}},"2":{"name":"(anonymous_3)","decl":{"start":{"line":13,"column":15},"end":{"line":13,"column":null}},"loc":{"start":{"line":13,"column":15},"end":{"line":15,"column":null}}},"3":{"name":"(anonymous_4)","decl":{"start":{"line":17,"column":57},"end":{"line":17,"column":null}},"loc":{"start":{"line":17,"column":57},"end":{"line":21,"column":null}}},"4":{"name":"(anonymous_5)","decl":{"start":{"line":23,"column":57},"end":{"line":23,"column":null}},"loc":{"start":{"line":23,"column":57},"end":{"line":28,"column":null}}}},"branchMap":{},"s":{"0":2,"1":10,"2":2,"3":2,"4":2,"5":2,"6":4,"7":2,"8":2,"9":2,"10":2,"11":2,"12":2,"13":2},"f":{"0":2,"1":2,"2":4,"3":2,"4":2},"b":{}}
,"D:\\progects\\startups\\sorokchat\\cryptography\\src\\common\\hashing\\index.ts": {"path":"D:\\progects\\startups\\sorokchat\\cryptography\\src\\common\\hashing\\index.ts","statementMap":{"0":{"start":{"line":2,"column":9},"end":{"line":2,"column":32}},"1":{"start":{"line":2,"column":32},"end":{"line":2,"column":null}}},"fnMap":{},"branchMap":{},"s":{"0":2,"1":10},"f":{},"b":{}}
,"D:\\progects\\startups\\sorokchat\\cryptography\\src\\common\\hashing\\tests.ts": {"path":"D:\\progects\\startups\\sorokchat\\cryptography\\src\\common\\hashing\\tests.ts","statementMap":{"0":{"start":{"line":4,"column":16},"end":{"line":4,"column":null}},"1":{"start":{"line":2,"column":49},"end":{"line":2,"column":null}},"2":{"start":{"line":8,"column":2},"end":{"line":20,"column":null}},"3":{"start":{"line":10,"column":4},"end":{"line":12,"column":null}},"4":{"start":{"line":11,"column":6},"end":{"line":11,"column":null}},"5":{"start":{"line":13,"column":4},"end":{"line":19,"column":null}},"6":{"start":{"line":14,"column":28},"end":{"line":14,"column":null}},"7":{"start":{"line":16,"column":8},"end":{"line":16,"column":null}},"8":{"start":{"line":17,"column":29},"end":{"line":17,"column":null}},"9":{"start":{"line":18,"column":6},"end":{"line":18,"column":null}}},"fnMap":{"0":{"name":"runHashingTests","decl":{"start":{"line":4,"column":16},"end":{"line":4,"column":null}},"loc":{"start":{"line":6,"column":32},"end":{"line":21,"column":null}}},"1":{"name":"(anonymous_2)","decl":{"start":{"line":8,"column":36},"end":{"line":8,"column":null}},"loc":{"start":{"line":8,"column":36},"end":{"line":20,"column":null}}},"2":{"name":"(anonymous_3)","decl":{"start":{"line":10,"column":15},"end":{"line":10,"column":null}},"loc":{"start":{"line":10,"column":15},"end":{"line":12,"column":null}}},"3":{"name":"(anonymous_4)","decl":{"start":{"line":13,"column":44},"end":{"line":13,"column":null}},"loc":{"start":{"line":13,"column":44},"end":{"line":19,"column":null}}}},"branchMap":{},"s":{"0":2,"1":10,"2":2,"3":2,"4":2,"5":2,"6":2,"7":2,"8":2,"9":2},"f":{"0":2,"1":2,"2":2,"3":2},"b":{}}
,"D:\\progects\\startups\\sorokchat\\cryptography\\src\\common\\keys\\index.ts": {"path":"D:\\progects\\startups\\sorokchat\\cryptography\\src\\common\\keys\\index.ts","statementMap":{"0":{"start":{"line":5,"column":2},"end":{"line":5,"column":null}},"1":{"start":{"line":1,"column":30},"end":{"line":1,"column":59}},"2":{"start":{"line":1,"column":59},"end":{"line":1,"column":null}},"3":{"start":{"line":6,"column":7},"end":{"line":6,"column":null}}},"fnMap":{},"branchMap":{},"s":{"0":2,"1":2,"2":10,"3":10},"f":{},"b":{}}
,"D:\\progects\\startups\\sorokchat\\cryptography\\src\\common\\keys\\derivation\\index.ts": {"path":"D:\\progects\\startups\\sorokchat\\cryptography\\src\\common\\keys\\derivation\\index.ts","statementMap":{"0":{"start":{"line":3,"column":9},"end":{"line":3,"column":35}},"1":{"start":{"line":3,"column":35},"end":{"line":3,"column":null}}},"fnMap":{},"branchMap":{},"s":{"0":2,"1":10},"f":{},"b":{}}
,"D:\\progects\\startups\\sorokchat\\cryptography\\src\\common\\keys\\derivation\\tests.ts": {"path":"D:\\progects\\startups\\sorokchat\\cryptography\\src\\common\\keys\\derivation\\tests.ts","statementMap":{"0":{"start":{"line":7,"column":16},"end":{"line":7,"column":null}},"1":{"start":{"line":1,"column":49},"end":{"line":1,"column":null}},"2":{"start":{"line":11,"column":2},"end":{"line":124,"column":null}},"3":{"start":{"line":14,"column":4},"end":{"line":16,"column":null}},"4":{"start":{"line":15,"column":6},"end":{"line":15,"column":null}},"5":{"start":{"line":18,"column":4},"end":{"line":29,"column":null}},"6":{"start":{"line":19,"column":29},"end":{"line":19,"column":null}},"7":{"start":{"line":20,"column":50},"end":{"line":25,"column":null}},"8":{"start":{"line":26,"column":21},"end":{"line":26,"column":null}},"9":{"start":{"line":27,"column":6},"end":{"line":27,"column":null}},"10":{"start":{"line":28,"column":6},"end":{"line":28,"column":null}},"11":{"start":{"line":31,"column":4},"end":{"line":40,"column":null}},"12":{"start":{"line":32,"column":50},"end":{"line":37,"column":null}},"13":{"start":{"line":38,"column":21},"end":{"line":38,"column":null}},"14":{"start":{"line":39,"column":6},"end":{"line":39,"column":null}},"15":{"start":{"line":42,"column":4},"end":{"line":50,"column":null}},"16":{"start":{"line":43,"column":50},"end":{"line":48,"column":null}},"17":{"start":{"line":49,"column":6},"end":{"line":49,"column":null}},"18":{"start":{"line":52,"column":4},"end":{"line":62,"column":null}},"19":{"start":{"line":53,"column":50},"end":{"line":58,"column":null}},"20":{"start":{"line":59,"column":20},"end":{"line":59,"column":null}},"21":{"start":{"line":60,"column":21},"end":{"line":60,"column":null}},"22":{"start":{"line":61,"column":6},"end":{"line":61,"column":null}},"23":{"start":{"line":64,"column":4},"end":{"line":79,"column":null}},"24":{"start":{"line":65,"column":54},"end":{"line":69,"column":null}},"25":{"start":{"line":70,"column":20},"end":{"line":73,"column":null}},"26":{"start":{"line":74,"column":21},"end":{"line":77,"column":null}},"27":{"start":{"line":78,"column":6},"end":{"line":78,"column":null}},"28":{"start":{"line":81,"column":4},"end":{"line":96,"column":null}},"29":{"start":{"line":82,"column":54},"end":{"line":86,"column":null}},"30":{"start":{"line":87,"column":20},"end":{"line":90,"column":null}},"31":{"start":{"line":91,"column":21},"end":{"line":94,"column":null}},"32":{"start":{"line":95,"column":6},"end":{"line":95,"column":null}},"33":{"start":{"line":98,"column":4},"end":{"line":113,"column":null}},"34":{"start":{"line":99,"column":70},"end":{"line":103,"column":null}},"35":{"start":{"line":104,"column":20},"end":{"line":107,"column":null}},"36":{"start":{"line":108,"column":21},"end":{"line":111,"column":null}},"37":{"start":{"line":112,"column":6},"end":{"line":112,"column":null}},"38":{"start":{"line":115,"column":4},"end":{"line":123,"column":null}},"39":{"start":{"line":116,"column":50},"end":{"line":119,"column":null}},"40":{"start":{"line":120,"column":21},"end":{"line":120,"column":null}},"41":{"start":{"line":121,"column":6},"end":{"line":121,"column":null}},"42":{"start":{"line":122,"column":6},"end":{"line":122,"column":null}}},"fnMap":{"0":{"name":"runDerivationTests","decl":{"start":{"line":7,"column":16},"end":{"line":7,"column":null}},"loc":{"start":{"line":9,"column":39},"end":{"line":125,"column":null}}},"1":{"name":"(anonymous_2)","decl":{"start":{"line":11,"column":40},"end":{"line":11,"column":null}},"loc":{"start":{"line":11,"column":40},"end":{"line":124,"column":null}}},"2":{"name":"(anonymous_3)","decl":{"start":{"line":14,"column":15},"end":{"line":14,"column":null}},"loc":{"start":{"line":14,"column":15},"end":{"line":16,"column":null}}},"3":{"name":"(anonymous_4)","decl":{"start":{"line":18,"column":54},"end":{"line":18,"column":null}},"loc":{"start":{"line":18,"column":54},"end":{"line":29,"column":null}}},"4":{"name":"(anonymous_5)","decl":{"start":{"line":31,"column":58},"end":{"line":31,"column":null}},"loc":{"start":{"line":31,"column":58},"end":{"line":40,"column":null}}},"5":{"name":"(anonymous_6)","decl":{"start":{"line":42,"column":50},"end":{"line":42,"column":null}},"loc":{"start":{"line":42,"column":50},"end":{"line":50,"column":null}}},"6":{"name":"(anonymous_7)","decl":{"start":{"line":52,"column":55},"end":{"line":52,"column":null}},"loc":{"start":{"line":52,"column":55},"end":{"line":62,"column":null}}},"7":{"name":"(anonymous_8)","decl":{"start":{"line":64,"column":60},"end":{"line":64,"column":null}},"loc":{"start":{"line":64,"column":60},"end":{"line":79,"column":null}}},"8":{"name":"(anonymous_9)","decl":{"start":{"line":81,"column":60},"end":{"line":81,"column":null}},"loc":{"start":{"line":81,"column":60},"end":{"line":96,"column":null}}},"9":{"name":"(anonymous_10)","decl":{"start":{"line":98,"column":62},"end":{"line":98,"column":null}},"loc":{"start":{"line":98,"column":62},"end":{"line":113,"column":null}}},"10":{"name":"(anonymous_11)","decl":{"start":{"line":115,"column":75},"end":{"line":115,"column":null}},"loc":{"start":{"line":115,"column":75},"end":{"line":123,"column":null}}}},"branchMap":{},"s":{"0":2,"1":10,"2":2,"3":2,"4":16,"5":2,"6":2,"7":2,"8":2,"9":2,"10":2,"11":2,"12":2,"13":2,"14":2,"15":2,"16":2,"17":2,"18":2,"19":2,"20":2,"21":2,"22":2,"23":2,"24":2,"25":2,"26":2,"27":2,"28":2,"29":2,"30":2,"31":2,"32":2,"33":2,"34":2,"35":2,"36":2,"37":2,"38":2,"39":2,"40":2,"41":2,"42":2},"f":{"0":2,"1":2,"2":16,"3":2,"4":2,"5":2,"6":2,"7":2,"8":2,"9":2,"10":2},"b":{}}
,"D:\\progects\\startups\\sorokchat\\cryptography\\src\\common\\keys\\generation\\index.ts": {"path":"D:\\progects\\startups\\sorokchat\\cryptography\\src\\common\\keys\\generation\\index.ts","statementMap":{"0":{"start":{"line":1,"column":30},"end":{"line":1,"column":59}},"1":{"start":{"line":1,"column":59},"end":{"line":1,"column":null}}},"fnMap":{},"branchMap":{},"s":{"0":2,"1":10},"f":{},"b":{}}
,"D:\\progects\\startups\\sorokchat\\cryptography\\src\\common\\keys\\generation\\symmetric\\index.ts": {"path":"D:\\progects\\startups\\sorokchat\\cryptography\\src\\common\\keys\\generation\\symmetric\\index.ts","statementMap":{"0":{"start":{"line":2,"column":9},"end":{"line":2,"column":38}},"1":{"start":{"line":2,"column":38},"end":{"line":2,"column":null}}},"fnMap":{},"branchMap":{},"s":{"0":2,"1":10},"f":{},"b":{}}
,"D:\\progects\\startups\\sorokchat\\cryptography\\src\\common\\keys\\generation\\symmetric\\tests.ts": {"path":"D:\\progects\\startups\\sorokchat\\cryptography\\src\\common\\keys\\generation\\symmetric\\tests.ts","statementMap":{"0":{"start":{"line":4,"column":16},"end":{"line":4,"column":null}},"1":{"start":{"line":2,"column":37},"end":{"line":2,"column":null}},"2":{"start":{"line":8,"column":2},"end":{"line":19,"column":null}},"3":{"start":{"line":9,"column":4},"end":{"line":18,"column":null}},"4":{"start":{"line":10,"column":6},"end":{"line":17,"column":null}},"5":{"start":{"line":11,"column":35},"end":{"line":11,"column":null}},"6":{"start":{"line":12,"column":24},"end":{"line":12,"column":null}},"7":{"start":{"line":13,"column":23},"end":{"line":13,"column":null}},"8":{"start":{"line":14,"column":8},"end":{"line":14,"column":null}},"9":{"start":{"line":15,"column":23},"end":{"line":15,"column":null}},"10":{"start":{"line":16,"column":8},"end":{"line":16,"column":null}}},"fnMap":{"0":{"name":"runKeyGenerationTests","decl":{"start":{"line":4,"column":16},"end":{"line":4,"column":null}},"loc":{"start":{"line":6,"column":49},"end":{"line":20,"column":null}}},"1":{"name":"(anonymous_2)","decl":{"start":{"line":8,"column":59},"end":{"line":8,"column":null}},"loc":{"start":{"line":8,"column":59},"end":{"line":19,"column":null}}},"2":{"name":"(anonymous_3)","decl":{"start":{"line":9,"column":43},"end":{"line":9,"column":null}},"loc":{"start":{"line":9,"column":43},"end":{"line":18,"column":null}}},"3":{"name":"(anonymous_4)","decl":{"start":{"line":10,"column":88},"end":{"line":10,"column":null}},"loc":{"start":{"line":10,"column":88},"end":{"line":17,"column":null}}}},"branchMap":{},"s":{"0":2,"1":10,"2":2,"3":2,"4":2,"5":2,"6":2,"7":2,"8":2,"9":2,"10":2},"f":{"0":2,"1":2,"2":2,"3":2},"b":{}}
,"D:\\progects\\startups\\sorokchat\\cryptography\\src\\common\\tree\\index.ts": {"path":"D:\\progects\\startups\\sorokchat\\cryptography\\src\\common\\tree\\index.ts","statementMap":{"0":{"start":{"line":4,"column":2},"end":{"line":4,"column":null}},"1":{"start":{"line":5,"column":7},"end":{"line":5,"column":null}}},"fnMap":{},"branchMap":{},"s":{"0":0,"1":10},"f":{},"b":{}}
,"D:\\progects\\startups\\sorokchat\\cryptography\\src\\common\\tree\\binary\\index.ts": {"path":"D:\\progects\\startups\\sorokchat\\cryptography\\src\\common\\tree\\binary\\index.ts","statementMap":{"0":{"start":{"line":3,"column":9},"end":{"line":3,"column":39}},"1":{"start":{"line":3,"column":39},"end":{"line":3,"column":null}}},"fnMap":{},"branchMap":{},"s":{"0":0,"1":10},"f":{},"b":{}}
,"D:\\progects\\startups\\sorokchat\\cryptography\\src\\common\\tree\\binary\\left-balanced-binary-tree.ts": {"path":"D:\\progects\\startups\\sorokchat\\cryptography\\src\\common\\tree\\binary\\left-balanced-binary-tree.ts","statementMap":{"0":{"start":{"line":4,"column":13},"end":{"line":4,"column":null}},"1":{"start":{"line":5,"column":33},"end":{"line":5,"column":38}},"2":{"start":{"line":6,"column":47},"end":{"line":6,"column":57}},"3":{"start":{"line":7,"column":27},"end":{"line":7,"column":29}},"4":{"start":{"line":10,"column":4},"end":{"line":10,"column":null}},"5":{"start":{"line":14,"column":4},"end":{"line":14,"column":null}},"6":{"start":{"line":18,"column":4},"end":{"line":18,"column":null}},"7":{"start":{"line":22,"column":28},"end":{"line":22,"column":30}},"8":{"start":{"line":23,"column":34},"end":{"line":23,"column":null}},"9":{"start":{"line":24,"column":4},"end":{"line":27,"column":null}},"10":{"start":{"line":25,"column":6},"end":{"line":25,"column":null}},"11":{"start":{"line":26,"column":6},"end":{"line":26,"column":null}},"12":{"start":{"line":28,"column":4},"end":{"line":28,"column":null}},"13":{"start":{"line":35,"column":22},"end":{"line":35,"column":null}},"14":{"start":{"line":36,"column":23},"end":{"line":36,"column":null}},"15":{"start":{"line":37,"column":21},"end":{"line":37,"column":null}},"16":{"start":{"line":38,"column":4},"end":{"line":40,"column":null}},"17":{"start":{"line":39,"column":6},"end":{"line":39,"column":null}},"18":{"start":{"line":39,"column":30},"end":{"line":39,"column":null}},"19":{"start":{"line":41,"column":4},"end":{"line":41,"column":null}},"20":{"start":{"line":45,"column":4},"end":{"line":45,"column":null}},"21":{"start":{"line":52,"column":4},"end":{"line":52,"column":null}},"22":{"start":{"line":56,"column":4},"end":{"line":56,"column":null}},"23":{"start":{"line":60,"column":4},"end":{"line":60,"column":null}},"24":{"start":{"line":64,"column":4},"end":{"line":64,"column":null}},"25":{"start":{"line":68,"column":4},"end":{"line":68,"column":null}},"26":{"start":{"line":69,"column":4},"end":{"line":69,"column":null}},"27":{"start":{"line":70,"column":4},"end":{"line":70,"column":null}},"28":{"start":{"line":71,"column":30},"end":{"line":75,"column":null}},"29":{"start":{"line":76,"column":4},"end":{"line":76,"column":null}},"30":{"start":{"line":77,"column":4},"end":{"line":77,"column":null}},"31":{"start":{"line":81,"column":17},"end":{"line":81,"column":null}},"32":{"start":{"line":82,"column":4},"end":{"line":82,"column":null}},"33":{"start":{"line":82,"column":15},"end":{"line":82,"column":null}},"34":{"start":{"line":84,"column":4},"end":{"line":88,"column":null}},"35":{"start":{"line":85,"column":6},"end":{"line":86,"column":null}},"36":{"start":{"line":90,"column":19},"end":{"line":90,"column":30}},"37":{"start":{"line":91,"column":4},"end":{"line":102,"column":null}},"38":{"start":{"line":92,"column":6},"end":{"line":96,"column":null}},"39":{"start":{"line":93,"column":8},"end":{"line":93,"column":null}},"40":{"start":{"line":94,"column":13},"end":{"line":96,"column":null}},"41":{"start":{"line":95,"column":8},"end":{"line":95,"column":null}},"42":{"start":{"line":97,"column":6},"end":{"line":99,"column":null}},"43":{"start":{"line":98,"column":8},"end":{"line":98,"column":null}},"44":{"start":{"line":101,"column":6},"end":{"line":101,"column":null}},"45":{"start":{"line":104,"column":4},"end":{"line":104,"column":null}},"46":{"start":{"line":108,"column":17},"end":{"line":108,"column":null}},"47":{"start":{"line":109,"column":4},"end":{"line":109,"column":null}},"48":{"start":{"line":109,"column":15},"end":{"line":109,"column":null}},"49":{"start":{"line":110,"column":4},"end":{"line":110,"column":null}},"50":{"start":{"line":114,"column":4},"end":{"line":114,"column":null}},"51":{"start":{"line":118,"column":4},"end":{"line":123,"column":null}},"52":{"start":{"line":119,"column":31},"end":{"line":119,"column":null}},"53":{"start":{"line":120,"column":6},"end":{"line":120,"column":null}},"54":{"start":{"line":121,"column":6},"end":{"line":121,"column":null}},"55":{"start":{"line":122,"column":6},"end":{"line":122,"column":null}},"56":{"start":{"line":125,"column":29},"end":{"line":125,"column":null}},"57":{"start":{"line":126,"column":4},"end":{"line":154,"column":null}},"58":{"start":{"line":127,"column":19},"end":{"line":127,"column":null}},"59":{"start":{"line":128,"column":6},"end":{"line":139,"column":null}},"60":{"start":{"line":129,"column":33},"end":{"line":134,"column":null}},"61":{"start":{"line":135,"column":8},"end":{"line":135,"column":null}},"62":{"start":{"line":136,"column":8},"end":{"line":136,"column":null}},"63":{"start":{"line":137,"column":8},"end":{"line":137,"column":null}},"64":{"start":{"line":138,"column":8},"end":{"line":138,"column":null}},"65":{"start":{"line":140,"column":6},"end":{"line":151,"column":null}},"66":{"start":{"line":141,"column":33},"end":{"line":146,"column":null}},"67":{"start":{"line":147,"column":8},"end":{"line":147,"column":null}},"68":{"start":{"line":148,"column":8},"end":{"line":148,"column":null}},"69":{"start":{"line":149,"column":8},"end":{"line":149,"column":null}},"70":{"start":{"line":150,"column":8},"end":{"line":150,"column":null}},"71":{"start":{"line":152,"column":6},"end":{"line":152,"column":null}},"72":{"start":{"line":153,"column":6},"end":{"line":153,"column":null}},"73":{"start":{"line":155,"column":4},"end":{"line":155,"column":null}},"74":{"start":{"line":159,"column":4},"end":{"line":159,"column":null}},"75":{"start":{"line":163,"column":4},"end":{"line":163,"column":null}},"76":{"start":{"line":167,"column":4},"end":{"line":167,"column":null}},"77":{"start":{"line":171,"column":35},"end":{"line":171,"column":null}},"78":{"start":{"line":172,"column":4},"end":{"line":172,"column":null}},"79":{"start":{"line":172,"column":20},"end":{"line":172,"column":null}},"80":{"start":{"line":173,"column":22},"end":{"line":173,"column":24}},"81":{"start":{"line":174,"column":4},"end":{"line":176,"column":null}},"82":{"start":{"line":175,"column":6},"end":{"line":175,"column":null}},"83":{"start":{"line":177,"column":4},"end":{"line":179,"column":null}},"84":{"start":{"line":178,"column":6},"end":{"line":178,"column":null}},"85":{"start":{"line":180,"column":4},"end":{"line":180,"column":null}},"86":{"start":{"line":184,"column":24},"end":{"line":184,"column":26}},"87":{"start":{"line":185,"column":4},"end":{"line":185,"column":null}},"88":{"start":{"line":185,"column":30},"end":{"line":185,"column":null}},"89":{"start":{"line":186,"column":4},"end":{"line":186,"column":null}},"90":{"start":{"line":190,"column":29},"end":{"line":190,"column":31}},"91":{"start":{"line":191,"column":18},"end":{"line":191,"column":27}},"92":{"start":{"line":192,"column":4},"end":{"line":200,"column":null}},"93":{"start":{"line":193,"column":6},"end":{"line":196,"column":null}},"94":{"start":{"line":194,"column":8},"end":{"line":194,"column":null}},"95":{"start":{"line":195,"column":8},"end":{"line":195,"column":null}},"96":{"start":{"line":197,"column":6},"end":{"line":197,"column":null}},"97":{"start":{"line":198,"column":6},"end":{"line":198,"column":null}},"98":{"start":{"line":199,"column":6},"end":{"line":199,"column":null}},"99":{"start":{"line":206,"column":4},"end":{"line":206,"column":null}},"100":{"start":{"line":206,"column":15},"end":{"line":206,"column":null}},"101":{"start":{"line":207,"column":4},"end":{"line":207,"column":null}},"102":{"start":{"line":207,"column":30},"end":{"line":207,"column":null}},"103":{"start":{"line":208,"column":17},"end":{"line":208,"column":null}},"104":{"start":{"line":209,"column":4},"end":{"line":209,"column":null}},"105":{"start":{"line":216,"column":4},"end":{"line":216,"column":null}},"106":{"start":{"line":216,"column":15},"end":{"line":216,"column":null}},"107":{"start":{"line":217,"column":4},"end":{"line":217,"column":null}},"108":{"start":{"line":218,"column":4},"end":{"line":218,"column":null}},"109":{"start":{"line":219,"column":4},"end":{"line":219,"column":null}},"110":{"start":{"line":226,"column":4},"end":{"line":226,"column":null}},"111":{"start":{"line":226,"column":15},"end":{"line":226,"column":null}},"112":{"start":{"line":227,"column":4},"end":{"line":227,"column":null}},"113":{"start":{"line":228,"column":4},"end":{"line":228,"column":null}},"114":{"start":{"line":229,"column":4},"end":{"line":229,"column":null}},"115":{"start":{"line":236,"column":4},"end":{"line":236,"column":null}},"116":{"start":{"line":236,"column":15},"end":{"line":236,"column":null}},"117":{"start":{"line":237,"column":4},"end":{"line":237,"column":null}},"118":{"start":{"line":238,"column":4},"end":{"line":238,"column":null}},"119":{"start":{"line":239,"column":4},"end":{"line":239,"column":null}},"120":{"start":{"line":243,"column":4},"end":{"line":243,"column":null}},"121":{"start":{"line":243,"column":15},"end":{"line":243,"column":null}},"122":{"start":{"line":244,"column":4},"end":{"line":248,"column":null}},"123":{"start":{"line":254,"column":4},"end":{"line":254,"column":null}},"124":{"start":{"line":254,"column":15},"end":{"line":254,"column":null}},"125":{"start":{"line":255,"column":23},"end":{"line":255,"column":null}},"126":{"start":{"line":256,"column":24},"end":{"line":256,"column":null}},"127":{"start":{"line":257,"column":4},"end":{"line":257,"column":null}},"128":{"start":{"line":257,"column":48},"end":{"line":257,"column":null}},"129":{"start":{"line":258,"column":4},"end":{"line":260,"column":null}}},"fnMap":{"0":{"name":"(anonymous_1)","decl":{"start":{"line":9,"column":9},"end":{"line":9,"column":35}},"loc":{"start":{"line":9,"column":35},"end":{"line":11,"column":null}}},"1":{"name":"(anonymous_2)","decl":{"start":{"line":13,"column":9},"end":{"line":13,"column":17}},"loc":{"start":{"line":13,"column":45},"end":{"line":15,"column":null}}},"2":{"name":"(anonymous_3)","decl":{"start":{"line":17,"column":9},"end":{"line":17,"column":14}},"loc":{"start":{"line":17,"column":63},"end":{"line":19,"column":null}}},"3":{"name":"(anonymous_4)","decl":{"start":{"line":21,"column":9},"end":{"line":21,"column":23}},"loc":{"start":{"line":21,"column":49},"end":{"line":29,"column":null}}},"4":{"name":"(anonymous_5)","decl":{"start":{"line":31,"column":9},"end":{"line":31,"column":null}},"loc":{"start":{"line":34,"column":20},"end":{"line":42,"column":null}}},"5":{"name":"(anonymous_6)","decl":{"start":{"line":44,"column":9},"end":{"line":44,"column":19}},"loc":{"start":{"line":44,"column":50},"end":{"line":46,"column":null}}},"6":{"name":"(anonymous_7)","decl":{"start":{"line":48,"column":9},"end":{"line":48,"column":21}},"loc":{"start":{"line":51,"column":4},"end":{"line":53,"column":null}}},"7":{"name":"(anonymous_8)","decl":{"start":{"line":55,"column":9},"end":{"line":55,"column":17}},"loc":{"start":{"line":55,"column":52},"end":{"line":57,"column":null}}},"8":{"name":"(anonymous_9)","decl":{"start":{"line":59,"column":9},"end":{"line":59,"column":18}},"loc":{"start":{"line":59,"column":53},"end":{"line":61,"column":null}}},"9":{"name":"(anonymous_10)","decl":{"start":{"line":63,"column":9},"end":{"line":63,"column":19}},"loc":{"start":{"line":63,"column":54},"end":{"line":65,"column":null}}},"10":{"name":"(anonymous_11)","decl":{"start":{"line":67,"column":9},"end":{"line":67,"column":17}},"loc":{"start":{"line":67,"column":32},"end":{"line":78,"column":null}}},"11":{"name":"(anonymous_12)","decl":{"start":{"line":80,"column":9},"end":{"line":80,"column":20}},"loc":{"start":{"line":80,"column":38},"end":{"line":105,"column":null}}},"12":{"name":"(anonymous_13)","decl":{"start":{"line":107,"column":9},"end":{"line":107,"column":20}},"loc":{"start":{"line":107,"column":50},"end":{"line":111,"column":null}}},"13":{"name":"(anonymous_14)","decl":{"start":{"line":113,"column":9},"end":{"line":113,"column":24}},"loc":{"start":{"line":113,"column":24},"end":{"line":115,"column":null}}},"14":{"name":"(anonymous_15)","decl":{"start":{"line":117,"column":9},"end":{"line":117,"column":17}},"loc":{"start":{"line":117,"column":32},"end":{"line":156,"column":null}}},"15":{"name":"(anonymous_16)","decl":{"start":{"line":158,"column":9},"end":{"line":158,"column":26}},"loc":{"start":{"line":158,"column":26},"end":{"line":160,"column":null}}},"16":{"name":"(anonymous_17)","decl":{"start":{"line":162,"column":9},"end":{"line":162,"column":31}},"loc":{"start":{"line":162,"column":31},"end":{"line":164,"column":null}}},"17":{"name":"(anonymous_18)","decl":{"start":{"line":166,"column":9},"end":{"line":166,"column":28}},"loc":{"start":{"line":166,"column":28},"end":{"line":168,"column":null}}},"18":{"name":"(anonymous_19)","decl":{"start":{"line":170,"column":9},"end":{"line":170,"column":32}},"loc":{"start":{"line":170,"column":32},"end":{"line":181,"column":null}}},"19":{"name":"(anonymous_20)","decl":{"start":{"line":174,"column":17},"end":{"line":174,"column":18}},"loc":{"start":{"line":174,"column":18},"end":{"line":176,"column":null}}},"20":{"name":"(anonymous_21)","decl":{"start":{"line":183,"column":9},"end":{"line":183,"column":24}},"loc":{"start":{"line":183,"column":24},"end":{"line":187,"column":null}}},"21":{"name":"(anonymous_22)","decl":{"start":{"line":185,"column":17},"end":{"line":185,"column":18}},"loc":{"start":{"line":185,"column":30},"end":{"line":185,"column":null}}},"22":{"name":"(anonymous_23)","decl":{"start":{"line":189,"column":2},"end":{"line":189,"column":3}},"loc":{"start":{"line":189,"column":36},"end":{"line":201,"column":null}}},"23":{"name":"(anonymous_24)","decl":{"start":{"line":202,"column":10},"end":{"line":202,"column":null}},"loc":{"start":{"line":205,"column":20},"end":{"line":210,"column":null}}},"24":{"name":"(anonymous_25)","decl":{"start":{"line":212,"column":10},"end":{"line":212,"column":null}},"loc":{"start":{"line":215,"column":10},"end":{"line":220,"column":null}}},"25":{"name":"(anonymous_26)","decl":{"start":{"line":222,"column":10},"end":{"line":222,"column":null}},"loc":{"start":{"line":225,"column":10},"end":{"line":230,"column":null}}},"26":{"name":"(anonymous_27)","decl":{"start":{"line":232,"column":10},"end":{"line":232,"column":null}},"loc":{"start":{"line":235,"column":10},"end":{"line":240,"column":null}}},"27":{"name":"(anonymous_28)","decl":{"start":{"line":242,"column":10},"end":{"line":242,"column":26}},"loc":{"start":{"line":242,"column":68},"end":{"line":251,"column":null}}},"28":{"name":"(anonymous_29)","decl":{"start":{"line":253,"column":10},"end":{"line":253,"column":30}},"loc":{"start":{"line":253,"column":73},"end":{"line":262,"column":null}}}},"branchMap":{"0":{"loc":{"start":{"line":14,"column":11},"end":{"line":14,"column":null}},"type":"binary-expr","locations":[{"start":{"line":14,"column":11},"end":{"line":14,"column":31}},{"start":{"line":14,"column":31},"end":{"line":14,"column":null}}]},"1":{"loc":{"start":{"line":26,"column":16},"end":{"line":26,"column":null}},"type":"binary-expr","locations":[{"start":{"line":26,"column":16},"end":{"line":26,"column":30}},{"start":{"line":26,"column":34},"end":{"line":26,"column":null}}]},"2":{"loc":{"start":{"line":39,"column":6},"end":{"line":39,"column":null}},"type":"if","locations":[{"start":{"line":39,"column":6},"end":{"line":39,"column":null}},{"start":{},"end":{}}]},"3":{"loc":{"start":{"line":45,"column":11},"end":{"line":45,"column":null}},"type":"binary-expr","locations":[{"start":{"line":45,"column":11},"end":{"line":45,"column":22}},{"start":{"line":45,"column":26},"end":{"line":45,"column":null}}]},"4":{"loc":{"start":{"line":82,"column":4},"end":{"line":82,"column":null}},"type":"if","locations":[{"start":{"line":82,"column":4},"end":{"line":82,"column":null}},{"start":{},"end":{}}]},"5":{"loc":{"start":{"line":84,"column":4},"end":{"line":88,"column":null}},"type":"if","locations":[{"start":{"line":84,"column":4},"end":{"line":88,"column":null}},{"start":{},"end":{}}]},"6":{"loc":{"start":{"line":91,"column":4},"end":{"line":102,"column":null}},"type":"if","locations":[{"start":{"line":91,"column":4},"end":{"line":102,"column":null}},{"start":{"line":100,"column":11},"end":{"line":102,"column":null}}]},"7":{"loc":{"start":{"line":92,"column":6},"end":{"line":96,"column":null}},"type":"if","locations":[{"start":{"line":92,"column":6},"end":{"line":96,"column":null}},{"start":{"line":94,"column":13},"end":{"line":96,"column":null}}]},"8":{"loc":{"start":{"line":94,"column":13},"end":{"line":96,"column":null}},"type":"if","locations":[{"start":{"line":94,"column":13},"end":{"line":96,"column":null}},{"start":{},"end":{}}]},"9":{"loc":{"start":{"line":97,"column":6},"end":{"line":99,"column":null}},"type":"if","locations":[{"start":{"line":97,"column":6},"end":{"line":99,"column":null}},{"start":{},"end":{}}]},"10":{"loc":{"start":{"line":97,"column":10},"end":{"line":97,"column":39}},"type":"binary-expr","locations":[{"start":{"line":97,"column":10},"end":{"line":97,"column":22}},{"start":{"line":97,"column":26},"end":{"line":97,"column":39}}]},"11":{"loc":{"start":{"line":109,"column":4},"end":{"line":109,"column":null}},"type":"if","locations":[{"start":{"line":109,"column":4},"end":{"line":109,"column":null}},{"start":{},"end":{}}]},"12":{"loc":{"start":{"line":118,"column":4},"end":{"line":123,"column":null}},"type":"if","locations":[{"start":{"line":118,"column":4},"end":{"line":123,"column":null}},{"start":{},"end":{}}]},"13":{"loc":{"start":{"line":128,"column":6},"end":{"line":139,"column":null}},"type":"if","locations":[{"start":{"line":128,"column":6},"end":{"line":139,"column":null}},{"start":{},"end":{}}]},"14":{"loc":{"start":{"line":140,"column":6},"end":{"line":151,"column":null}},"type":"if","locations":[{"start":{"line":140,"column":6},"end":{"line":151,"column":null}},{"start":{},"end":{}}]},"15":{"loc":{"start":{"line":172,"column":4},"end":{"line":172,"column":null}},"type":"if","locations":[{"start":{"line":172,"column":4},"end":{"line":172,"column":null}},{"start":{},"end":{}}]},"16":{"loc":{"start":{"line":192,"column":11},"end":{"line":192,"column":40}},"type":"binary-expr","locations":[{"start":{"line":192,"column":11},"end":{"line":192,"column":31}},{"start":{"line":192,"column":31},"end":{"line":192,"column":40}}]},"17":{"loc":{"start":{"line":195,"column":18},"end":{"line":195,"column":null}},"type":"binary-expr","locations":[{"start":{"line":195,"column":18},"end":{"line":195,"column":30}},{"start":{"line":195,"column":34},"end":{"line":195,"column":null}}]},"18":{"loc":{"start":{"line":199,"column":16},"end":{"line":199,"column":null}},"type":"binary-expr","locations":[{"start":{"line":199,"column":16},"end":{"line":199,"column":29}},{"start":{"line":199,"column":33},"end":{"line":199,"column":null}}]},"19":{"loc":{"start":{"line":206,"column":4},"end":{"line":206,"column":null}},"type":"if","locations":[{"start":{"line":206,"column":4},"end":{"line":206,"column":null}},{"start":{},"end":{}}]},"20":{"loc":{"start":{"line":207,"column":4},"end":{"line":207,"column":null}},"type":"if","locations":[{"start":{"line":207,"column":4},"end":{"line":207,"column":null}},{"start":{},"end":{}}]},"21":{"loc":{"start":{"line":209,"column":11},"end":{"line":209,"column":null}},"type":"binary-expr","locations":[{"start":{"line":209,"column":11},"end":{"line":209,"column":19}},{"start":{"line":209,"column":19},"end":{"line":209,"column":null}}]},"22":{"loc":{"start":{"line":216,"column":4},"end":{"line":216,"column":null}},"type":"if","locations":[{"start":{"line":216,"column":4},"end":{"line":216,"column":null}},{"start":{},"end":{}}]},"23":{"loc":{"start":{"line":226,"column":4},"end":{"line":226,"column":null}},"type":"if","locations":[{"start":{"line":226,"column":4},"end":{"line":226,"column":null}},{"start":{},"end":{}}]},"24":{"loc":{"start":{"line":236,"column":4},"end":{"line":236,"column":null}},"type":"if","locations":[{"start":{"line":236,"column":4},"end":{"line":236,"column":null}},{"start":{},"end":{}}]},"25":{"loc":{"start":{"line":243,"column":4},"end":{"line":243,"column":null}},"type":"if","locations":[{"start":{"line":243,"column":4},"end":{"line":243,"column":null}},{"start":{},"end":{}}]},"26":{"loc":{"start":{"line":254,"column":4},"end":{"line":254,"column":null}},"type":"if","locations":[{"start":{"line":254,"column":4},"end":{"line":254,"column":null}},{"start":{},"end":{}}]},"27":{"loc":{"start":{"line":257,"column":4},"end":{"line":257,"column":null}},"type":"if","locations":[{"start":{"line":257,"column":4},"end":{"line":257,"column":null}},{"start":{},"end":{}}]},"28":{"loc":{"start":{"line":259,"column":6},"end":{"line":260,"column":null}},"type":"binary-expr","locations":[{"start":{"line":259,"column":6},"end":{"line":259,"column":null}},{"start":{"line":260,"column":6},"end":{"line":260,"column":null}}]}},"s":{"0":27,"1":28,"2":28,"3":28,"4":13,"5":3,"6":11,"7":3,"8":3,"9":3,"10":9,"11":9,"12":3,"13":1,"14":1,"15":1,"16":1,"17":2,"18":1,"19":0,"20":2,"21":1,"22":10,"23":1,"24":1,"25":3,"26":3,"27":3,"28":3,"29":3,"30":3,"31":8,"32":8,"33":1,"34":7,"35":1,"36":6,"37":6,"38":5,"39":2,"40":3,"41":3,"42":5,"43":2,"44":1,"45":6,"46":2,"47":2,"48":1,"49":1,"50":36,"51":216,"52":23,"53":23,"54":23,"55":23,"56":193,"57":193,"58":2726,"59":2726,"60":100,"61":100,"62":100,"63":100,"64":100,"65":2626,"66":93,"67":93,"68":93,"69":93,"70":93,"71":2533,"72":2533,"73":0,"74":7,"75":125,"76":3,"77":1,"78":1,"79":0,"80":1,"81":1,"82":4,"83":1,"84":4,"85":1,"86":8,"87":8,"88":34,"89":8,"90":2,"91":2,"92":2,"93":10,"94":10,"95":10,"96":10,"97":10,"98":10,"99":51,"100":15,"101":36,"102":10,"103":26,"104":26,"105":100,"106":55,"107":45,"108":45,"109":45,"110":15,"111":8,"112":7,"113":7,"114":7,"115":15,"116":8,"117":7,"118":7,"119":7,"120":53253,"121":31912,"122":21341,"123":10689,"124":5407,"125":5282,"126":5282,"127":5282,"128":0,"129":5282},"f":{"0":13,"1":3,"2":11,"3":3,"4":1,"5":2,"6":1,"7":10,"8":1,"9":1,"10":3,"11":8,"12":2,"13":36,"14":216,"15":7,"16":125,"17":3,"18":1,"19":4,"20":8,"21":34,"22":2,"23":51,"24":100,"25":15,"26":15,"27":53253,"28":10689},"b":{"0":[3,2],"1":[9,3],"2":[1,1],"3":[2,1],"4":[1,7],"5":[1,6],"6":[5,1],"7":[2,3],"8":[3,0],"9":[2,3],"10":[5,2],"11":[1,1],"12":[23,193],"13":[100,2626],"14":[93,2533],"15":[0,1],"16":[12,7],"17":[10,6],"18":[10,6],"19":[15,36],"20":[10,26],"21":[26,14],"22":[55,45],"23":[8,7],"24":[8,7],"25":[31912,21341],"26":[5407,5282],"27":[0,5282],"28":[5282,5282]}}
,"D:\\progects\\startups\\sorokchat\\cryptography\\src\\node\\delivering\\ecdh.service.ts": {"path":"D:\\progects\\startups\\sorokchat\\cryptography\\src\\node\\delivering\\ecdh.service.ts","statementMap":{"0":{"start":{"line":4,"column":13},"end":{"line":4,"column":null}},"1":{"start":{"line":1,"column":19},"end":{"line":1,"column":null}},"2":{"start":{"line":5,"column":42},"end":{"line":5,"column":55}},"3":{"start":{"line":8,"column":17},"end":{"line":8,"column":null}},"4":{"start":{"line":9,"column":4},"end":{"line":9,"column":null}},"5":{"start":{"line":10,"column":22},"end":{"line":10,"column":null}},"6":{"start":{"line":11,"column":23},"end":{"line":11,"column":null}},"7":{"start":{"line":12,"column":4},"end":{"line":15,"column":null}},"8":{"start":{"line":22,"column":4},"end":{"line":24,"column":null}},"9":{"start":{"line":23,"column":6},"end":{"line":23,"column":null}},"10":{"start":{"line":25,"column":4},"end":{"line":27,"column":null}},"11":{"start":{"line":26,"column":6},"end":{"line":26,"column":null}},"12":{"start":{"line":28,"column":17},"end":{"line":28,"column":null}},"13":{"start":{"line":29,"column":22},"end":{"line":29,"column":null}},"14":{"start":{"line":30,"column":4},"end":{"line":30,"column":null}},"15":{"start":{"line":31,"column":4},"end":{"line":31,"column":null}}},"fnMap":{"0":{"name":"(anonymous_2)","decl":{"start":{"line":7,"column":2},"end":{"line":7,"column":15}},"loc":{"start":{"line":7,"column":55},"end":{"line":16,"column":null}}},"1":{"name":"(anonymous_3)","decl":{"start":{"line":18,"column":2},"end":{"line":18,"column":15}},"loc":{"start":{"line":21,"column":21},"end":{"line":32,"column":null}}}},"branchMap":{"0":{"loc":{"start":{"line":22,"column":4},"end":{"line":24,"column":null}},"type":"if","locations":[{"start":{"line":22,"column":4},"end":{"line":24,"column":null}},{"start":{},"end":{}}]},"1":{"loc":{"start":{"line":25,"column":4},"end":{"line":27,"column":null}},"type":"if","locations":[{"start":{"line":25,"column":4},"end":{"line":27,"column":null}},{"start":{},"end":{}}]}},"s":{"0":5,"1":1,"2":1,"3":8,"4":8,"5":8,"6":8,"7":8,"8":7,"9":2,"10":5,"11":1,"12":4,"13":4,"14":4,"15":4},"f":{"0":8,"1":7},"b":{"0":[2,5],"1":[1,4]}}
,"D:\\progects\\startups\\sorokchat\\cryptography\\src\\node\\encryption\\symmetric\\aes.service.ts": {"path":"D:\\progects\\startups\\sorokchat\\cryptography\\src\\node\\encryption\\symmetric\\aes.service.ts","statementMap":{"0":{"start":{"line":4,"column":13},"end":{"line":4,"column":null}},"1":{"start":{"line":2,"column":19},"end":{"line":2,"column":null}},"2":{"start":{"line":5,"column":46},"end":{"line":5,"column":60}},"3":{"start":{"line":8,"column":17},"end":{"line":8,"column":null}},"4":{"start":{"line":9,"column":22},"end":{"line":9,"column":null}},"5":{"start":{"line":10,"column":15},"end":{"line":10,"column":null}},"6":{"start":{"line":11,"column":19},"end":{"line":11,"column":null}},"7":{"start":{"line":12,"column":20},"end":{"line":12,"column":null}},"8":{"start":{"line":13,"column":4},"end":{"line":13,"column":null}},"9":{"start":{"line":14,"column":4},"end":{"line":14,"column":null}},"10":{"start":{"line":17,"column":18},"end":{"line":17,"column":null}},"11":{"start":{"line":18,"column":4},"end":{"line":19,"column":null}},"12":{"start":{"line":19,"column":6},"end":{"line":19,"column":null}},"13":{"start":{"line":20,"column":17},"end":{"line":20,"column":null}},"14":{"start":{"line":21,"column":15},"end":{"line":21,"column":null}},"15":{"start":{"line":22,"column":28},"end":{"line":22,"column":36}},"16":{"start":{"line":23,"column":22},"end":{"line":23,"column":null}},"17":{"start":{"line":24,"column":21},"end":{"line":27,"column":null}},"18":{"start":{"line":29,"column":20},"end":{"line":29,"column":null}},"19":{"start":{"line":30,"column":4},"end":{"line":30,"column":null}},"20":{"start":{"line":31,"column":4},"end":{"line":31,"column":null}},"21":{"start":{"line":38,"column":4},"end":{"line":43,"column":null}},"22":{"start":{"line":39,"column":6},"end":{"line":42,"column":null}},"23":{"start":{"line":40,"column":8},"end":{"line":41,"column":null}},"24":{"start":{"line":40,"column":19},"end":{"line":40,"column":null}},"25":{"start":{"line":41,"column":13},"end":{"line":41,"column":null}}},"fnMap":{"0":{"name":"(anonymous_2)","decl":{"start":{"line":7,"column":2},"end":{"line":7,"column":15}},"loc":{"start":{"line":7,"column":72},"end":{"line":15,"column":null}}},"1":{"name":"(anonymous_3)","decl":{"start":{"line":16,"column":2},"end":{"line":16,"column":15}},"loc":{"start":{"line":16,"column":72},"end":{"line":32,"column":null}}},"2":{"name":"(anonymous_4)","decl":{"start":{"line":34,"column":10},"end":{"line":34,"column":null}},"loc":{"start":{"line":37,"column":21},"end":{"line":44,"column":null}}},"3":{"name":"(anonymous_5)","decl":{"start":{"line":38,"column":31},"end":{"line":38,"column":32}},"loc":{"start":{"line":38,"column":41},"end":{"line":43,"column":null}}},"4":{"name":"(anonymous_6)","decl":{"start":{"line":39,"column":40},"end":{"line":39,"column":41}},"loc":{"start":{"line":39,"column":48},"end":{"line":42,"column":null}}}},"branchMap":{"0":{"loc":{"start":{"line":18,"column":4},"end":{"line":19,"column":null}},"type":"if","locations":[{"start":{"line":18,"column":4},"end":{"line":19,"column":null}},{"start":{},"end":{}}]},"1":{"loc":{"start":{"line":40,"column":8},"end":{"line":41,"column":null}},"type":"if","locations":[{"start":{"line":40,"column":8},"end":{"line":41,"column":null}},{"start":{"line":41,"column":13},"end":{"line":41,"column":null}}]}},"s":{"0":2,"1":1,"2":1,"3":2,"4":2,"5":2,"6":2,"7":2,"8":2,"9":2,"10":1,"11":1,"12":0,"13":1,"14":1,"15":1,"16":1,"17":1,"18":1,"19":1,"20":1,"21":3,"22":3,"23":3,"24":0,"25":3},"f":{"0":2,"1":1,"2":3,"3":3,"4":3},"b":{"0":[0,1],"1":[0,3]}}
,"D:\\progects\\startups\\sorokchat\\cryptography\\src\\node\\hashing\\sha256.service.ts": {"path":"D:\\progects\\startups\\sorokchat\\cryptography\\src\\node\\hashing\\sha256.service.ts","statementMap":{"0":{"start":{"line":4,"column":13},"end":{"line":4,"column":null}},"1":{"start":{"line":2,"column":19},"end":{"line":2,"column":null}},"2":{"start":{"line":6,"column":4},"end":{"line":6,"column":null}}},"fnMap":{"0":{"name":"(anonymous_2)","decl":{"start":{"line":5,"column":2},"end":{"line":5,"column":15}},"loc":{"start":{"line":5,"column":56},"end":{"line":7,"column":null}}}},"branchMap":{},"s":{"0":1,"1":1,"2":1},"f":{"0":1},"b":{}}
,"D:\\progects\\startups\\sorokchat\\cryptography\\src\\node\\keys\\derivation\\hkdf.service.ts": {"path":"D:\\progects\\startups\\sorokchat\\cryptography\\src\\node\\keys\\derivation\\hkdf.service.ts","statementMap":{"0":{"start":{"line":7,"column":13},"end":{"line":7,"column":null}},"1":{"start":{"line":5,"column":19},"end":{"line":5,"column":null}},"2":{"start":{"line":8,"column":41},"end":{"line":8,"column":50}},"3":{"start":{"line":11,"column":68},"end":{"line":11,"column":null}},"4":{"start":{"line":12,"column":25},"end":{"line":12,"column":null}},"5":{"start":{"line":13,"column":23},"end":{"line":13,"column":null}},"6":{"start":{"line":14,"column":23},"end":{"line":14,"column":null}},"7":{"start":{"line":15,"column":25},"end":{"line":20,"column":null}},"8":{"start":{"line":22,"column":4},"end":{"line":22,"column":null}}},"fnMap":{"0":{"name":"(anonymous_2)","decl":{"start":{"line":10,"column":2},"end":{"line":10,"column":15}},"loc":{"start":{"line":10,"column":79},"end":{"line":23,"column":null}}}},"branchMap":{"0":{"loc":{"start":{"line":11,"column":40},"end":{"line":11,"column":63}},"type":"default-arg","locations":[{"start":{"line":11,"column":47},"end":{"line":11,"column":63}}]},"1":{"loc":{"start":{"line":13,"column":23},"end":{"line":13,"column":null}},"type":"cond-expr","locations":[{"start":{"line":13,"column":44},"end":{"line":13,"column":64}},{"start":{"line":13,"column":64},"end":{"line":13,"column":null}}]},"2":{"loc":{"start":{"line":14,"column":23},"end":{"line":14,"column":null}},"type":"cond-expr","locations":[{"start":{"line":14,"column":44},"end":{"line":14,"column":64}},{"start":{"line":14,"column":64},"end":{"line":14,"column":null}}]}},"s":{"0":8,"1":1,"2":8,"3":12,"4":12,"5":12,"6":12,"7":12,"8":11},"f":{"0":12},"b":{"0":[12],"1":[11,1],"2":[11,1]}}
,"D:\\progects\\startups\\sorokchat\\cryptography\\src\\node\\keys\\generation\\symmetric\\aes-random-key-generation.service.ts": {"path":"D:\\progects\\startups\\sorokchat\\cryptography\\src\\node\\keys\\generation\\symmetric\\aes-random-key-generation.service.ts","statementMap":{"0":{"start":{"line":4,"column":13},"end":{"line":4,"column":null}},"1":{"start":{"line":2,"column":19},"end":{"line":2,"column":null}},"2":{"start":{"line":5,"column":31},"end":{"line":5,"column":49}},"3":{"start":{"line":8,"column":4},"end":{"line":8,"column":null}}},"fnMap":{"0":{"name":"(anonymous_2)","decl":{"start":{"line":5,"column":2},"end":{"line":5,"column":14}},"loc":{"start":{"line":5,"column":51},"end":{"line":5,"column":null}}},"1":{"name":"(anonymous_3)","decl":{"start":{"line":7,"column":2},"end":{"line":7,"column":15}},"loc":{"start":{"line":7,"column":59},"end":{"line":9,"column":null}}}},"branchMap":{},"s":{"0":1,"1":1,"2":1,"3":1},"f":{"0":1,"1":1},"b":{}}
,"D:\\progects\\startups\\sorokchat\\cryptography\\src\\node\\signing\\hmac.service.ts": {"path":"D:\\progects\\startups\\sorokchat\\cryptography\\src\\node\\signing\\hmac.service.ts","statementMap":{"0":{"start":{"line":4,"column":13},"end":{"line":4,"column":null}},"1":{"start":{"line":2,"column":44},"end":{"line":2,"column":null}},"2":{"start":{"line":8,"column":4},"end":{"line":8,"column":null}},"3":{"start":{"line":12,"column":4},"end":{"line":14,"column":null}},"4":{"start":{"line":22,"column":4},"end":{"line":30,"column":null}},"5":{"start":{"line":23,"column":23},"end":{"line":23,"column":null}},"6":{"start":{"line":24,"column":6},"end":{"line":26,"column":null}},"7":{"start":{"line":29,"column":6},"end":{"line":29,"column":null}}},"fnMap":{"0":{"name":"(anonymous_1)","decl":{"start":{"line":7,"column":2},"end":{"line":7,"column":14}},"loc":{"start":{"line":7,"column":44},"end":{"line":9,"column":null}}},"1":{"name":"(anonymous_2)","decl":{"start":{"line":11,"column":2},"end":{"line":11,"column":15}},"loc":{"start":{"line":11,"column":67},"end":{"line":15,"column":null}}},"2":{"name":"(anonymous_3)","decl":{"start":{"line":17,"column":2},"end":{"line":17,"column":15}},"loc":{"start":{"line":21,"column":22},"end":{"line":31,"column":null}}}},"branchMap":{"0":{"loc":{"start":{"line":7,"column":14},"end":{"line":7,"column":42}},"type":"default-arg","locations":[{"start":{"line":7,"column":34},"end":{"line":7,"column":42}}]}},"s":{"0":3,"1":1,"2":3,"3":3,"4":2,"5":2,"6":2,"7":1},"f":{"0":3,"1":3,"2":2},"b":{"0":[3]}}
}
