TN:
SF:src\browser\delivering\ecdh.service.ts
FN:11,(anonymous_1)
FN:13,(anonymous_2)
FN:31,(anonymous_3)
FNF:3
FNH:3
FNDA:16,(anonymous_1)
FNDA:19,(anonymous_2)
FNDA:9,(anonymous_3)
DA:1,1
DA:8,16
DA:9,1
DA:11,16
DA:14,19
DA:16,19
DA:17,9
DA:18,9
DA:19,9
DA:20,9
DA:21,9
DA:23,10
DA:25,19
DA:35,9
DA:36,2
DA:38,7
DA:39,1
DA:41,6
DA:42,6
DA:43,6
DA:44,6
DA:45,6
LF:22
LH:22
BRDA:16,0,0,9
BRDA:16,0,1,10
BRDA:35,1,0,2
BRDA:35,1,1,7
BRDA:38,2,0,1
BRDA:38,2,1,6
BRF:6
BRH:6
end_of_record
TN:
SF:src\browser\encryption\symmetric\aes.service.ts
FN:9,(anonymous_1)
FN:33,(anonymous_2)
FN:59,(anonymous_3)
FN:87,(anonymous_4)
FN:89,(anonymous_5)
FN:93,(anonymous_6)
FNF:6
FNH:6
FNDA:2,(anonymous_1)
FNDA:1,(anonymous_2)
FNDA:3,(anonymous_3)
FNDA:1,(anonymous_4)
FNDA:16,(anonymous_5)
FNDA:6,(anonymous_6)
DA:3,3
DA:4,1
DA:5,1
DA:6,1
DA:7,1
DA:14,2
DA:15,1
DA:16,1
DA:23,1
DA:24,1
DA:25,1
DA:30,1
DA:38,1
DA:39,1
DA:40,1
DA:41,1
DA:42,1
DA:49,1
DA:55,1
DA:56,1
DA:63,3
DA:64,3
DA:66,3
DA:74,3
DA:84,2
DA:88,1
DA:89,16
DA:94,6
DA:95,6
DA:96,6
DA:97,58
DA:99,6
LF:32
LH:32
BRF:0
BRH:0
end_of_record
TN:
SF:src\browser\hashing\sha256.service.ts
FN:4,(anonymous_1)
FN:10,(anonymous_2)
FNF:2
FNH:2
FNDA:10,(anonymous_1)
FNDA:320,(anonymous_2)
DA:3,17
DA:5,10
DA:6,10
DA:7,10
DA:8,10
DA:9,10
DA:10,320
LF:7
LH:7
BRF:0
BRH:0
end_of_record
TN:
SF:src\browser\keys\derivation\hkdf.service.ts
FN:9,(anonymous_1)
FN:42,(anonymous_2)
FNF:2
FNH:2
FNDA:12,(anonymous_1)
FNDA:336,(anonymous_2)
DA:6,8
DA:7,8
DA:10,12
DA:11,12
DA:12,11
DA:13,11
DA:14,11
DA:15,11
DA:16,11
DA:21,11
DA:22,11
DA:29,11
DA:40,11
DA:41,11
DA:42,336
LF:15
LH:15
BRDA:10,0,0,12
BRDA:11,1,0,1
BRDA:11,1,1,11
BRDA:14,2,0,10
BRDA:14,2,1,1
BRDA:15,3,0,10
BRDA:15,3,1,1
BRDA:21,4,0,11
BRDA:21,4,1,11
BRF:9
BRH:9
end_of_record
TN:
SF:src\browser\keys\generation\symmetric\aes-key-generation.service.ts
FN:4,(anonymous_1)
FN:6,(anonymous_2)
FN:10,(anonymous_3)
FNF:3
FNH:3
FNDA:1,(anonymous_1)
FNDA:1,(anonymous_2)
FNDA:32,(anonymous_3)
DA:3,1
DA:4,1
DA:7,1
DA:8,1
DA:9,1
DA:10,32
LF:6
LH:6
BRF:0
BRH:0
end_of_record
TN:
SF:src\browser\signing\hmac.service.ts
FN:6,(anonymous_1)
FN:18,(anonymous_2)
FN:30,(anonymous_3)
FN:39,(anonymous_4)
FN:41,(anonymous_5)
FNF:5
FNH:5
FNDA:3,(anonymous_1)
FNDA:3,(anonymous_2)
FNDA:2,(anonymous_3)
FNDA:3,(anonymous_4)
FNDA:96,(anonymous_5)
DA:3,3
DA:4,3
DA:7,3
DA:8,3
DA:9,3
DA:19,3
DA:20,3
DA:21,3
DA:22,3
DA:27,3
DA:35,2
DA:36,2
DA:40,3
DA:41,96
LF:14
LH:14
BRF:0
BRH:0
end_of_record
TN:
SF:src\common\tree\binary\binary-tree.abstract.ts
FN:12,(anonymous_3)
FNF:1
FNH:1
FNDA:73,(anonymous_3)
DA:1,538
DA:11,1
DA:12,73
LF:3
LH:3
BRF:0
BRH:0
end_of_record
TN:
SF:src\common\tree\binary\left-balanced-tree.ts
FN:6,(anonymous_1)
FN:11,(anonymous_2)
FN:16,(anonymous_3)
FN:18,(anonymous_4)
FN:24,(anonymous_5)
FN:26,(anonymous_6)
FN:35,(anonymous_7)
FN:37,(anonymous_8)
FN:52,(anonymous_9)
FN:56,(anonymous_10)
FN:62,(anonymous_11)
FN:65,(anonymous_12)
FN:71,(anonymous_13)
FN:74,(anonymous_14)
FN:80,(anonymous_15)
FN:82,(anonymous_16)
FN:86,(anonymous_17)
FN:110,(anonymous_18)
FN:117,(anonymous_19)
FN:121,(anonymous_20)
FN:125,(anonymous_21)
FN:126,(anonymous_22)
FN:129,(anonymous_23)
FN:133,(anonymous_24)
FN:138,(anonymous_25)
FN:146,(anonymous_26)
FN:161,(anonymous_27)
FN:190,(anonymous_28)
FN:196,(anonymous_29)
FN:207,(anonymous_30)
FNF:30
FNH:30
FNDA:73,(anonymous_1)
FNDA:127,(anonymous_2)
FNDA:2,(anonymous_3)
FNDA:2,(anonymous_4)
FNDA:2,(anonymous_5)
FNDA:2,(anonymous_6)
FNDA:13,(anonymous_7)
FNDA:22,(anonymous_8)
FNDA:11,(anonymous_9)
FNDA:6,(anonymous_10)
FNDA:16,(anonymous_11)
FNDA:24,(anonymous_12)
FNDA:13,(anonymous_13)
FNDA:18,(anonymous_14)
FNDA:11,(anonymous_15)
FNDA:18,(anonymous_16)
FNDA:28,(anonymous_17)
FNDA:4,(anonymous_18)
FNDA:26,(anonymous_19)
FNDA:5,(anonymous_20)
FNDA:6,(anonymous_21)
FNDA:15,(anonymous_22)
FNDA:27,(anonymous_23)
FNDA:4,(anonymous_24)
FNDA:8,(anonymous_25)
FNDA:136,(anonymous_26)
FNDA:18,(anonymous_27)
FNDA:38,(anonymous_28)
FNDA:2,(anonymous_29)
FNDA:152,(anonymous_30)
DA:1,1
DA:3,66
DA:7,73
DA:8,73
DA:12,127
DA:13,127
DA:17,2
DA:18,2
DA:20,2
DA:21,1
DA:25,2
DA:26,2
DA:28,2
DA:29,1
DA:30,1
DA:31,1
DA:32,1
DA:36,13
DA:37,22
DA:39,13
DA:40,11
DA:41,11
DA:42,8
DA:43,8
DA:44,8
DA:45,8
DA:47,3
DA:49,11
DA:53,11
DA:54,8
DA:55,3
DA:56,6
DA:58,3
DA:59,2
DA:63,16
DA:64,13
DA:66,24
DA:72,13
DA:73,10
DA:75,18
DA:81,11
DA:82,18
DA:87,28
DA:88,18
DA:89,18
DA:90,31
DA:91,31
DA:92,31
DA:97,5
DA:99,26
DA:104,3
DA:107,10
DA:111,4
DA:112,4
DA:113,9
DA:118,26
DA:122,5
DA:126,15
DA:130,27
DA:134,4
DA:135,4
DA:139,8
DA:140,8
DA:141,19
DA:143,8
DA:147,136
DA:148,93
DA:149,93
DA:153,32
DA:154,32
DA:156,61
DA:162,18
DA:163,18
DA:164,24
DA:165,24
DA:166,24
DA:167,24
DA:172,5
DA:174,24
DA:179,1
DA:181,24
DA:182,6
DA:183,6
DA:185,18
DA:191,38
DA:192,38
DA:193,38
DA:197,2
DA:198,2
DA:199,2
DA:200,2
DA:201,3
DA:202,3
DA:204,2
DA:208,152
LF:95
LH:95
BRDA:20,0,0,1
BRDA:20,0,1,1
BRDA:28,1,0,1
BRDA:28,1,1,1
BRDA:39,2,0,2
BRDA:39,2,1,11
BRDA:41,3,0,8
BRDA:41,3,1,3
BRDA:53,4,0,3
BRDA:53,4,1,8
BRDA:54,5,0,5
BRDA:54,5,1,3
BRDA:58,6,0,1
BRDA:58,6,1,2
BRDA:63,7,0,3
BRDA:63,7,1,13
BRDA:66,8,0,1
BRDA:66,8,1,23
BRDA:72,9,0,3
BRDA:72,9,1,10
BRDA:75,10,0,13
BRDA:75,10,1,5
BRDA:87,11,0,10
BRDA:87,11,1,18
BRDA:92,12,0,5
BRDA:92,12,1,26
BRDA:93,13,0,31
BRDA:93,13,1,31
BRDA:99,14,0,3
BRDA:99,14,1,23
BRDA:100,15,0,26
BRDA:100,15,1,23
BRDA:149,16,0,32
BRDA:149,16,1,61
BRDA:167,17,0,5
BRDA:167,17,1,19
BRDA:168,18,0,24
BRDA:168,18,1,17
BRDA:174,19,0,1
BRDA:174,19,1,23
BRDA:175,20,0,24
BRDA:175,20,1,13
BRDA:181,21,0,6
BRDA:181,21,1,18
BRDA:208,22,0,4
BRDA:208,22,1,148
BRDA:208,23,0,152
BRDA:208,23,1,4
BRF:48
BRH:48
end_of_record
TN:
SF:src\node\delivering\ecdh.service.ts
FN:11,(anonymous_2)
FN:13,(anonymous_3)
FN:34,(anonymous_4)
FNF:3
FNH:3
FNDA:16,(anonymous_2)
FNDA:19,(anonymous_3)
FNDA:9,(anonymous_4)
DA:1,1
DA:8,16
DA:9,1
DA:11,16
DA:14,19
DA:15,19
DA:16,9
DA:17,9
DA:20,9
DA:21,9
DA:22,9
DA:24,10
DA:26,19
DA:27,19
DA:28,19
DA:38,9
DA:39,2
DA:41,7
DA:42,1
DA:44,6
DA:45,6
DA:46,6
DA:47,6
LF:23
LH:23
BRDA:15,0,0,9
BRDA:15,0,1,10
BRDA:38,1,0,2
BRDA:38,1,1,7
BRDA:41,2,0,1
BRDA:41,2,1,6
BRF:6
BRH:6
end_of_record
TN:
SF:src\node\encryption\symmetric\aes.service.ts
FN:10,(anonymous_2)
FN:27,(anonymous_3)
FN:45,(anonymous_4)
FN:46,(anonymous_5)
FN:53,(anonymous_6)
FNF:5
FNH:5
FNDA:2,(anonymous_2)
FNDA:1,(anonymous_3)
FNDA:3,(anonymous_4)
FNDA:3,(anonymous_5)
FNDA:3,(anonymous_6)
DA:2,1
DA:4,3
DA:5,1
DA:6,1
DA:7,1
DA:8,1
DA:15,2
DA:16,2
DA:17,2
DA:18,1
DA:23,1
DA:24,1
DA:25,1
DA:32,1
DA:33,1
DA:34,1
DA:35,1
DA:40,1
DA:41,1
DA:42,1
DA:46,3
DA:47,3
DA:54,3
DA:55,2
LF:24
LH:24
BRDA:54,0,0,1
BRDA:54,0,1,2
BRF:2
BRH:2
end_of_record
TN:
SF:src\node\hashing\sha256.service.ts
FN:5,(anonymous_2)
FNF:1
FNH:1
FNDA:10,(anonymous_2)
DA:2,2
DA:4,17
DA:6,10
LF:3
LH:3
BRF:0
BRH:0
end_of_record
TN:
SF:src\node\keys\derivation\hkdf.service.ts
FN:10,(anonymous_2)
FNF:1
FNH:1
FNDA:12,(anonymous_2)
DA:5,1
DA:7,8
DA:8,8
DA:11,12
DA:12,12
DA:13,12
DA:14,12
DA:15,12
DA:22,11
LF:9
LH:9
BRDA:11,0,0,12
BRDA:13,1,0,11
BRDA:13,1,1,1
BRDA:14,2,0,11
BRDA:14,2,1,1
BRF:5
BRH:5
end_of_record
TN:
SF:src\node\keys\generation\symmetric\aes-random-key-generation.service.ts
FN:5,(anonymous_2)
FN:7,(anonymous_3)
FNF:2
FNH:2
FNDA:1,(anonymous_2)
FNDA:1,(anonymous_3)
DA:2,1
DA:4,1
DA:5,1
DA:8,1
LF:4
LH:4
BRF:0
BRH:0
end_of_record
TN:
SF:src\node\signing\hmac.service.ts
FN:7,(anonymous_1)
FN:11,(anonymous_2)
FN:17,(anonymous_3)
FNF:3
FNH:3
FNDA:3,(anonymous_1)
FNDA:3,(anonymous_2)
FNDA:2,(anonymous_3)
DA:2,1
DA:4,3
DA:8,3
DA:12,3
DA:22,2
DA:23,2
DA:24,2
DA:29,1
LF:8
LH:8
BRDA:7,0,0,3
BRF:1
BRH:1
end_of_record
