TN:
SF:src\browser\delivering\ecdh.service.ts
FN:11,(anonymous_1)
FN:13,(anonymous_2)
FN:31,(anonymous_3)
FNF:3
FNH:3
FNDA:16,(anonymous_1)
FNDA:19,(anonymous_2)
FNDA:9,(anonymous_3)
DA:1,1
DA:8,16
DA:9,1
DA:11,16
DA:14,19
DA:16,19
DA:17,9
DA:18,9
DA:19,9
DA:20,9
DA:21,9
DA:23,10
DA:25,19
DA:35,9
DA:36,2
DA:38,7
DA:39,1
DA:41,6
DA:42,6
DA:43,6
DA:44,6
DA:45,6
LF:22
LH:22
BRDA:16,0,0,9
BRDA:16,0,1,10
BRDA:35,1,0,2
BRDA:35,1,1,7
BRDA:38,2,0,1
BRDA:38,2,1,6
BRF:6
BRH:6
end_of_record
TN:
SF:src\browser\encryption\symmetric\aes.service.ts
FN:9,(anonymous_1)
FN:33,(anonymous_2)
FN:59,(anonymous_3)
FN:87,(anonymous_4)
FN:89,(anonymous_5)
FN:93,(anonymous_6)
FNF:6
FNH:6
FNDA:2,(anonymous_1)
FNDA:1,(anonymous_2)
FNDA:3,(anonymous_3)
FNDA:1,(anonymous_4)
FNDA:16,(anonymous_5)
FNDA:6,(anonymous_6)
DA:3,3
DA:4,1
DA:5,1
DA:6,1
DA:7,1
DA:14,2
DA:15,1
DA:16,1
DA:23,1
DA:24,1
DA:25,1
DA:30,1
DA:38,1
DA:39,1
DA:40,1
DA:41,1
DA:42,1
DA:49,1
DA:55,1
DA:56,1
DA:63,3
DA:64,3
DA:66,3
DA:74,3
DA:84,2
DA:88,1
DA:89,16
DA:94,6
DA:95,6
DA:96,6
DA:97,58
DA:99,6
LF:32
LH:32
BRF:0
BRH:0
end_of_record
TN:
SF:src\browser\hashing\index.ts
FNF:0
FNH:0
DA:1,16
LF:1
LH:1
BRF:0
BRH:0
end_of_record
TN:
SF:src\browser\hashing\sha256.service.ts
FN:4,(anonymous_1)
FN:10,(anonymous_2)
FNF:2
FNH:2
FNDA:10,(anonymous_1)
FNDA:320,(anonymous_2)
DA:3,17
DA:5,10
DA:6,10
DA:7,10
DA:8,10
DA:9,10
DA:10,320
LF:7
LH:7
BRF:0
BRH:0
end_of_record
TN:
SF:src\browser\keys\derivation\hkdf.service.ts
FN:9,(anonymous_1)
FN:42,(anonymous_2)
FNF:2
FNH:2
FNDA:12,(anonymous_1)
FNDA:336,(anonymous_2)
DA:6,8
DA:7,8
DA:10,12
DA:11,12
DA:12,11
DA:13,11
DA:14,11
DA:15,11
DA:16,11
DA:21,11
DA:22,11
DA:29,11
DA:40,11
DA:41,11
DA:42,336
LF:15
LH:15
BRDA:10,0,0,12
BRDA:11,1,0,1
BRDA:11,1,1,11
BRDA:14,2,0,10
BRDA:14,2,1,1
BRDA:15,3,0,10
BRDA:15,3,1,1
BRDA:21,4,0,11
BRDA:21,4,1,11
BRF:9
BRH:9
end_of_record
TN:
SF:src\browser\keys\generation\symmetric\aes-key-generation.service.ts
FN:4,(anonymous_1)
FN:6,(anonymous_2)
FN:10,(anonymous_3)
FNF:3
FNH:3
FNDA:1,(anonymous_1)
FNDA:1,(anonymous_2)
FNDA:32,(anonymous_3)
DA:3,1
DA:4,1
DA:7,1
DA:8,1
DA:9,1
DA:10,32
LF:6
LH:6
BRF:0
BRH:0
end_of_record
TN:
SF:src\browser\signing\hmac.service.ts
FN:6,(anonymous_1)
FN:18,(anonymous_2)
FN:30,(anonymous_3)
FN:39,(anonymous_4)
FN:41,(anonymous_5)
FNF:5
FNH:5
FNDA:3,(anonymous_1)
FNDA:3,(anonymous_2)
FNDA:2,(anonymous_3)
FNDA:3,(anonymous_4)
FNDA:96,(anonymous_5)
DA:3,3
DA:4,3
DA:7,3
DA:8,3
DA:9,3
DA:19,3
DA:20,3
DA:21,3
DA:22,3
DA:27,3
DA:35,2
DA:36,2
DA:40,3
DA:41,96
LF:14
LH:14
BRF:0
BRH:0
end_of_record
TN:
SF:src\common\index.ts
FNF:0
FNH:0
DA:4,2
DA:5,12
DA:9,2
DA:10,12
DA:11,12
DA:15,0
DA:16,12
DA:17,12
DA:22,2
DA:23,2
DA:24,12
LF:11
LH:10
BRF:0
BRH:0
end_of_record
TN:
SF:src\common\delivering\index.ts
FNF:0
FNH:0
DA:3,12
LF:1
LH:1
BRF:0
BRH:0
end_of_record
TN:
SF:src\common\delivering\tests.ts
FN:4,runEcdhTests
FN:8,(anonymous_2)
FN:15,(anonymous_3)
FN:19,(anonymous_4)
FN:20,(anonymous_5)
FN:27,(anonymous_6)
FN:34,(anonymous_7)
FN:50,(anonymous_8)
FN:62,(anonymous_9)
FN:65,(anonymous_10)
FN:69,(anonymous_11)
FN:75,(anonymous_12)
FN:82,(anonymous_13)
FN:97,(anonymous_14)
FN:112,(anonymous_15)
FN:123,(anonymous_16)
FNF:16
FNH:16
FNDA:2,runEcdhTests
FNDA:2,(anonymous_2)
FNDA:20,(anonymous_3)
FNDA:2,(anonymous_4)
FNDA:2,(anonymous_5)
FNDA:2,(anonymous_6)
FNDA:2,(anonymous_7)
FNDA:2,(anonymous_8)
FNDA:2,(anonymous_9)
FNDA:12,(anonymous_10)
FNDA:2,(anonymous_11)
FNDA:2,(anonymous_12)
FNDA:2,(anonymous_13)
FNDA:2,(anonymous_14)
FNDA:2,(anonymous_15)
FNDA:2,(anonymous_16)
DA:1,12
DA:4,2
DA:8,2
DA:10,2
DA:11,2
DA:12,2
DA:13,2
DA:15,2
DA:16,20
DA:19,2
DA:20,2
DA:21,2
DA:22,2
DA:23,2
DA:24,2
DA:27,2
DA:28,2
DA:29,2
DA:30,2
DA:31,2
DA:34,2
DA:35,2
DA:36,2
DA:37,2
DA:38,2
DA:39,2
DA:43,2
DA:47,2
DA:48,2
DA:50,2
DA:51,2
DA:52,2
DA:53,2
DA:54,2
DA:55,2
DA:56,2
DA:57,2
DA:58,2
DA:62,2
DA:65,2
DA:66,12
DA:69,2
DA:70,2
DA:71,2
DA:72,2
DA:75,2
DA:76,2
DA:77,2
DA:78,2
DA:79,2
DA:82,2
DA:83,2
DA:84,2
DA:85,2
DA:89,2
DA:93,2
DA:94,2
DA:97,2
DA:98,2
DA:99,2
DA:100,2
DA:101,2
DA:105,2
DA:109,2
DA:112,2
DA:113,2
DA:114,2
DA:115,2
DA:118,2
DA:123,2
DA:124,2
DA:125,2
DA:126,2
LF:73
LH:73
BRF:0
BRH:0
end_of_record
TN:
SF:src\common\encryption\index.ts
FNF:0
FNH:0
DA:2,12
DA:3,12
LF:2
LH:2
BRF:0
BRH:0
end_of_record
TN:
SF:src\common\encryption\tests.ts
FN:5,runAesTests
FN:9,(anonymous_3)
FN:19,(anonymous_4)
FN:24,(anonymous_5)
FN:29,(anonymous_6)
FN:34,(anonymous_7)
FN:41,(anonymous_8)
FNF:7
FNH:7
FNDA:2,runAesTests
FNDA:2,(anonymous_3)
FNDA:6,(anonymous_4)
FNDA:2,(anonymous_5)
FNDA:2,(anonymous_6)
FNDA:2,(anonymous_7)
FNDA:1,(anonymous_8)
DA:1,12
DA:3,12
DA:5,2
DA:9,2
DA:11,2
DA:12,2
DA:13,2
DA:14,2
DA:19,2
DA:20,6
DA:21,6
DA:24,2
DA:25,2
DA:26,2
DA:29,2
DA:30,2
DA:31,2
DA:34,2
DA:35,2
DA:36,2
DA:37,2
DA:38,2
DA:42,1
DA:45,2
LF:24
LH:24
BRF:0
BRH:0
end_of_record
TN:
SF:src\common\hashing\index.ts
FNF:0
FNH:0
DA:2,12
LF:1
LH:1
BRF:0
BRH:0
end_of_record
TN:
SF:src\common\hashing\tests.ts
FN:4,runSha256Tests
FN:8,(anonymous_2)
FN:10,(anonymous_3)
FN:13,(anonymous_4)
FNF:4
FNH:4
FNDA:2,runSha256Tests
FNDA:2,(anonymous_2)
FNDA:2,(anonymous_3)
FNDA:2,(anonymous_4)
DA:2,12
DA:4,2
DA:8,2
DA:10,2
DA:11,2
DA:13,2
DA:14,2
DA:16,2
DA:17,2
DA:18,2
LF:10
LH:10
BRF:0
BRH:0
end_of_record
TN:
SF:src\common\keys\index.ts
FNF:0
FNH:0
DA:1,12
DA:5,2
DA:6,12
LF:3
LH:3
BRF:0
BRH:0
end_of_record
TN:
SF:src\common\keys\derivation\index.ts
FNF:0
FNH:0
DA:3,12
LF:1
LH:1
BRF:0
BRH:0
end_of_record
TN:
SF:src\common\keys\derivation\tests.ts
FN:7,runHkdfTests
FN:11,(anonymous_2)
FN:14,(anonymous_3)
FN:18,(anonymous_4)
FN:31,(anonymous_5)
FN:42,(anonymous_6)
FN:52,(anonymous_7)
FN:64,(anonymous_8)
FN:81,(anonymous_9)
FN:98,(anonymous_10)
FN:115,(anonymous_11)
FNF:11
FNH:11
FNDA:2,runHkdfTests
FNDA:2,(anonymous_2)
FNDA:16,(anonymous_3)
FNDA:2,(anonymous_4)
FNDA:2,(anonymous_5)
FNDA:2,(anonymous_6)
FNDA:2,(anonymous_7)
FNDA:2,(anonymous_8)
FNDA:2,(anonymous_9)
FNDA:2,(anonymous_10)
FNDA:2,(anonymous_11)
DA:1,12
DA:7,2
DA:11,2
DA:14,2
DA:15,16
DA:18,2
DA:19,2
DA:20,2
DA:26,2
DA:27,2
DA:28,2
DA:31,2
DA:32,2
DA:38,2
DA:39,2
DA:42,2
DA:43,2
DA:49,2
DA:52,2
DA:53,2
DA:59,2
DA:60,2
DA:61,2
DA:64,2
DA:65,2
DA:70,2
DA:74,2
DA:78,2
DA:81,2
DA:82,2
DA:87,2
DA:91,2
DA:95,2
DA:98,2
DA:99,2
DA:104,2
DA:108,2
DA:112,2
DA:115,2
DA:116,2
DA:120,2
DA:121,2
DA:122,2
LF:43
LH:43
BRF:0
BRH:0
end_of_record
TN:
SF:src\common\keys\generation\index.ts
FNF:0
FNH:0
DA:1,12
LF:1
LH:1
BRF:0
BRH:0
end_of_record
TN:
SF:src\common\keys\generation\symmetric\index.ts
FNF:0
FNH:0
DA:2,12
LF:1
LH:1
BRF:0
BRH:0
end_of_record
TN:
SF:src\common\keys\generation\symmetric\tests.ts
FN:4,runKeyGenerationTests
FN:8,(anonymous_2)
FN:9,(anonymous_3)
FN:10,(anonymous_4)
FNF:4
FNH:4
FNDA:2,runKeyGenerationTests
FNDA:2,(anonymous_2)
FNDA:2,(anonymous_3)
FNDA:2,(anonymous_4)
DA:2,12
DA:4,2
DA:8,2
DA:9,2
DA:10,2
DA:11,2
DA:12,2
DA:13,2
DA:14,2
DA:15,2
DA:16,2
LF:11
LH:11
BRF:0
BRH:0
end_of_record
TN:
SF:src\common\signing\index.ts
FNF:0
FNH:0
DA:2,12
LF:1
LH:1
BRF:0
BRH:0
end_of_record
TN:
SF:src\common\signing\tests.ts
FN:3,runHmacTests
FN:7,(anonymous_2)
FN:12,(anonymous_3)
FN:16,(anonymous_4)
FN:21,(anonymous_5)
FN:26,(anonymous_6)
FNF:6
FNH:6
FNDA:2,runHmacTests
FNDA:2,(anonymous_2)
FNDA:6,(anonymous_3)
FNDA:2,(anonymous_4)
FNDA:2,(anonymous_5)
FNDA:2,(anonymous_6)
DA:1,12
DA:3,2
DA:7,2
DA:9,2
DA:10,2
DA:11,2
DA:12,2
DA:13,6
DA:16,2
DA:17,2
DA:18,2
DA:21,2
DA:22,2
DA:23,2
DA:26,2
DA:27,2
DA:28,2
LF:17
LH:17
BRF:0
BRH:0
end_of_record
TN:
SF:src\common\tree\index.ts
FNF:0
FNH:0
DA:4,0
DA:5,12
LF:2
LH:1
BRF:0
BRH:0
end_of_record
TN:
SF:src\common\tree\binary\index.ts
FNF:0
FNH:0
DA:3,12
LF:1
LH:1
BRF:0
BRH:0
end_of_record
TN:
SF:src\common\tree\binary\left-balanced-binary-tree.ts
FN:15,(anonymous_1)
FN:19,(anonymous_2)
FN:24,(anonymous_3)
FN:33,(anonymous_4)
FN:37,(anonymous_5)
FN:41,(anonymous_6)
FN:51,(anonymous_7)
FN:64,(anonymous_8)
FN:68,(anonymous_9)
FN:75,(anonymous_10)
FN:79,(anonymous_11)
FN:83,(anonymous_12)
FN:87,(anonymous_13)
FN:100,(anonymous_14)
FN:127,(anonymous_15)
FN:133,(anonymous_16)
FN:137,(anonymous_17)
FN:178,(anonymous_18)
FN:182,(anonymous_19)
FN:186,(anonymous_20)
FN:190,(anonymous_21)
FN:194,(anonymous_22)
FN:203,(anonymous_23)
FN:205,(anonymous_24)
FN:209,(anonymous_25)
FN:222,(anonymous_26)
FN:232,(anonymous_27)
FN:242,(anonymous_28)
FN:252,(anonymous_29)
FN:262,(anonymous_30)
FN:273,(anonymous_31)
FN:284,(anonymous_32)
FN:295,(anonymous_33)
FNF:33
FNH:33
FNDA:16,(anonymous_1)
FNDA:8,(anonymous_2)
FNDA:8,(anonymous_3)
FNDA:3,(anonymous_4)
FNDA:14,(anonymous_5)
FNDA:3,(anonymous_6)
FNDA:1,(anonymous_7)
FNDA:2,(anonymous_8)
FNDA:1,(anonymous_9)
FNDA:21,(anonymous_10)
FNDA:1,(anonymous_11)
FNDA:1,(anonymous_12)
FNDA:4,(anonymous_13)
FNDA:9,(anonymous_14)
FNDA:2,(anonymous_15)
FNDA:44,(anonymous_16)
FNDA:257,(anonymous_17)
FNDA:11,(anonymous_18)
FNDA:128,(anonymous_19)
FNDA:4,(anonymous_20)
FNDA:1,(anonymous_21)
FNDA:4,(anonymous_22)
FNDA:15,(anonymous_23)
FNDA:92,(anonymous_24)
FNDA:2,(anonymous_25)
FNDA:72,(anonymous_26)
FNDA:267,(anonymous_27)
FNDA:15,(anonymous_28)
FNDA:15,(anonymous_29)
FNDA:53511,(anonymous_30)
FNDA:10750,(anonymous_31)
FNDA:91,(anonymous_32)
FNDA:77,(anonymous_33)
DA:10,51
DA:11,52
DA:12,52
DA:13,52
DA:16,16
DA:20,8
DA:21,7
DA:25,8
DA:26,8
DA:27,8
DA:28,8
DA:29,6
DA:30,5
DA:34,3
DA:38,14
DA:42,3
DA:43,3
DA:44,3
DA:45,9
DA:46,9
DA:48,3
DA:55,1
DA:56,1
DA:57,1
DA:58,1
DA:59,2
DA:61,0
DA:65,2
DA:72,1
DA:76,21
DA:80,1
DA:84,1
DA:88,4
DA:89,4
DA:90,4
DA:91,4
DA:96,4
DA:97,4
DA:101,9
DA:102,9
DA:104,8
DA:105,1
DA:110,7
DA:111,7
DA:112,6
DA:113,3
DA:114,3
DA:115,3
DA:117,6
DA:118,3
DA:121,1
DA:124,7
DA:128,2
DA:129,2
DA:130,1
DA:134,44
DA:138,257
DA:139,29
DA:140,29
DA:141,29
DA:142,29
DA:145,228
DA:146,228
DA:147,2816
DA:148,2816
DA:149,118
DA:155,118
DA:156,118
DA:157,118
DA:158,118
DA:160,2698
DA:161,110
DA:167,110
DA:168,110
DA:169,110
DA:170,110
DA:172,2588
DA:173,2588
DA:175,0
DA:179,11
DA:183,128
DA:187,4
DA:191,1
DA:192,1
DA:193,1
DA:194,1
DA:195,4
DA:197,1
DA:198,4
DA:200,1
DA:204,15
DA:205,92
DA:206,15
DA:210,2
DA:211,2
DA:212,2
DA:213,10
DA:214,10
DA:215,10
DA:217,10
DA:218,10
DA:219,10
DA:226,72
DA:227,49
DA:228,36
DA:229,36
DA:236,267
DA:237,123
DA:238,123
DA:239,123
DA:246,15
DA:247,7
DA:248,7
DA:249,7
DA:256,15
DA:257,7
DA:258,7
DA:259,7
DA:263,53511
DA:264,21439
DA:274,10750
DA:275,5311
DA:276,5311
DA:277,5311
DA:278,5311
DA:285,91
DA:286,42
DA:299,77
DA:300,36
DA:306,36
DA:307,36
DA:308,36
DA:309,36
DA:310,36
DA:311,36
LF:135
LH:133
BRDA:20,0,0,1
BRDA:20,0,1,7
BRDA:29,1,0,1
BRDA:29,1,1,5
BRDA:29,2,0,6
BRDA:29,2,1,6
BRDA:29,2,2,6
BRDA:30,3,0,5
BRDA:30,3,1,0
BRDA:34,4,0,3
BRDA:34,4,1,2
BRDA:46,5,0,9
BRDA:46,5,1,3
BRDA:59,6,0,1
BRDA:59,6,1,1
BRDA:65,7,0,2
BRDA:65,7,1,1
BRDA:102,8,0,1
BRDA:102,8,1,8
BRDA:104,9,0,1
BRDA:104,9,1,7
BRDA:111,10,0,6
BRDA:111,10,1,1
BRDA:112,11,0,3
BRDA:112,11,1,3
BRDA:114,12,0,3
BRDA:114,12,1,0
BRDA:117,13,0,3
BRDA:117,13,1,3
BRDA:117,14,0,6
BRDA:117,14,1,3
BRDA:129,15,0,1
BRDA:129,15,1,1
BRDA:138,16,0,29
BRDA:138,16,1,228
BRDA:148,17,0,118
BRDA:148,17,1,2698
BRDA:160,18,0,110
BRDA:160,18,1,2588
BRDA:192,19,0,0
BRDA:192,19,1,1
BRDA:212,20,0,12
BRDA:212,20,1,7
BRDA:215,21,0,10
BRDA:215,21,1,6
BRDA:219,22,0,10
BRDA:219,22,1,6
BRDA:226,23,0,23
BRDA:226,23,1,49
BRDA:227,24,0,13
BRDA:227,24,1,36
BRDA:229,25,0,36
BRDA:229,25,1,22
BRDA:236,26,0,144
BRDA:236,26,1,123
BRDA:246,27,0,8
BRDA:246,27,1,7
BRDA:256,28,0,8
BRDA:256,28,1,7
BRDA:263,29,0,32072
BRDA:263,29,1,21439
BRDA:274,30,0,5439
BRDA:274,30,1,5311
BRDA:277,31,0,0
BRDA:277,31,1,5311
BRDA:279,32,0,5311
BRDA:279,32,1,5311
BRDA:285,33,0,49
BRDA:285,33,1,42
BRDA:299,34,0,41
BRDA:299,34,1,36
BRDA:306,35,0,36
BRDA:306,35,1,20
BRDA:307,36,0,36
BRDA:307,36,1,21
BRDA:308,37,0,16
BRDA:308,37,1,20
BRDA:309,38,0,15
BRDA:309,38,1,21
BRF:79
BRH:75
end_of_record
TN:
SF:src\node\delivering\ecdh.service.ts
FN:11,(anonymous_2)
FN:13,(anonymous_3)
FN:34,(anonymous_4)
FNF:3
FNH:3
FNDA:16,(anonymous_2)
FNDA:19,(anonymous_3)
FNDA:9,(anonymous_4)
DA:1,1
DA:8,16
DA:9,1
DA:11,16
DA:14,19
DA:15,19
DA:16,9
DA:17,9
DA:20,9
DA:21,9
DA:22,9
DA:24,10
DA:26,19
DA:27,19
DA:28,19
DA:38,9
DA:39,2
DA:41,7
DA:42,1
DA:44,6
DA:45,6
DA:46,6
DA:47,6
LF:23
LH:23
BRDA:15,0,0,9
BRDA:15,0,1,10
BRDA:38,1,0,2
BRDA:38,1,1,7
BRDA:41,2,0,1
BRDA:41,2,1,6
BRF:6
BRH:6
end_of_record
TN:
SF:src\node\encryption\symmetric\aes.service.ts
FN:10,(anonymous_2)
FN:27,(anonymous_3)
FN:45,(anonymous_4)
FN:46,(anonymous_5)
FN:53,(anonymous_6)
FNF:5
FNH:5
FNDA:2,(anonymous_2)
FNDA:1,(anonymous_3)
FNDA:3,(anonymous_4)
FNDA:3,(anonymous_5)
FNDA:3,(anonymous_6)
DA:2,1
DA:4,3
DA:5,1
DA:6,1
DA:7,1
DA:8,1
DA:15,2
DA:16,2
DA:17,2
DA:18,1
DA:23,1
DA:24,1
DA:25,1
DA:32,1
DA:33,1
DA:34,1
DA:35,1
DA:40,1
DA:41,1
DA:42,1
DA:46,3
DA:47,3
DA:54,3
DA:55,2
LF:24
LH:24
BRDA:54,0,0,1
BRDA:54,0,1,2
BRF:2
BRH:2
end_of_record
TN:
SF:src\node\hashing\index.ts
FNF:0
FNH:0
DA:1,16
LF:1
LH:1
BRF:0
BRH:0
end_of_record
TN:
SF:src\node\hashing\sha256.service.ts
FN:5,(anonymous_2)
FNF:1
FNH:1
FNDA:10,(anonymous_2)
DA:2,2
DA:4,17
DA:6,10
LF:3
LH:3
BRF:0
BRH:0
end_of_record
TN:
SF:src\node\keys\derivation\hkdf.service.ts
FN:10,(anonymous_2)
FNF:1
FNH:1
FNDA:12,(anonymous_2)
DA:5,1
DA:7,8
DA:8,8
DA:11,12
DA:12,12
DA:13,12
DA:14,12
DA:15,12
DA:22,11
LF:9
LH:9
BRDA:11,0,0,12
BRDA:13,1,0,11
BRDA:13,1,1,1
BRDA:14,2,0,11
BRDA:14,2,1,1
BRF:5
BRH:5
end_of_record
TN:
SF:src\node\keys\generation\symmetric\aes-random-key-generation.service.ts
FN:5,(anonymous_2)
FN:7,(anonymous_3)
FNF:2
FNH:2
FNDA:1,(anonymous_2)
FNDA:1,(anonymous_3)
DA:2,1
DA:4,1
DA:5,1
DA:8,1
LF:4
LH:4
BRF:0
BRH:0
end_of_record
TN:
SF:src\node\signing\hmac.service.ts
FN:7,(anonymous_1)
FN:11,(anonymous_2)
FN:17,(anonymous_3)
FNF:3
FNH:3
FNDA:3,(anonymous_1)
FNDA:3,(anonymous_2)
FNDA:2,(anonymous_3)
DA:2,1
DA:4,3
DA:8,3
DA:12,3
DA:22,2
DA:23,2
DA:24,2
DA:29,1
LF:8
LH:8
BRDA:7,0,0,3
BRF:1
BRH:1
end_of_record
